May-05 11:47:33.244 [main] DEBUG nextflow.cli.Launcher - $> nextflow -c ./nextflow.config -log cybertron_singularity_interactive_nextflow.log run main.nf -entry rnaseq_count -profile cybertron_singularity -with-report cybertron_singularity_interactive_2022-05-05.html -with-dag cybertron_singularity_interactive_2022-05-05_dag.pdf -cache TRUE -resume
May-05 11:47:33.357 [main] INFO  nextflow.cli.CmdRun - N E X T F L O W  ~  version 22.04.0
May-05 11:47:33.390 [main] DEBUG nextflow.config.ConfigBuilder - Found config local: /active/taylor_s/people/jsmi26/RPDEV/rnaseq_count_nf/nextflow.config
May-05 11:47:33.394 [main] DEBUG nextflow.config.ConfigBuilder - User config file: /active/taylor_s/people/jsmi26/RPDEV/rnaseq_count_nf/./nextflow.config
May-05 11:47:33.394 [main] DEBUG nextflow.config.ConfigBuilder - Parsing config file: /active/taylor_s/people/jsmi26/RPDEV/rnaseq_count_nf/nextflow.config
May-05 11:47:33.395 [main] DEBUG nextflow.config.ConfigBuilder - Parsing config file: /active/taylor_s/people/jsmi26/RPDEV/rnaseq_count_nf/nextflow.config
May-05 11:47:33.427 [main] DEBUG nextflow.config.ConfigBuilder - Applying config profile: `cybertron_singularity`
May-05 11:47:34.266 [main] DEBUG nextflow.config.ConfigBuilder - Applying config profile: `cybertron_singularity`
May-05 11:47:34.281 [main] DEBUG nextflow.config.ConfigBuilder - Available config profiles: [PBS_singularity, local_docker, cybertron_singularity]
May-05 11:47:34.335 [main] INFO  nextflow.cli.CmdRun - Launching `main.nf` [silly_gautier] DSL2 - revision: 09de1235ef
May-05 11:47:34.349 [main] DEBUG nextflow.plugin.PluginsFacade - Setting up plugin manager > mode=prod; plugins-dir=/home/jsmi26/.nextflow/plugins; core-plugins: nf-amazon@1.7.1,nf-azure@0.13.1,nf-console@1.0.3,nf-ga4gh@1.0.3,nf-google@1.1.4,nf-sqldb@0.4.0,nf-tower@1.4.0
May-05 11:47:34.351 [main] DEBUG nextflow.plugin.PluginsFacade - Plugins default=[]
May-05 11:47:34.366 [main] INFO  org.pf4j.DefaultPluginStatusProvider - Enabled plugins: []
May-05 11:47:34.368 [main] INFO  org.pf4j.DefaultPluginStatusProvider - Disabled plugins: []
May-05 11:47:34.372 [main] INFO  org.pf4j.DefaultPluginManager - PF4J version 3.4.1 in 'deployment' mode
May-05 11:47:34.383 [main] INFO  org.pf4j.AbstractPluginManager - No plugins
May-05 11:47:34.471 [main] DEBUG nextflow.Session - Session uuid: c31a2160-2766-41e0-8ad4-2dc5cc542041
May-05 11:47:34.471 [main] DEBUG nextflow.Session - Run name: silly_gautier
May-05 11:47:34.472 [main] DEBUG nextflow.Session - Executor pool size: 28
May-05 11:47:34.513 [main] DEBUG nextflow.cli.CmdRun - 
  Version: 22.04.0 build 5697
  Created: 23-04-2022 18:00 UTC (11:00 PDT)
  System: Linux 3.10.0-1160.62.1.el7.x86_64
  Runtime: Groovy 3.0.10 on OpenJDK 64-Bit Server VM 11.0.9.1-internal+0-adhoc..src
  Encoding: UTF-8 (UTF-8)
  Process: 28324@pplhpc1cn020.childrens.sea.kids [172.31.192.70]
  CPUs: 28 - Mem: 503.6 GB (330.8 GB) - Swap: 4 GB (4 GB)
May-05 11:47:34.551 [main] DEBUG nextflow.Session - Work-dir: /home/jsmi26/temp [gpfs]
May-05 11:47:34.551 [main] DEBUG nextflow.Session - Script base path does not exist or is not a directory: /active/taylor_s/people/jsmi26/RPDEV/rnaseq_count_nf/bin
May-05 11:47:34.560 [main] DEBUG nextflow.executor.ExecutorFactory - Extension executors providers=[]
May-05 11:47:34.569 [main] DEBUG nextflow.Session - Observer factory: DefaultObserverFactory
May-05 11:47:34.602 [main] DEBUG nextflow.cache.CacheFactory - Using Nextflow cache factory: nextflow.cache.DefaultCacheFactory
May-05 11:47:34.614 [main] DEBUG nextflow.util.CustomThreadPool - Creating default thread pool > poolSize: 29; maxThreads: 1000
May-05 11:47:34.764 [main] DEBUG nextflow.Session - Session start invoked
May-05 11:47:35.013 [main] DEBUG nextflow.script.ScriptRunner - > Launching execution
May-05 11:47:35.584 [main] INFO  nextflow.script.BaseScript - Project : /active/taylor_s/people/jsmi26/RPDEV/rnaseq_count_nf
May-05 11:47:35.585 [main] INFO  nextflow.script.BaseScript - Project workDir: /home/jsmi26/temp
May-05 11:47:35.586 [main] INFO  nextflow.script.BaseScript - Cmd line: nextflow -c ./nextflow.config -log cybertron_singularity_interactive_nextflow.log run main.nf -entry rnaseq_count -profile cybertron_singularity -with-report cybertron_singularity_interactive_2022-05-05.html -with-dag cybertron_singularity_interactive_2022-05-05_dag.pdf -cache TRUE -resume
May-05 11:47:35.586 [main] INFO  nextflow.script.BaseScript - Container Engine: singularity
May-05 11:47:35.700 [main] DEBUG nextflow.script.ProcessConfig - Config settings `withName:STAR_ALIGN` matches process rnaseq_count:STAR_ALIGN
May-05 11:47:35.708 [main] DEBUG nextflow.executor.ExecutorFactory - << taskConfig executor: local
May-05 11:47:35.708 [main] DEBUG nextflow.executor.ExecutorFactory - >> processorType: 'local'
May-05 11:47:35.713 [main] DEBUG nextflow.executor.Executor - [warm up] executor > local
May-05 11:47:35.718 [main] DEBUG n.processor.LocalPollingMonitor - Creating local task monitor for executor 'local' > cpus=28; memory=503.6 GB; capacity=28; pollInterval=100ms; dumpInterval=5m
May-05 11:47:35.791 [main] DEBUG nextflow.Session - Workflow process names [dsl2]: FASTQC, STAR_GENOMEGENERATE, STAR_ALIGN, rnaseq_count:STAR_ALIGN
May-05 11:47:35.792 [main] DEBUG nextflow.Session - Ignite dataflow network (4)
May-05 11:47:35.798 [main] DEBUG nextflow.processor.TaskProcessor - Starting process > rnaseq_count:STAR_ALIGN
May-05 11:47:35.799 [main] DEBUG nextflow.script.ScriptRunner - > Await termination 
May-05 11:47:35.800 [main] DEBUG nextflow.Session - Session await
May-05 11:47:35.932 [Actor Thread 14] DEBUG nextflow.container.SingularityCache - Singularity found local store for image=https://depot.galaxyproject.org/singularity/star:2.7.9a--h9ee0642_0; path=/home/jsmi26/temp/depot.galaxyproject.org-singularity-star-2.7.9a--h9ee0642_0.img
May-05 11:47:36.028 [Task submitter] DEBUG nextflow.executor.LocalTaskHandler - Launch cmd line: /bin/bash -ue .command.run
May-05 11:47:36.033 [Task submitter] INFO  nextflow.Session - [99/d26636] Submitted process > rnaseq_count:STAR_ALIGN (Sample_ID_001)
May-05 11:49:27.615 [Task monitor] DEBUG n.processor.TaskPollingMonitor - Task completed > TaskHandler[id: 1; name: rnaseq_count:STAR_ALIGN (Sample_ID_001); status: COMPLETED; exit: 0; error: -; workDir: /home/jsmi26/temp/99/d26636c62a8c290f336655293fccfe]
May-05 11:49:27.745 [Task monitor] DEBUG nextflow.processor.TaskProcessor - Process rnaseq_count:STAR_ALIGN > Skipping output binding because one or more optional files are missing: fileoutparam<5:1>
May-05 11:49:27.745 [Task monitor] DEBUG nextflow.processor.TaskProcessor - Process rnaseq_count:STAR_ALIGN > Skipping output binding because one or more optional files are missing: fileoutparam<6:1>
May-05 11:49:27.745 [Task monitor] DEBUG nextflow.processor.TaskProcessor - Process rnaseq_count:STAR_ALIGN > Skipping output binding because one or more optional files are missing: fileoutparam<7:1>
May-05 11:49:27.745 [Task monitor] DEBUG nextflow.processor.TaskProcessor - Process rnaseq_count:STAR_ALIGN > Skipping output binding because one or more optional files are missing: fileoutparam<8:1>
May-05 11:49:27.745 [Task monitor] DEBUG nextflow.processor.TaskProcessor - Process rnaseq_count:STAR_ALIGN > Skipping output binding because one or more optional files are missing: fileoutparam<10:1>
May-05 11:49:27.745 [Task monitor] DEBUG nextflow.processor.TaskProcessor - Process rnaseq_count:STAR_ALIGN > Skipping output binding because one or more optional files are missing: fileoutparam<11:1>
May-05 11:49:27.758 [Task monitor] DEBUG nextflow.util.ThreadPoolBuilder - Creating thread pool 'FileTransfer' minSize=4; maxSize=4; workQueue=LinkedBlockingQueue[10000]; allowCoreThreadTimeout=false
May-05 11:49:27.768 [main] DEBUG nextflow.Session - Session await > all process finished
May-05 11:49:27.773 [main] DEBUG nextflow.Session - Session await > all barriers passed
May-05 11:49:27.777 [main] INFO  nextflow.script.BaseScript - Pipeline completed at: 2022-05-05T11:49:27.773864-07:00
May-05 11:49:27.780 [main] INFO  nextflow.script.BaseScript - Execution status: OK
May-05 11:49:27.788 [main] DEBUG nextflow.trace.WorkflowStatsObserver - Workflow completed > WorkflowStats[succeededCount=1; failedCount=0; ignoredCount=0; cachedCount=0; pendingCount=0; submittedCount=0; runningCount=0; retriesCount=0; abortedCount=0; succeedDuration=7m 24s; failedDuration=0ms; cachedDuration=0ms;loadCpus=0; loadMemory=0; peakRunning=1; peakCpus=4; peakMemory=32 GB; ]
May-05 11:49:27.788 [main] DEBUG nextflow.trace.ReportObserver - Flow completing -- rendering html report
May-05 11:49:27.816 [main] DEBUG nextflow.trace.ReportObserver - Execution report summary data:
  [{"cpuUsage":{"mean":25.05,"min":25.05,"q1":25.05,"q2":25.05,"q3":25.05,"max":25.05,"minLabel":"rnaseq_count:STAR_ALIGN (Sample_ID_001)","maxLabel":"rnaseq_count:STAR_ALIGN (Sample_ID_001)","q1Label":"rnaseq_count:STAR_ALIGN (Sample_ID_001)","q2Label":"rnaseq_count:STAR_ALIGN (Sample_ID_001)","q3Label":"rnaseq_count:STAR_ALIGN (Sample_ID_001)"},"process":"STAR_ALIGN","mem":{"mean":34024763392,"min":34024763392,"q1":34024763392,"q2":34024763392,"q3":34024763392,"max":34024763392,"minLabel":"rnaseq_count:STAR_ALIGN (Sample_ID_001)","maxLabel":"rnaseq_count:STAR_ALIGN (Sample_ID_001)","q1Label":"rnaseq_count:STAR_ALIGN (Sample_ID_001)","q2Label":"rnaseq_count:STAR_ALIGN (Sample_ID_001)","q3Label":"rnaseq_count:STAR_ALIGN (Sample_ID_001)"},"memUsage":{"mean":99.03,"min":99.03,"q1":99.03,"q2":99.03,"q3":99.03,"max":99.03,"minLabel":"rnaseq_count:STAR_ALIGN (Sample_ID_001)","maxLabel":"rnaseq_count:STAR_ALIGN (Sample_ID_001)","q1Label":"rnaseq_count:STAR_ALIGN (Sample_ID_001)","q2Label":"rnaseq_count:STAR_ALIGN (Sample_ID_001)","q3Label":"rnaseq_count:STAR_ALIGN (Sample_ID_001)"},"timeUsage":null,"vmem":{"mean":34688634880,"min":34688634880,"q1":34688634880,"q2":34688634880,"q3":34688634880,"max":34688634880,"minLabel":"rnaseq_count:STAR_ALIGN (Sample_ID_001)","maxLabel":"rnaseq_count:STAR_ALIGN (Sample_ID_001)","q1Label":"rnaseq_count:STAR_ALIGN (Sample_ID_001)","q2Label":"rnaseq_count:STAR_ALIGN (Sample_ID_001)","q3Label":"rnaseq_count:STAR_ALIGN (Sample_ID_001)"},"reads":{"mean":31842599262,"min":31842599262,"q1":31842599262,"q2":31842599262,"q3":31842599262,"max":31842599262,"minLabel":"rnaseq_count:STAR_ALIGN (Sample_ID_001)","maxLabel":"rnaseq_count:STAR_ALIGN (Sample_ID_001)","q1Label":"rnaseq_count:STAR_ALIGN (Sample_ID_001)","q2Label":"rnaseq_count:STAR_ALIGN (Sample_ID_001)","q3Label":"rnaseq_count:STAR_ALIGN (Sample_ID_001)"},"cpu":{"mean":100.2,"min":100.2,"q1":100.2,"q2":100.2,"q3":100.2,"max":100.2,"minLabel":"rnaseq_count:STAR_ALIGN (Sample_ID_001)","maxLabel":"rnaseq_count:STAR_ALIGN (Sample_ID_001)","q1Label":"rnaseq_count:STAR_ALIGN (Sample_ID_001)","q2Label":"rnaseq_count:STAR_ALIGN (Sample_ID_001)","q3Label":"rnaseq_count:STAR_ALIGN (Sample_ID_001)"},"time":{"mean":111000,"min":111000,"q1":111000,"q2":111000,"q3":111000,"max":111000,"minLabel":"rnaseq_count:STAR_ALIGN (Sample_ID_001)","maxLabel":"rnaseq_count:STAR_ALIGN (Sample_ID_001)","q1Label":"rnaseq_count:STAR_ALIGN (Sample_ID_001)","q2Label":"rnaseq_count:STAR_ALIGN (Sample_ID_001)","q3Label":"rnaseq_count:STAR_ALIGN (Sample_ID_001)"},"writes":{"mean":98342614,"min":98342614,"q1":98342614,"q2":98342614,"q3":98342614,"max":98342614,"minLabel":"rnaseq_count:STAR_ALIGN (Sample_ID_001)","maxLabel":"rnaseq_count:STAR_ALIGN (Sample_ID_001)","q1Label":"rnaseq_count:STAR_ALIGN (Sample_ID_001)","q2Label":"rnaseq_count:STAR_ALIGN (Sample_ID_001)","q3Label":"rnaseq_count:STAR_ALIGN (Sample_ID_001)"}}]
May-05 11:49:30.150 [main] DEBUG nextflow.cache.CacheDB - Closing CacheDB done
May-05 11:49:30.169 [main] DEBUG nextflow.script.ScriptRunner - > Execution complete -- Goodbye
