May-05 15:29:49.735 [main] DEBUG nextflow.cli.Launcher - $> nextflow -c ./nextflow.config -log cybertron_PBS_singularity_nextflow.log run main.nf -entry rnaseq_count -profile PBS_singularity -with-report cybertron_PBS_singularity_2022-05-05.html -with-dag cybertron_PBS_singularity_2022-05-05_dag.pdf -cache TRUE -resume
May-05 15:29:49.828 [main] INFO  nextflow.cli.CmdRun - N E X T F L O W  ~  version 22.04.0
May-05 15:29:49.846 [main] DEBUG nextflow.config.ConfigBuilder - Found config local: /active/taylor_s/people/jsmi26/RPDEV/rnaseq_count_nf/nextflow.config
May-05 15:29:49.848 [main] DEBUG nextflow.config.ConfigBuilder - User config file: /active/taylor_s/people/jsmi26/RPDEV/rnaseq_count_nf/./nextflow.config
May-05 15:29:49.848 [main] DEBUG nextflow.config.ConfigBuilder - Parsing config file: /active/taylor_s/people/jsmi26/RPDEV/rnaseq_count_nf/nextflow.config
May-05 15:29:49.849 [main] DEBUG nextflow.config.ConfigBuilder - Parsing config file: /active/taylor_s/people/jsmi26/RPDEV/rnaseq_count_nf/nextflow.config
May-05 15:29:49.870 [main] DEBUG nextflow.config.ConfigBuilder - Applying config profile: `PBS_singularity`
May-05 15:29:50.548 [main] DEBUG nextflow.config.ConfigBuilder - Applying config profile: `PBS_singularity`
May-05 15:29:50.559 [main] DEBUG nextflow.config.ConfigBuilder - Available config profiles: [PBS_singularity, local_docker, cybertron_singularity]
May-05 15:29:50.605 [main] INFO  nextflow.cli.CmdRun - Launching `main.nf` [backstabbing_austin] DSL2 - revision: 038ed0a511
May-05 15:29:50.617 [main] DEBUG nextflow.plugin.PluginsFacade - Setting up plugin manager > mode=prod; plugins-dir=/home/jsmi26/.nextflow/plugins; core-plugins: nf-amazon@1.7.1,nf-azure@0.13.1,nf-console@1.0.3,nf-ga4gh@1.0.3,nf-google@1.1.4,nf-sqldb@0.4.0,nf-tower@1.4.0
May-05 15:29:50.618 [main] DEBUG nextflow.plugin.PluginsFacade - Plugins default=[]
May-05 15:29:50.634 [main] INFO  org.pf4j.DefaultPluginStatusProvider - Enabled plugins: []
May-05 15:29:50.635 [main] INFO  org.pf4j.DefaultPluginStatusProvider - Disabled plugins: []
May-05 15:29:50.640 [main] INFO  org.pf4j.DefaultPluginManager - PF4J version 3.4.1 in 'deployment' mode
May-05 15:29:50.650 [main] INFO  org.pf4j.AbstractPluginManager - No plugins
May-05 15:29:50.727 [main] DEBUG nextflow.Session - Session uuid: 38e60696-c602-4a26-8acd-f93c1fd1c991
May-05 15:29:50.728 [main] DEBUG nextflow.Session - Run name: backstabbing_austin
May-05 15:29:50.730 [main] DEBUG nextflow.Session - Executor pool size: 28
May-05 15:29:50.767 [main] DEBUG nextflow.cli.CmdRun - 
  Version: 22.04.0 build 5697
  Created: 23-04-2022 18:00 UTC (11:00 PDT)
  System: Linux 3.10.0-1160.62.1.el7.x86_64
  Runtime: Groovy 3.0.10 on OpenJDK 64-Bit Server VM 11.0.9.1-internal+0-adhoc..src
  Encoding: UTF-8 (UTF-8)
  Process: 18635@pplhpc1ln1.childrens.sea.kids [172.31.192.33]
  CPUs: 28 - Mem: 125.5 GB (71.1 GB) - Swap: 4 GB (4 GB)
May-05 15:29:50.808 [main] DEBUG nextflow.Session - Work-dir: /home/jsmi26/temp [gpfs]
May-05 15:29:50.823 [main] DEBUG nextflow.executor.ExecutorFactory - Extension executors providers=[]
May-05 15:29:50.833 [main] DEBUG nextflow.Session - Observer factory: DefaultObserverFactory
May-05 15:29:50.866 [main] DEBUG nextflow.cache.CacheFactory - Using Nextflow cache factory: nextflow.cache.DefaultCacheFactory
May-05 15:29:50.877 [main] DEBUG nextflow.util.CustomThreadPool - Creating default thread pool > poolSize: 29; maxThreads: 1000
May-05 15:29:51.040 [main] DEBUG nextflow.Session - Session start invoked
May-05 15:29:51.326 [main] DEBUG nextflow.script.ScriptRunner - > Launching execution
May-05 15:29:51.882 [main] INFO  nextflow.script.BaseScript - Project : /active/taylor_s/people/jsmi26/RPDEV/rnaseq_count_nf
May-05 15:29:51.882 [main] INFO  nextflow.script.BaseScript - Project workDir: /home/jsmi26/temp
May-05 15:29:51.883 [main] INFO  nextflow.script.BaseScript - Container Engine: singularity
May-05 15:29:51.979 [main] DEBUG nextflow.script.ProcessConfig - Config settings `withName:FASTQC` matches process rnaseq_count:FASTQC
May-05 15:29:51.986 [main] DEBUG nextflow.executor.ExecutorFactory - << taskConfig executor: pbspro
May-05 15:29:51.986 [main] DEBUG nextflow.executor.ExecutorFactory - >> processorType: 'pbspro'
May-05 15:29:51.995 [main] DEBUG nextflow.executor.Executor - [warm up] executor > pbspro
May-05 15:29:52.002 [main] DEBUG n.processor.TaskPollingMonitor - Creating task monitor for executor 'pbspro' > capacity: 100; pollInterval: 5s; dumpInterval: 5m 
May-05 15:29:52.005 [main] DEBUG n.executor.AbstractGridExecutor - Creating executor 'pbspro' > queue-stat-interval: 1m
May-05 15:29:52.086 [main] DEBUG nextflow.script.ProcessConfig - Config settings `withName:STAR_ALIGN` matches process rnaseq_count:STAR_ALIGN
May-05 15:29:52.088 [main] DEBUG nextflow.executor.ExecutorFactory - << taskConfig executor: pbspro
May-05 15:29:52.088 [main] DEBUG nextflow.executor.ExecutorFactory - >> processorType: 'pbspro'
May-05 15:29:52.096 [main] DEBUG nextflow.Session - Workflow process names [dsl2]: FASTQC, rnaseq_count:FASTQC, STAR_GENOMEGENERATE, STAR_ALIGN, rnaseq_count:STAR_ALIGN
May-05 15:29:52.098 [main] DEBUG nextflow.Session - Ignite dataflow network (5)
May-05 15:29:52.103 [main] DEBUG nextflow.processor.TaskProcessor - Starting process > rnaseq_count:FASTQC
May-05 15:29:52.104 [main] DEBUG nextflow.processor.TaskProcessor - Starting process > rnaseq_count:STAR_ALIGN
May-05 15:29:52.106 [main] DEBUG nextflow.script.ScriptRunner - > Await termination 
May-05 15:29:52.106 [main] DEBUG nextflow.Session - Session await
May-05 15:29:52.262 [Actor Thread 19] DEBUG nextflow.container.SingularityCache - Singularity found local store for image=https://depot.galaxyproject.org/singularity/star:2.7.9a--h9ee0642_0; path=/home/jsmi26/singularity/depot.galaxyproject.org-singularity-star-2.7.9a--h9ee0642_0.img
May-05 15:29:52.263 [Actor Thread 20] DEBUG nextflow.container.SingularityCache - Singularity found local store for image=https://depot.galaxyproject.org/singularity/fastqc:0.11.9--0; path=/home/jsmi26/singularity/depot.galaxyproject.org-singularity-fastqc-0.11.9--0.img
May-05 15:29:52.388 [Actor Thread 15] INFO  nextflow.processor.TaskProcessor - [01/286e2c] Cached process > rnaseq_count:FASTQC (Sample_ID_001)
May-05 15:29:52.419 [Actor Thread 15] DEBUG nextflow.util.ThreadPoolBuilder - Creating thread pool 'FileTransfer' minSize=4; maxSize=4; workQueue=LinkedBlockingQueue[10000]; allowCoreThreadTimeout=false
May-05 15:29:52.661 [Task submitter] DEBUG nextflow.executor.GridTaskHandler - [PBSPRO] submitted process rnaseq_count:STAR_ALIGN (Sample_ID_001) > jobId: 98410.pplhpc1hn2.childrens.sea.kids; workDir: /home/jsmi26/temp/f5/5885e96a928834bb743199138d8e5d
May-05 15:29:52.661 [Task submitter] INFO  nextflow.Session - [f5/5885e9] Submitted process > rnaseq_count:STAR_ALIGN (Sample_ID_001)
May-05 15:33:12.032 [Task monitor] DEBUG n.processor.TaskPollingMonitor - Task completed > TaskHandler[jobId: 98410.pplhpc1hn2.childrens.sea.kids; id: 2; name: rnaseq_count:STAR_ALIGN (Sample_ID_001); status: COMPLETED; exit: 0; error: -; workDir: /home/jsmi26/temp/f5/5885e96a928834bb743199138d8e5d started: 1651789797018; exited: 2022-05-05T22:33:08.097081Z; ]
May-05 15:33:12.147 [Task monitor] DEBUG nextflow.processor.TaskProcessor - Process rnaseq_count:STAR_ALIGN > Skipping output binding because one or more optional files are missing: fileoutparam<5:1>
May-05 15:33:12.147 [Task monitor] DEBUG nextflow.processor.TaskProcessor - Process rnaseq_count:STAR_ALIGN > Skipping output binding because one or more optional files are missing: fileoutparam<6:1>
May-05 15:33:12.147 [Task monitor] DEBUG nextflow.processor.TaskProcessor - Process rnaseq_count:STAR_ALIGN > Skipping output binding because one or more optional files are missing: fileoutparam<7:1>
May-05 15:33:12.149 [Task monitor] DEBUG nextflow.processor.TaskProcessor - Process rnaseq_count:STAR_ALIGN > Skipping output binding because one or more optional files are missing: fileoutparam<8:1>
May-05 15:33:12.150 [Task monitor] DEBUG nextflow.processor.TaskProcessor - Process rnaseq_count:STAR_ALIGN > Skipping output binding because one or more optional files are missing: fileoutparam<10:1>
May-05 15:33:12.150 [Task monitor] DEBUG nextflow.processor.TaskProcessor - Process rnaseq_count:STAR_ALIGN > Skipping output binding because one or more optional files are missing: fileoutparam<11:1>
May-05 15:33:12.160 [main] DEBUG nextflow.Session - Session await > all process finished
May-05 15:33:12.163 [main] DEBUG nextflow.Session - Session await > all barriers passed
May-05 15:33:12.168 [main] INFO  nextflow.script.BaseScript - Pipeline completed at: 2022-05-05T15:33:12.164029-07:00
May-05 15:33:12.171 [main] INFO  nextflow.script.BaseScript - Execution status: OK
May-05 15:33:12.246 [main] DEBUG nextflow.trace.WorkflowStatsObserver - Workflow completed > WorkflowStats[succeededCount=1; failedCount=0; ignoredCount=0; cachedCount=1; pendingCount=0; submittedCount=0; runningCount=0; retriesCount=0; abortedCount=0; succeedDuration=12m 52s; failedDuration=0ms; cachedDuration=7s;loadCpus=0; loadMemory=0; peakRunning=1; peakCpus=4; peakMemory=32 GB; ]
May-05 15:33:12.247 [main] DEBUG nextflow.trace.ReportObserver - Flow completing -- rendering html report
May-05 15:33:12.282 [main] DEBUG nextflow.trace.ReportObserver - Execution report summary data:
  [{"cpuUsage":{"mean":156.4,"min":156.4,"q1":156.4,"q2":156.4,"q3":156.4,"max":156.4,"minLabel":"rnaseq_count:FASTQC (Sample_ID_001)","maxLabel":"rnaseq_count:FASTQC (Sample_ID_001)","q1Label":"rnaseq_count:FASTQC (Sample_ID_001)","q2Label":"rnaseq_count:FASTQC (Sample_ID_001)","q3Label":"rnaseq_count:FASTQC (Sample_ID_001)"},"process":"FASTQC","mem":{"mean":401387520,"min":401387520,"q1":401387520,"q2":401387520,"q3":401387520,"max":401387520,"minLabel":"rnaseq_count:FASTQC (Sample_ID_001)","maxLabel":"rnaseq_count:FASTQC (Sample_ID_001)","q1Label":"rnaseq_count:FASTQC (Sample_ID_001)","q2Label":"rnaseq_count:FASTQC (Sample_ID_001)","q3Label":"rnaseq_count:FASTQC (Sample_ID_001)"},"memUsage":{"mean":9.35,"min":9.35,"q1":9.35,"q2":9.35,"q3":9.35,"max":9.35,"minLabel":"rnaseq_count:FASTQC (Sample_ID_001)","maxLabel":"rnaseq_count:FASTQC (Sample_ID_001)","q1Label":"rnaseq_count:FASTQC (Sample_ID_001)","q2Label":"rnaseq_count:FASTQC (Sample_ID_001)","q3Label":"rnaseq_count:FASTQC (Sample_ID_001)"},"timeUsage":null,"vmem":{"mean":3626770432,"min":3626770432,"q1":3626770432,"q2":3626770432,"q3":3626770432,"max":3626770432,"minLabel":"rnaseq_count:FASTQC (Sample_ID_001)","maxLabel":"rnaseq_count:FASTQC (Sample_ID_001)","q1Label":"rnaseq_count:FASTQC (Sample_ID_001)","q2Label":"rnaseq_count:FASTQC (Sample_ID_001)","q3Label":"rnaseq_count:FASTQC (Sample_ID_001)"},"reads":{"mean":23061840,"min":23061840,"q1":23061840,"q2":23061840,"q3":23061840,"max":23061840,"minLabel":"rnaseq_count:FASTQC (Sample_ID_001)","maxLabel":"rnaseq_count:FASTQC (Sample_ID_001)","q1Label":"rnaseq_count:FASTQC (Sample_ID_001)","q2Label":"rnaseq_count:FASTQC (Sample_ID_001)","q3Label":"rnaseq_count:FASTQC (Sample_ID_001)"},"cpu":{"mean":156.4,"min":156.4,"q1":156.4,"q2":156.4,"q3":156.4,"max":156.4,"minLabel":"rnaseq_count:FASTQC (Sample_ID_001)","maxLabel":"rnaseq_count:FASTQC (Sample_ID_001)","q1Label":"rnaseq_count:FASTQC (Sample_ID_001)","q2Label":"rnaseq_count:FASTQC (Sample_ID_001)","q3Label":"rnaseq_count:FASTQC (Sample_ID_001)"},"time":{"mean":7000,"min":7000,"q1":7000,"q2":7000,"q3":7000,"max":7000,"minLabel":"rnaseq_count:FASTQC (Sample_ID_001)","maxLabel":"rnaseq_count:FASTQC (Sample_ID_001)","q1Label":"rnaseq_count:FASTQC (Sample_ID_001)","q2Label":"rnaseq_count:FASTQC (Sample_ID_001)","q3Label":"rnaseq_count:FASTQC (Sample_ID_001)"},"writes":{"mean":5225432,"min":5225432,"q1":5225432,"q2":5225432,"q3":5225432,"max":5225432,"minLabel":"rnaseq_count:FASTQC (Sample_ID_001)","maxLabel":"rnaseq_count:FASTQC (Sample_ID_001)","q1Label":"rnaseq_count:FASTQC (Sample_ID_001)","q2Label":"rnaseq_count:FASTQC (Sample_ID_001)","q3Label":"rnaseq_count:FASTQC (Sample_ID_001)"}},{"cpuUsage":{"mean":25.05,"min":25.05,"q1":25.05,"q2":25.05,"q3":25.05,"max":25.05,"minLabel":"rnaseq_count:STAR_ALIGN (Sample_ID_001)","maxLabel":"rnaseq_count:STAR_ALIGN (Sample_ID_001)","q1Label":"rnaseq_count:STAR_ALIGN (Sample_ID_001)","q2Label":"rnaseq_count:STAR_ALIGN (Sample_ID_001)","q3Label":"rnaseq_count:STAR_ALIGN (Sample_ID_001)"},"process":"STAR_ALIGN","mem":{"mean":36289658880,"min":36289658880,"q1":36289658880,"q2":36289658880,"q3":36289658880,"max":36289658880,"minLabel":"rnaseq_count:STAR_ALIGN (Sample_ID_001)","maxLabel":"rnaseq_count:STAR_ALIGN (Sample_ID_001)","q1Label":"rnaseq_count:STAR_ALIGN (Sample_ID_001)","q2Label":"rnaseq_count:STAR_ALIGN (Sample_ID_001)","q3Label":"rnaseq_count:STAR_ALIGN (Sample_ID_001)"},"memUsage":{"mean":105.62,"min":105.62,"q1":105.62,"q2":105.62,"q3":105.62,"max":105.62,"minLabel":"rnaseq_count:STAR_ALIGN (Sample_ID_001)","maxLabel":"rnaseq_count:STAR_ALIGN (Sample_ID_001)","q1Label":"rnaseq_count:STAR_ALIGN (Sample_ID_001)","q2Label":"rnaseq_count:STAR_ALIGN (Sample_ID_001)","q3Label":"rnaseq_count:STAR_ALIGN (Sample_ID_001)"},"timeUsage":null,"vmem":{"mean":37199319040,"min":37199319040,"q1":37199319040,"q2":37199319040,"q3":37199319040,"max":37199319040,"minLabel":"rnaseq_count:STAR_ALIGN (Sample_ID_001)","maxLabel":"rnaseq_count:STAR_ALIGN (Sample_ID_001)","q1Label":"rnaseq_count:STAR_ALIGN (Sample_ID_001)","q2Label":"rnaseq_count:STAR_ALIGN (Sample_ID_001)","q3Label":"rnaseq_count:STAR_ALIGN (Sample_ID_001)"},"reads":{"mean":31847072010,"min":31847072010,"q1":31847072010,"q2":31847072010,"q3":31847072010,"max":31847072010,"minLabel":"rnaseq_count:STAR_ALIGN (Sample_ID_001)","maxLabel":"rnaseq_count:STAR_ALIGN (Sample_ID_001)","q1Label":"rnaseq_count:STAR_ALIGN (Sample_ID_001)","q2Label":"rnaseq_count:STAR_ALIGN (Sample_ID_001)","q3Label":"rnaseq_count:STAR_ALIGN (Sample_ID_001)"},"cpu":{"mean":100.2,"min":100.2,"q1":100.2,"q2":100.2,"q3":100.2,"max":100.2,"minLabel":"rnaseq_count:STAR_ALIGN (Sample_ID_001)","maxLabel":"rnaseq_count:STAR_ALIGN (Sample_ID_001)","q1Label":"rnaseq_count:STAR_ALIGN (Sample_ID_001)","q2Label":"rnaseq_count:STAR_ALIGN (Sample_ID_001)","q3Label":"rnaseq_count:STAR_ALIGN (Sample_ID_001)"},"time":{"mean":193000,"min":193000,"q1":193000,"q2":193000,"q3":193000,"max":193000,"minLabel":"rnaseq_count:STAR_ALIGN (Sample_ID_001)","maxLabel":"rnaseq_count:STAR_ALIGN (Sample_ID_001)","q1Label":"rnaseq_count:STAR_ALIGN (Sample_ID_001)","q2Label":"rnaseq_count:STAR_ALIGN (Sample_ID_001)","q3Label":"rnaseq_count:STAR_ALIGN (Sample_ID_001)"},"writes":{"mean":115706429,"min":115706429,"q1":115706429,"q2":115706429,"q3":115706429,"max":115706429,"minLabel":"rnaseq_count:STAR_ALIGN (Sample_ID_001)","maxLabel":"rnaseq_count:STAR_ALIGN (Sample_ID_001)","q1Label":"rnaseq_count:STAR_ALIGN (Sample_ID_001)","q2Label":"rnaseq_count:STAR_ALIGN (Sample_ID_001)","q3Label":"rnaseq_count:STAR_ALIGN (Sample_ID_001)"}}]
May-05 15:33:13.487 [main] DEBUG nextflow.cache.CacheDB - Closing CacheDB done
May-05 15:33:13.507 [main] DEBUG nextflow.script.ScriptRunner - > Execution complete -- Goodbye
