May-09 18:08:37.442 [main] DEBUG nextflow.cli.Launcher - $> nextflow -c ./nextflow.config -log reports/kappe_s_multispecies_index_quant_nextflow.log run main.nf -entry rnaseq_count -profile PBS_singularity -with-report reports/kappe_s_multispecies_index_quant_2022-05-09.html -with-dag dag/kappe_s_multispecies_index_quant_2022-05-09_dag.pdf -cache TRUE -resume
May-09 18:08:37.551 [main] INFO  nextflow.cli.CmdRun - N E X T F L O W  ~  version 22.04.0
May-09 18:08:37.580 [main] DEBUG nextflow.config.ConfigBuilder - Found config local: /active/taylor_s/people/jsmi26/RPDEV/rnaseq_count_nf/nextflow.config
May-09 18:08:37.583 [main] DEBUG nextflow.config.ConfigBuilder - User config file: /active/taylor_s/people/jsmi26/RPDEV/rnaseq_count_nf/./nextflow.config
May-09 18:08:37.584 [main] DEBUG nextflow.config.ConfigBuilder - Parsing config file: /active/taylor_s/people/jsmi26/RPDEV/rnaseq_count_nf/nextflow.config
May-09 18:08:37.584 [main] DEBUG nextflow.config.ConfigBuilder - Parsing config file: /active/taylor_s/people/jsmi26/RPDEV/rnaseq_count_nf/nextflow.config
May-09 18:08:37.612 [main] DEBUG nextflow.config.ConfigBuilder - Applying config profile: `PBS_singularity`
May-09 18:08:38.434 [main] DEBUG nextflow.config.ConfigBuilder - Applying config profile: `PBS_singularity`
May-09 18:08:38.448 [main] DEBUG nextflow.config.ConfigBuilder - Available config profiles: [PBS_conda, PBS_singularity, local_docker, cybertron_singularity]
May-09 18:08:38.498 [main] INFO  nextflow.cli.CmdRun - Launching `main.nf` [nasty_solvay] DSL2 - revision: 9c7dd2269e
May-09 18:08:38.511 [main] DEBUG nextflow.plugin.PluginsFacade - Setting up plugin manager > mode=prod; plugins-dir=/home/jsmi26/.nextflow/plugins; core-plugins: nf-amazon@1.7.1,nf-azure@0.13.1,nf-console@1.0.3,nf-ga4gh@1.0.3,nf-google@1.1.4,nf-sqldb@0.4.0,nf-tower@1.4.0
May-09 18:08:38.513 [main] DEBUG nextflow.plugin.PluginsFacade - Plugins default=[]
May-09 18:08:38.531 [main] INFO  org.pf4j.DefaultPluginStatusProvider - Enabled plugins: []
May-09 18:08:38.532 [main] INFO  org.pf4j.DefaultPluginStatusProvider - Disabled plugins: []
May-09 18:08:38.537 [main] INFO  org.pf4j.DefaultPluginManager - PF4J version 3.4.1 in 'deployment' mode
May-09 18:08:38.547 [main] INFO  org.pf4j.AbstractPluginManager - No plugins
May-09 18:08:38.597 [main] DEBUG nextflow.Session - Session uuid: a82e858f-aca4-4db4-9b08-50f95b6b0850
May-09 18:08:38.597 [main] DEBUG nextflow.Session - Run name: nasty_solvay
May-09 18:08:38.597 [main] DEBUG nextflow.Session - Executor pool size: 28
May-09 18:08:38.658 [main] DEBUG nextflow.cli.CmdRun - 
  Version: 22.04.0 build 5697
  Created: 23-04-2022 18:00 UTC (11:00 PDT)
  System: Linux 3.10.0-1160.62.1.el7.x86_64
  Runtime: Groovy 3.0.10 on OpenJDK 64-Bit Server VM 11.0.9.1-internal+0-adhoc..src
  Encoding: UTF-8 (UTF-8)
  Process: 30064@pplhpc1cn020.childrens.sea.kids [172.31.192.70]
  CPUs: 28 - Mem: 503.6 GB (242.9 GB) - Swap: 4 GB (4 GB)
May-09 18:08:38.707 [main] DEBUG nextflow.Session - Work-dir: /home/jsmi26/temp [gpfs]
May-09 18:08:38.724 [main] DEBUG nextflow.executor.ExecutorFactory - Extension executors providers=[]
May-09 18:08:38.735 [main] DEBUG nextflow.Session - Observer factory: DefaultObserverFactory
May-09 18:08:38.770 [main] DEBUG nextflow.cache.CacheFactory - Using Nextflow cache factory: nextflow.cache.DefaultCacheFactory
May-09 18:08:38.782 [main] DEBUG nextflow.util.CustomThreadPool - Creating default thread pool > poolSize: 29; maxThreads: 1000
May-09 18:08:38.978 [main] DEBUG nextflow.Session - Session start invoked
May-09 18:08:39.331 [main] DEBUG nextflow.script.ScriptRunner - > Launching execution
May-09 18:08:40.059 [main] INFO  nextflow.Nextflow - R N A S E Q -  P I P E L I N E
===================================
Project           : /active/taylor_s/people/jsmi26/RPDEV/rnaseq_count_nf
Project workDir   : /home/jsmi26/temp
Container Engine  : singularity
Genome            : /active/taylor_s/people/jsmi26/RPDEV/rnaseq_count_nf/resources/STAR_2.7.9a
Samples           : sample_sheets/kappe_s_PfHsMmu_sample_sheet.txt

May-09 18:08:40.155 [main] DEBUG nextflow.script.ProcessConfig - Config settings `withName:FASTQC` matches process rnaseq_count:FASTQC
May-09 18:08:40.163 [main] DEBUG nextflow.executor.ExecutorFactory - << taskConfig executor: pbspro
May-09 18:08:40.163 [main] DEBUG nextflow.executor.ExecutorFactory - >> processorType: 'pbspro'
May-09 18:08:40.174 [main] DEBUG nextflow.executor.Executor - [warm up] executor > pbspro
May-09 18:08:40.180 [main] DEBUG n.processor.TaskPollingMonitor - Creating task monitor for executor 'pbspro' > capacity: 100; pollInterval: 5s; dumpInterval: 5m 
May-09 18:08:40.184 [main] DEBUG n.executor.AbstractGridExecutor - Creating executor 'pbspro' > queue-stat-interval: 1m
May-09 18:08:40.265 [main] DEBUG nextflow.script.ProcessConfig - Config settings `withName:STAR_ALIGN` matches process rnaseq_count:STAR_ALIGN
May-09 18:08:40.268 [main] DEBUG nextflow.executor.ExecutorFactory - << taskConfig executor: pbspro
May-09 18:08:40.268 [main] DEBUG nextflow.executor.ExecutorFactory - >> processorType: 'pbspro'
May-09 18:08:40.298 [main] DEBUG nextflow.script.ProcessConfig - Config settings `withName:MULTIQC` matches process rnaseq_count:MULTIQC
May-09 18:08:40.300 [main] DEBUG nextflow.executor.ExecutorFactory - << taskConfig executor: pbspro
May-09 18:08:40.300 [main] DEBUG nextflow.executor.ExecutorFactory - >> processorType: 'pbspro'
May-09 18:08:40.303 [main] DEBUG nextflow.Session - Workflow process names [dsl2]: FASTQC, rnaseq_count:FASTQC, MULTIQC, STAR_GENOMEGENERATE, STAR_ALIGN, rnaseq_count:MULTIQC, rnaseq_count:STAR_ALIGN
May-09 18:08:40.304 [main] DEBUG nextflow.Session - Ignite dataflow network (6)
May-09 18:08:40.309 [main] DEBUG nextflow.processor.TaskProcessor - Starting process > rnaseq_count:FASTQC
May-09 18:08:40.311 [main] DEBUG nextflow.processor.TaskProcessor - Starting process > rnaseq_count:STAR_ALIGN
May-09 18:08:40.311 [main] DEBUG nextflow.processor.TaskProcessor - Starting process > rnaseq_count:MULTIQC
May-09 18:08:40.312 [main] DEBUG nextflow.script.ScriptRunner - > Await termination 
May-09 18:08:40.313 [main] DEBUG nextflow.Session - Session await
May-09 18:08:40.485 [Actor Thread 2] DEBUG nextflow.container.SingularityCache - Singularity found local store for image=https://depot.galaxyproject.org/singularity/star:2.7.9a--h9ee0642_0; path=/home/jsmi26/singularity/depot.galaxyproject.org-singularity-star-2.7.9a--h9ee0642_0.img
May-09 18:08:40.485 [Actor Thread 18] DEBUG nextflow.container.SingularityCache - Singularity found local store for image=https://depot.galaxyproject.org/singularity/fastqc:0.11.9--0; path=/home/jsmi26/singularity/depot.galaxyproject.org-singularity-fastqc-0.11.9--0.img
May-09 18:08:40.821 [Task submitter] DEBUG nextflow.executor.GridTaskHandler - [PBSPRO] submitted process rnaseq_count:FASTQC (TR2_L2Pf2_S7) > jobId: 99047.pplhpc1hn2.childrens.sea.kids; workDir: /home/jsmi26/temp/9f/555f6f63836883626858f4f2be08b2
May-09 18:08:40.821 [Task submitter] INFO  nextflow.Session - [9f/555f6f] Submitted process > rnaseq_count:FASTQC (TR2_L2Pf2_S7)
May-09 18:08:41.037 [Task submitter] DEBUG nextflow.executor.GridTaskHandler - [PBSPRO] submitted process rnaseq_count:FASTQC (L3Pf3_S9) > jobId: 99048.pplhpc1hn2.childrens.sea.kids; workDir: /home/jsmi26/temp/1b/7c64f598945f5c9ac58e86aa713078
May-09 18:08:41.037 [Task submitter] INFO  nextflow.Session - [1b/7c64f5] Submitted process > rnaseq_count:FASTQC (L3Pf3_S9)
May-09 18:08:41.245 [Task submitter] DEBUG nextflow.executor.GridTaskHandler - [PBSPRO] submitted process rnaseq_count:FASTQC (L3Pf2_S8) > jobId: 99049.pplhpc1hn2.childrens.sea.kids; workDir: /home/jsmi26/temp/0d/4a1e6a17e917b7829123add1ed19c5
May-09 18:08:41.245 [Task submitter] INFO  nextflow.Session - [0d/4a1e6a] Submitted process > rnaseq_count:FASTQC (L3Pf2_S8)
May-09 18:08:41.466 [Task submitter] DEBUG nextflow.executor.GridTaskHandler - [PBSPRO] submitted process rnaseq_count:FASTQC (L3Pf1_S7) > jobId: 99050.pplhpc1hn2.childrens.sea.kids; workDir: /home/jsmi26/temp/0c/2209ed5bad0ba6c49810a39d539c68
May-09 18:08:41.466 [Task submitter] INFO  nextflow.Session - [0c/2209ed] Submitted process > rnaseq_count:FASTQC (L3Pf1_S7)
May-09 18:08:41.684 [Task submitter] DEBUG nextflow.executor.GridTaskHandler - [PBSPRO] submitted process rnaseq_count:FASTQC (L2Pf4_S4) > jobId: 99051.pplhpc1hn2.childrens.sea.kids; workDir: /home/jsmi26/temp/2d/b458f1aec84caf23ca319a25235dfd
May-09 18:08:41.684 [Task submitter] INFO  nextflow.Session - [2d/b458f1] Submitted process > rnaseq_count:FASTQC (L2Pf4_S4)
May-09 18:08:41.902 [Task submitter] DEBUG nextflow.executor.GridTaskHandler - [PBSPRO] submitted process rnaseq_count:FASTQC (TR2_L1Pf3_S2) > jobId: 99052.pplhpc1hn2.childrens.sea.kids; workDir: /home/jsmi26/temp/54/6ff29dc9a7527fd615eecc70c66afb
May-09 18:08:41.902 [Task submitter] INFO  nextflow.Session - [54/6ff29d] Submitted process > rnaseq_count:FASTQC (TR2_L1Pf3_S2)
May-09 18:08:42.113 [Task submitter] DEBUG nextflow.executor.GridTaskHandler - [PBSPRO] submitted process rnaseq_count:FASTQC (TR2_L2Pf3_S8) > jobId: 99053.pplhpc1hn2.childrens.sea.kids; workDir: /home/jsmi26/temp/5b/5925dc3852f21469d673b31236e96f
May-09 18:08:42.114 [Task submitter] INFO  nextflow.Session - [5b/5925dc] Submitted process > rnaseq_count:FASTQC (TR2_L2Pf3_S8)
May-09 18:08:42.308 [Task submitter] DEBUG nextflow.executor.GridTaskHandler - [PBSPRO] submitted process rnaseq_count:FASTQC (L3Pf3_S4) > jobId: 99054.pplhpc1hn2.childrens.sea.kids; workDir: /home/jsmi26/temp/0e/8164e824380e03ae59bf68acf3d0c4
May-09 18:08:42.308 [Task submitter] INFO  nextflow.Session - [0e/8164e8] Submitted process > rnaseq_count:FASTQC (L3Pf3_S4)
May-09 18:08:42.506 [Task submitter] DEBUG nextflow.executor.GridTaskHandler - [PBSPRO] submitted process rnaseq_count:FASTQC (Day4.NoGFP_L1Pf3) > jobId: 99055.pplhpc1hn2.childrens.sea.kids; workDir: /home/jsmi26/temp/81/fd7785989cfd6b3bab841bd4031ca9
May-09 18:08:42.507 [Task submitter] INFO  nextflow.Session - [81/fd7785] Submitted process > rnaseq_count:FASTQC (Day4.NoGFP_L1Pf3)
May-09 18:08:42.744 [Task submitter] DEBUG nextflow.executor.GridTaskHandler - [PBSPRO] submitted process rnaseq_count:FASTQC (L3Pf4_S5) > jobId: 99056.pplhpc1hn2.childrens.sea.kids; workDir: /home/jsmi26/temp/e3/41b331090638d5554e6fcaa579ada8
May-09 18:08:42.744 [Task submitter] INFO  nextflow.Session - [e3/41b331] Submitted process > rnaseq_count:FASTQC (L3Pf4_S5)
May-09 18:08:42.952 [Task submitter] DEBUG nextflow.executor.GridTaskHandler - [PBSPRO] submitted process rnaseq_count:FASTQC (L3Pf2Mix_S3) > jobId: 99057.pplhpc1hn2.childrens.sea.kids; workDir: /home/jsmi26/temp/a7/e40165de17555a7be5db506f4297f3
May-09 18:08:42.953 [Task submitter] INFO  nextflow.Session - [a7/e40165] Submitted process > rnaseq_count:FASTQC (L3Pf2Mix_S3)
May-09 18:08:43.399 [Task submitter] DEBUG nextflow.executor.GridTaskHandler - [PBSPRO] submitted process rnaseq_count:FASTQC (L3Pf4_S10) > jobId: 99058.pplhpc1hn2.childrens.sea.kids; workDir: /home/jsmi26/temp/40/f47029aeacb1cc49d948186eca4298
May-09 18:08:43.399 [Task submitter] INFO  nextflow.Session - [40/f47029] Submitted process > rnaseq_count:FASTQC (L3Pf4_S10)
May-09 18:08:43.600 [Task submitter] DEBUG nextflow.executor.GridTaskHandler - [PBSPRO] submitted process rnaseq_count:FASTQC (Day4.GFP_L1Pf4) > jobId: 99059.pplhpc1hn2.childrens.sea.kids; workDir: /home/jsmi26/temp/af/9953486018009b634043bca77b31f1
May-09 18:08:43.600 [Task submitter] INFO  nextflow.Session - [af/995348] Submitted process > rnaseq_count:FASTQC (Day4.GFP_L1Pf4)
May-09 18:08:43.867 [Task submitter] DEBUG nextflow.executor.GridTaskHandler - [PBSPRO] submitted process rnaseq_count:FASTQC (TR2_L2Pf4_S9) > jobId: 99060.pplhpc1hn2.childrens.sea.kids; workDir: /home/jsmi26/temp/d1/7ea59bef43596a4b2c5cb386908001
May-09 18:08:43.867 [Task submitter] INFO  nextflow.Session - [d1/7ea59b] Submitted process > rnaseq_count:FASTQC (TR2_L2Pf4_S9)
May-09 18:08:44.047 [Task submitter] DEBUG nextflow.executor.GridTaskHandler - [PBSPRO] submitted process rnaseq_count:FASTQC (L2Pf3_S3) > jobId: 99061.pplhpc1hn2.childrens.sea.kids; workDir: /home/jsmi26/temp/f9/6cf7fdc06e5d9bafe5b5cefbb19d74
May-09 18:08:44.048 [Task submitter] INFO  nextflow.Session - [f9/6cf7fd] Submitted process > rnaseq_count:FASTQC (L2Pf3_S3)
May-09 18:08:44.259 [Task submitter] DEBUG nextflow.executor.GridTaskHandler - [PBSPRO] submitted process rnaseq_count:FASTQC (L3Pf2_S2) > jobId: 99062.pplhpc1hn2.childrens.sea.kids; workDir: /home/jsmi26/temp/c4/34cc9ff012f1dc1f9fb5660fafda2a
May-09 18:08:44.259 [Task submitter] INFO  nextflow.Session - [c4/34cc9f] Submitted process > rnaseq_count:FASTQC (L3Pf2_S2)
May-09 18:08:44.477 [Task submitter] DEBUG nextflow.executor.GridTaskHandler - [PBSPRO] submitted process rnaseq_count:FASTQC (Day2.NoGFP_L1Pf1) > jobId: 99063.pplhpc1hn2.childrens.sea.kids; workDir: /home/jsmi26/temp/10/4615a44c1dc090b3cc5a6f552696ad
May-09 18:08:44.477 [Task submitter] INFO  nextflow.Session - [10/4615a4] Submitted process > rnaseq_count:FASTQC (Day2.NoGFP_L1Pf1)
May-09 18:08:44.666 [Task submitter] DEBUG nextflow.executor.GridTaskHandler - [PBSPRO] submitted process rnaseq_count:FASTQC (L2Pf5_S5) > jobId: 99064.pplhpc1hn2.childrens.sea.kids; workDir: /home/jsmi26/temp/03/18ffca796c37b35db75074b792b911
May-09 18:08:44.667 [Task submitter] INFO  nextflow.Session - [03/18ffca] Submitted process > rnaseq_count:FASTQC (L2Pf5_S5)
May-09 18:08:44.968 [Task submitter] DEBUG nextflow.executor.GridTaskHandler - [PBSPRO] submitted process rnaseq_count:FASTQC (L1Pf9_S13) > jobId: 99065.pplhpc1hn2.childrens.sea.kids; workDir: /home/jsmi26/temp/ed/87f3a616e6c02f845fc68f8443fb26
May-09 18:08:44.968 [Task submitter] INFO  nextflow.Session - [ed/87f3a6] Submitted process > rnaseq_count:FASTQC (L1Pf9_S13)
May-09 18:08:45.200 [Task submitter] DEBUG nextflow.executor.GridTaskHandler - [PBSPRO] submitted process rnaseq_count:FASTQC (Day0.Naive_L1Pf7) > jobId: 99066.pplhpc1hn2.childrens.sea.kids; workDir: /home/jsmi26/temp/1d/2db7aebc53aa78e526917e9ff25160
May-09 18:08:45.200 [Task submitter] INFO  nextflow.Session - [1d/2db7ae] Submitted process > rnaseq_count:FASTQC (Day0.Naive_L1Pf7)
May-09 18:08:45.436 [Task submitter] DEBUG nextflow.executor.GridTaskHandler - [PBSPRO] submitted process rnaseq_count:FASTQC (TR2_L1Pf2_S1) > jobId: 99067.pplhpc1hn2.childrens.sea.kids; workDir: /home/jsmi26/temp/b6/86dd4eca37d6fd58512e380444241e
May-09 18:08:45.437 [Task submitter] INFO  nextflow.Session - [b6/86dd4e] Submitted process > rnaseq_count:FASTQC (TR2_L1Pf2_S1)
May-09 18:08:45.633 [Task submitter] DEBUG nextflow.executor.GridTaskHandler - [PBSPRO] submitted process rnaseq_count:FASTQC (Day2.GFP_L1Pf2) > jobId: 99068.pplhpc1hn2.childrens.sea.kids; workDir: /home/jsmi26/temp/a3/650b8401d338c3dd4a706e97eb05c4
May-09 18:08:45.633 [Task submitter] INFO  nextflow.Session - [a3/650b84] Submitted process > rnaseq_count:FASTQC (Day2.GFP_L1Pf2)
May-09 18:08:45.830 [Task submitter] DEBUG nextflow.executor.GridTaskHandler - [PBSPRO] submitted process rnaseq_count:FASTQC (TR2_L1Pf4_S3) > jobId: 99069.pplhpc1hn2.childrens.sea.kids; workDir: /home/jsmi26/temp/92/62a7aac903f3f54b84bfb549376c24
May-09 18:08:45.830 [Task submitter] INFO  nextflow.Session - [92/62a7aa] Submitted process > rnaseq_count:FASTQC (TR2_L1Pf4_S3)
May-09 18:08:46.052 [Task submitter] DEBUG nextflow.executor.GridTaskHandler - [PBSPRO] submitted process rnaseq_count:FASTQC (TR2_L2Pf1_S6) > jobId: 99070.pplhpc1hn2.childrens.sea.kids; workDir: /home/jsmi26/temp/dc/cbe26f2bd9866c5bd45d939860145a
May-09 18:08:46.052 [Task submitter] INFO  nextflow.Session - [dc/cbe26f] Submitted process > rnaseq_count:FASTQC (TR2_L2Pf1_S6)
May-09 18:08:46.207 [Task submitter] DEBUG nextflow.executor.GridTaskHandler - [PBSPRO] submitted process rnaseq_count:FASTQC (L1PfM1_S13) > jobId: 99071.pplhpc1hn2.childrens.sea.kids; workDir: /home/jsmi26/temp/97/efa86a443d4c73e9f4e0f48875d5b3
May-09 18:08:46.207 [Task submitter] INFO  nextflow.Session - [97/efa86a] Submitted process > rnaseq_count:FASTQC (L1PfM1_S13)
May-09 18:08:46.428 [Task submitter] DEBUG nextflow.executor.GridTaskHandler - [PBSPRO] submitted process rnaseq_count:FASTQC (L3Pf4Mix_S6) > jobId: 99072.pplhpc1hn2.childrens.sea.kids; workDir: /home/jsmi26/temp/fd/63d593dcb227db89c833ba8dca7388
May-09 18:08:46.428 [Task submitter] INFO  nextflow.Session - [fd/63d593] Submitted process > rnaseq_count:FASTQC (L3Pf4Mix_S6)
May-09 18:08:46.628 [Task submitter] DEBUG nextflow.executor.GridTaskHandler - [PBSPRO] submitted process rnaseq_count:FASTQC (L2Pf2_S2) > jobId: 99073.pplhpc1hn2.childrens.sea.kids; workDir: /home/jsmi26/temp/99/33000f8f12bedbf7b867521f38ceba
May-09 18:08:46.628 [Task submitter] INFO  nextflow.Session - [99/33000f] Submitted process > rnaseq_count:FASTQC (L2Pf2_S2)
May-09 18:08:46.836 [Task submitter] DEBUG nextflow.executor.GridTaskHandler - [PBSPRO] submitted process rnaseq_count:FASTQC (L3Pf1_S1) > jobId: 99074.pplhpc1hn2.childrens.sea.kids; workDir: /home/jsmi26/temp/df/4d97f4d723dd837466849f9a457ef3
May-09 18:08:46.837 [Task submitter] INFO  nextflow.Session - [df/4d97f4] Submitted process > rnaseq_count:FASTQC (L3Pf1_S1)
May-09 18:08:47.027 [Task submitter] DEBUG nextflow.executor.GridTaskHandler - [PBSPRO] submitted process rnaseq_count:FASTQC (L2Pf1_S1) > jobId: 99075.pplhpc1hn2.childrens.sea.kids; workDir: /home/jsmi26/temp/2e/2c1d2ee34fced41fa336872d3dc4f8
May-09 18:08:47.027 [Task submitter] INFO  nextflow.Session - [2e/2c1d2e] Submitted process > rnaseq_count:FASTQC (L2Pf1_S1)
May-09 18:08:47.245 [Task submitter] DEBUG nextflow.executor.GridTaskHandler - [PBSPRO] submitted process rnaseq_count:STAR_ALIGN (Day0.Naive_L1Pf7) > jobId: 99076.pplhpc1hn2.childrens.sea.kids; workDir: /home/jsmi26/temp/cd/80cb5e73697ecaf1b6013f49b585b7
May-09 18:08:47.245 [Task submitter] INFO  nextflow.Session - [cd/80cb5e] Submitted process > rnaseq_count:STAR_ALIGN (Day0.Naive_L1Pf7)
May-09 18:08:47.449 [Task submitter] DEBUG nextflow.executor.GridTaskHandler - [PBSPRO] submitted process rnaseq_count:FASTQC (L2Pf6_S8) > jobId: 99077.pplhpc1hn2.childrens.sea.kids; workDir: /home/jsmi26/temp/9a/890a7075f866d358adc00ec98d7d01
May-09 18:08:47.449 [Task submitter] INFO  nextflow.Session - [9a/890a70] Submitted process > rnaseq_count:FASTQC (L2Pf6_S8)
May-09 18:08:47.608 [Task submitter] DEBUG nextflow.executor.GridTaskHandler - [PBSPRO] submitted process rnaseq_count:FASTQC (L3Pf6_S10) > jobId: 99078.pplhpc1hn2.childrens.sea.kids; workDir: /home/jsmi26/temp/b0/7e4e529803ba99a5ea0c2b9637402f
May-09 18:08:47.608 [Task submitter] INFO  nextflow.Session - [b0/7e4e52] Submitted process > rnaseq_count:FASTQC (L3Pf6_S10)
May-09 18:08:47.793 [Task submitter] DEBUG nextflow.executor.GridTaskHandler - [PBSPRO] submitted process rnaseq_count:FASTQC (L2Pf5_S7) > jobId: 99079.pplhpc1hn2.childrens.sea.kids; workDir: /home/jsmi26/temp/ad/81d7b1d89b33211fef04b20d4bf155
May-09 18:08:47.794 [Task submitter] INFO  nextflow.Session - [ad/81d7b1] Submitted process > rnaseq_count:FASTQC (L2Pf5_S7)
May-09 18:08:47.981 [Task submitter] DEBUG nextflow.executor.GridTaskHandler - [PBSPRO] submitted process rnaseq_count:FASTQC (L3Pf5_S9) > jobId: 99080.pplhpc1hn2.childrens.sea.kids; workDir: /home/jsmi26/temp/a3/4070a0664a7eaa2f6c98f82c663c98
May-09 18:08:47.982 [Task submitter] INFO  nextflow.Session - [a3/4070a0] Submitted process > rnaseq_count:FASTQC (L3Pf5_S9)
May-09 18:08:48.176 [Task submitter] DEBUG nextflow.executor.GridTaskHandler - [PBSPRO] submitted process rnaseq_count:FASTQC (TR2_L1Pf6_S5) > jobId: 99081.pplhpc1hn2.childrens.sea.kids; workDir: /home/jsmi26/temp/c0/1cdd5f1bca651f51dbefafd51c8ba8
May-09 18:08:48.177 [Task submitter] INFO  nextflow.Session - [c0/1cdd5f] Submitted process > rnaseq_count:FASTQC (TR2_L1Pf6_S5)
May-09 18:08:48.366 [Task submitter] DEBUG nextflow.executor.GridTaskHandler - [PBSPRO] submitted process rnaseq_count:FASTQC (TR2_L2Pf6_S11) > jobId: 99082.pplhpc1hn2.childrens.sea.kids; workDir: /home/jsmi26/temp/0e/deea6c353458185352f19f656ddf7e
May-09 18:08:48.367 [Task submitter] INFO  nextflow.Session - [0e/deea6c] Submitted process > rnaseq_count:FASTQC (TR2_L2Pf6_S11)
May-09 18:08:48.576 [Task submitter] DEBUG nextflow.executor.GridTaskHandler - [PBSPRO] submitted process rnaseq_count:FASTQC (Day6.GFP_L1Pf6) > jobId: 99083.pplhpc1hn2.childrens.sea.kids; workDir: /home/jsmi26/temp/d1/47a8c622edf535be1c8e06050ca731
May-09 18:08:48.576 [Task submitter] INFO  nextflow.Session - [d1/47a8c6] Submitted process > rnaseq_count:FASTQC (Day6.GFP_L1Pf6)
May-09 18:08:48.783 [Task submitter] DEBUG nextflow.executor.GridTaskHandler - [PBSPRO] submitted process rnaseq_count:FASTQC (L2Pf6_S6) > jobId: 99084.pplhpc1hn2.childrens.sea.kids; workDir: /home/jsmi26/temp/b4/32cd42e1c99d59a0140527a3573c60
May-09 18:08:48.783 [Task submitter] INFO  nextflow.Session - [b4/32cd42] Submitted process > rnaseq_count:FASTQC (L2Pf6_S6)
May-09 18:08:48.991 [Task submitter] DEBUG nextflow.executor.GridTaskHandler - [PBSPRO] submitted process rnaseq_count:FASTQC (L3Pf8_S12) > jobId: 99085.pplhpc1hn2.childrens.sea.kids; workDir: /home/jsmi26/temp/9f/899ce3d2618b3939a448716ae716e5
May-09 18:08:48.992 [Task submitter] INFO  nextflow.Session - [9f/899ce3] Submitted process > rnaseq_count:FASTQC (L3Pf8_S12)
May-09 18:08:49.227 [Task submitter] DEBUG nextflow.executor.GridTaskHandler - [PBSPRO] submitted process rnaseq_count:FASTQC (L3Pf6_S12) > jobId: 99086.pplhpc1hn2.childrens.sea.kids; workDir: /home/jsmi26/temp/25/8b5919857bb577c4d890a2064c9ceb
May-09 18:08:49.227 [Task submitter] INFO  nextflow.Session - [25/8b5919] Submitted process > rnaseq_count:FASTQC (L3Pf6_S12)
May-09 18:08:49.426 [Task submitter] DEBUG nextflow.executor.GridTaskHandler - [PBSPRO] submitted process rnaseq_count:FASTQC (L1PfM2_S14) > jobId: 99087.pplhpc1hn2.childrens.sea.kids; workDir: /home/jsmi26/temp/57/f9e02f7d295df47f05a03581cdbef0
May-09 18:08:49.426 [Task submitter] INFO  nextflow.Session - [57/f9e02f] Submitted process > rnaseq_count:FASTQC (L1PfM2_S14)
May-09 18:08:49.653 [Task submitter] DEBUG nextflow.executor.GridTaskHandler - [PBSPRO] submitted process rnaseq_count:FASTQC (TR2_L1Pf5_S4) > jobId: 99088.pplhpc1hn2.childrens.sea.kids; workDir: /home/jsmi26/temp/d0/7a2c4793d4bf66d2ec590686f30c2c
May-09 18:08:49.653 [Task submitter] INFO  nextflow.Session - [d0/7a2c47] Submitted process > rnaseq_count:FASTQC (TR2_L1Pf5_S4)
May-09 18:08:49.860 [Task submitter] DEBUG nextflow.executor.GridTaskHandler - [PBSPRO] submitted process rnaseq_count:FASTQC (TR2_L2Pf5_S10) > jobId: 99089.pplhpc1hn2.childrens.sea.kids; workDir: /home/jsmi26/temp/83/fecf531ef482f87a8694ddb4c072d5
May-09 18:08:49.860 [Task submitter] INFO  nextflow.Session - [83/fecf53] Submitted process > rnaseq_count:FASTQC (TR2_L2Pf5_S10)
May-09 18:08:50.065 [Task submitter] DEBUG nextflow.executor.GridTaskHandler - [PBSPRO] submitted process rnaseq_count:FASTQC (Day6.NoGFP_L1Pf5) > jobId: 99090.pplhpc1hn2.childrens.sea.kids; workDir: /home/jsmi26/temp/4f/3b29402b5b4c78c876a8cb7ca5fe6a
May-09 18:08:50.066 [Task submitter] INFO  nextflow.Session - [4f/3b2940] Submitted process > rnaseq_count:FASTQC (Day6.NoGFP_L1Pf5)
May-09 18:08:50.261 [Task submitter] DEBUG nextflow.executor.GridTaskHandler - [PBSPRO] submitted process rnaseq_count:FASTQC (L3Pf5_S11) > jobId: 99091.pplhpc1hn2.childrens.sea.kids; workDir: /home/jsmi26/temp/96/cd4e0c4fb8af5f24a3792414a804df
May-09 18:08:50.261 [Task submitter] INFO  nextflow.Session - [96/cd4e0c] Submitted process > rnaseq_count:FASTQC (L3Pf5_S11)
May-09 18:08:50.527 [Task submitter] DEBUG nextflow.executor.GridTaskHandler - [PBSPRO] submitted process rnaseq_count:FASTQC (L3Pf7_S11) > jobId: 99092.pplhpc1hn2.childrens.sea.kids; workDir: /home/jsmi26/temp/c0/f9f165deefbcddd70c918aa5a01001
May-09 18:08:50.527 [Task submitter] INFO  nextflow.Session - [c0/f9f165] Submitted process > rnaseq_count:FASTQC (L3Pf7_S11)
May-09 18:08:50.766 [Task submitter] DEBUG nextflow.executor.GridTaskHandler - [PBSPRO] submitted process rnaseq_count:FASTQC (SPZ_L1Pf8) > jobId: 99093.pplhpc1hn2.childrens.sea.kids; workDir: /home/jsmi26/temp/27/c851817e1d149d29b0a157b1e85cf1
May-09 18:08:50.766 [Task submitter] INFO  nextflow.Session - [27/c85181] Submitted process > rnaseq_count:FASTQC (SPZ_L1Pf8)
May-09 18:10:35.199 [Task monitor] DEBUG n.processor.TaskPollingMonitor - Task completed > TaskHandler[jobId: 99062.pplhpc1hn2.childrens.sea.kids; id: 8; name: rnaseq_count:FASTQC (L3Pf2_S2); status: COMPLETED; exit: 0; error: -; workDir: /home/jsmi26/temp/c4/34cc9ff012f1dc1f9fb5660fafda2a started: 1652144925248; exited: 2022-05-10T01:10:33.513464Z; ]
May-09 18:10:35.221 [Task monitor] DEBUG nextflow.util.ThreadPoolBuilder - Creating thread pool 'FileTransfer' minSize=4; maxSize=4; workQueue=LinkedBlockingQueue[10000]; allowCoreThreadTimeout=false
May-09 18:10:55.203 [Task monitor] DEBUG n.processor.TaskPollingMonitor - Task completed > TaskHandler[jobId: 99074.pplhpc1hn2.childrens.sea.kids; id: 15; name: rnaseq_count:FASTQC (L3Pf1_S1); status: COMPLETED; exit: 0; error: -; workDir: /home/jsmi26/temp/df/4d97f4d723dd837466849f9a457ef3 started: 1652144935223; exited: 2022-05-10T01:10:53.318086Z; ]
May-09 18:11:40.199 [Task monitor] DEBUG n.processor.TaskPollingMonitor - Task completed > TaskHandler[jobId: 99059.pplhpc1hn2.childrens.sea.kids; id: 18; name: rnaseq_count:FASTQC (Day4.GFP_L1Pf4); status: COMPLETED; exit: 0; error: -; workDir: /home/jsmi26/temp/af/9953486018009b634043bca77b31f1 started: 1652144925245; exited: 2022-05-10T01:11:39.047562Z; ]
May-09 18:11:50.241 [Task monitor] DEBUG n.processor.TaskPollingMonitor - Task completed > TaskHandler[jobId: 99063.pplhpc1hn2.childrens.sea.kids; id: 12; name: rnaseq_count:FASTQC (Day2.NoGFP_L1Pf1); status: COMPLETED; exit: 0; error: -; workDir: /home/jsmi26/temp/10/4615a44c1dc090b3cc5a6f552696ad started: 1652144925250; exited: 2022-05-10T01:11:48.769886Z; ]
May-09 18:11:50.257 [Task monitor] DEBUG n.processor.TaskPollingMonitor - Task completed > TaskHandler[jobId: 99093.pplhpc1hn2.childrens.sea.kids; id: 47; name: rnaseq_count:FASTQC (SPZ_L1Pf8); status: COMPLETED; exit: 0; error: -; workDir: /home/jsmi26/temp/27/c851817e1d149d29b0a157b1e85cf1 started: 1652144935267; exited: 2022-05-10T01:11:49.945875Z; ]
May-09 18:11:55.202 [Task monitor] DEBUG n.processor.TaskPollingMonitor - Task completed > TaskHandler[jobId: 99071.pplhpc1hn2.childrens.sea.kids; id: 10; name: rnaseq_count:FASTQC (L1PfM1_S13); status: COMPLETED; exit: 0; error: -; workDir: /home/jsmi26/temp/97/efa86a443d4c73e9f4e0f48875d5b3 started: 1652144935209; exited: 2022-05-10T01:11:51.852482Z; ]
May-09 18:12:05.199 [Task monitor] DEBUG n.processor.TaskPollingMonitor - Task completed > TaskHandler[jobId: 99056.pplhpc1hn2.childrens.sea.kids; id: 22; name: rnaseq_count:FASTQC (L3Pf4_S5); status: COMPLETED; exit: 0; error: -; workDir: /home/jsmi26/temp/e3/41b331090638d5554e6fcaa579ada8 started: 1652144925241; exited: 2022-05-10T01:12:02.423792Z; ]
May-09 18:12:05.204 [Task monitor] DEBUG n.processor.TaskPollingMonitor - Task completed > TaskHandler[jobId: 99057.pplhpc1hn2.childrens.sea.kids; id: 9; name: rnaseq_count:FASTQC (L3Pf2Mix_S3); status: COMPLETED; exit: 0; error: -; workDir: /home/jsmi26/temp/a7/e40165de17555a7be5db506f4297f3 started: 1652144925242; exited: 2022-05-10T01:12:00.614246Z; ]
May-09 18:12:05.225 [Task monitor] DEBUG n.processor.TaskPollingMonitor - Task completed > TaskHandler[jobId: 99090.pplhpc1hn2.childrens.sea.kids; id: 43; name: rnaseq_count:FASTQC (Day6.NoGFP_L1Pf5); status: COMPLETED; exit: 0; error: -; workDir: /home/jsmi26/temp/4f/3b29402b5b4c78c876a8cb7ca5fe6a started: 1652144935255; exited: 2022-05-10T01:12:03.967801Z; ]
May-09 18:12:35.209 [Task monitor] DEBUG n.processor.TaskPollingMonitor - Task completed > TaskHandler[jobId: 99066.pplhpc1hn2.childrens.sea.kids; id: 1; name: rnaseq_count:FASTQC (Day0.Naive_L1Pf7); status: COMPLETED; exit: 0; error: -; workDir: /home/jsmi26/temp/1d/2db7aebc53aa78e526917e9ff25160 started: 1652144930201; exited: 2022-05-10T01:12:33.751072Z; ]
May-09 18:12:35.233 [Task monitor] DEBUG n.processor.TaskPollingMonitor - Task completed > TaskHandler[jobId: 99078.pplhpc1hn2.childrens.sea.kids; id: 31; name: rnaseq_count:FASTQC (L3Pf6_S10); status: COMPLETED; exit: 0; error: -; workDir: /home/jsmi26/temp/b0/7e4e529803ba99a5ea0c2b9637402f started: 1652144940203; exited: 2022-05-10T01:12:34.60924Z; ]
May-09 18:12:35.247 [Task monitor] DEBUG n.processor.TaskPollingMonitor - Task completed > TaskHandler[jobId: 99092.pplhpc1hn2.childrens.sea.kids; id: 46; name: rnaseq_count:FASTQC (L3Pf7_S11); status: COMPLETED; exit: 0; error: -; workDir: /home/jsmi26/temp/c0/f9f165deefbcddd70c918aa5a01001 started: 1652144935263; exited: 2022-05-10T01:12:30.906597Z; ]
May-09 18:12:45.200 [Task monitor] DEBUG n.processor.TaskPollingMonitor - Task completed > TaskHandler[jobId: 99054.pplhpc1hn2.childrens.sea.kids; id: 28; name: rnaseq_count:FASTQC (L3Pf3_S4); status: COMPLETED; exit: 0; error: -; workDir: /home/jsmi26/temp/0e/8164e824380e03ae59bf68acf3d0c4 started: 1652144925238; exited: 2022-05-10T01:12:43.797045Z; ]
May-09 18:12:45.212 [Task monitor] DEBUG n.processor.TaskPollingMonitor - Task completed > TaskHandler[jobId: 99080.pplhpc1hn2.childrens.sea.kids; id: 33; name: rnaseq_count:FASTQC (L3Pf5_S9); status: COMPLETED; exit: 0; error: -; workDir: /home/jsmi26/temp/a3/4070a0664a7eaa2f6c98f82c663c98 started: 1652144940209; exited: 2022-05-10T01:12:42.888635Z; ]
May-09 18:12:45.227 [Task monitor] DEBUG n.processor.TaskPollingMonitor - Task completed > TaskHandler[jobId: 99087.pplhpc1hn2.childrens.sea.kids; id: 40; name: rnaseq_count:FASTQC (L1PfM2_S14); status: COMPLETED; exit: 0; error: -; workDir: /home/jsmi26/temp/57/f9e02f7d295df47f05a03581cdbef0 started: 1652144940237; exited: 2022-05-10T01:12:45.033694Z; ]
May-09 18:12:55.205 [Task monitor] DEBUG n.processor.TaskPollingMonitor - Task completed > TaskHandler[jobId: 99085.pplhpc1hn2.childrens.sea.kids; id: 39; name: rnaseq_count:FASTQC (L3Pf8_S12); status: COMPLETED; exit: 0; error: -; workDir: /home/jsmi26/temp/9f/899ce3d2618b3939a448716ae716e5 started: 1652144940228; exited: 2022-05-10T01:12:52.705395Z; ]
May-09 18:13:00.203 [Task monitor] DEBUG n.processor.TaskPollingMonitor - Task completed > TaskHandler[jobId: 99077.pplhpc1hn2.childrens.sea.kids; id: 30; name: rnaseq_count:FASTQC (L2Pf6_S8); status: COMPLETED; exit: 0; error: -; workDir: /home/jsmi26/temp/9a/890a7075f866d358adc00ec98d7d01 started: 1652144935239; exited: 2022-05-10T01:12:56.337377Z; ]
May-09 18:13:00.218 [Task monitor] DEBUG n.processor.TaskPollingMonitor - Task completed > TaskHandler[jobId: 99079.pplhpc1hn2.childrens.sea.kids; id: 32; name: rnaseq_count:FASTQC (L2Pf5_S7); status: COMPLETED; exit: 0; error: -; workDir: /home/jsmi26/temp/ad/81d7b1d89b33211fef04b20d4bf155 started: 1652144935243; exited: 2022-05-10T01:12:57.521236Z; ]
May-09 18:13:05.200 [Task monitor] DEBUG n.processor.TaskPollingMonitor - Task completed > TaskHandler[jobId: 99055.pplhpc1hn2.childrens.sea.kids; id: 25; name: rnaseq_count:FASTQC (Day4.NoGFP_L1Pf3); status: COMPLETED; exit: 0; error: -; workDir: /home/jsmi26/temp/81/fd7785989cfd6b3bab841bd4031ca9 started: 1652144925239; exited: 2022-05-10T01:13:02.227009Z; ]
May-09 18:13:05.206 [Task monitor] DEBUG n.processor.TaskPollingMonitor - Task completed > TaskHandler[jobId: 99072.pplhpc1hn2.childrens.sea.kids; id: 21; name: rnaseq_count:FASTQC (L3Pf4Mix_S6); status: COMPLETED; exit: 0; error: -; workDir: /home/jsmi26/temp/fd/63d593dcb227db89c833ba8dca7388 started: 1652144935215; exited: 2022-05-10T01:13:02.522763Z; ]
May-09 18:13:05.221 [Task monitor] DEBUG n.processor.TaskPollingMonitor - Task completed > TaskHandler[jobId: 99083.pplhpc1hn2.childrens.sea.kids; id: 36; name: rnaseq_count:FASTQC (Day6.GFP_L1Pf6); status: COMPLETED; exit: 0; error: -; workDir: /home/jsmi26/temp/d1/47a8c622edf535be1c8e06050ca731 started: 1652144940219; exited: 2022-05-10T01:13:03.640384Z; ]
May-09 18:13:30.205 [Task monitor] DEBUG n.processor.TaskPollingMonitor - Task completed > TaskHandler[jobId: 99070.pplhpc1hn2.childrens.sea.kids; id: 11; name: rnaseq_count:FASTQC (TR2_L2Pf1_S6); status: COMPLETED; exit: 0; error: -; workDir: /home/jsmi26/temp/dc/cbe26f2bd9866c5bd45d939860145a started: 1652144935206; exited: 2022-05-10T01:13:27.360956Z; ]
May-09 18:13:45.202 [Task monitor] DEBUG n.processor.TaskPollingMonitor - !! executor pbspro > tasks to be completed: 25 -- submitted tasks are shown below
~> TaskHandler[jobId: 99047.pplhpc1hn2.childrens.sea.kids; id: 4; name: rnaseq_count:FASTQC (TR2_L2Pf2_S7); status: RUNNING; exit: -; error: -; workDir: /home/jsmi26/temp/9f/555f6f63836883626858f4f2be08b2 started: 1652144925192; exited: -; ]
~> TaskHandler[jobId: 99048.pplhpc1hn2.childrens.sea.kids; id: 27; name: rnaseq_count:FASTQC (L3Pf3_S9); status: RUNNING; exit: -; error: -; workDir: /home/jsmi26/temp/1b/7c64f598945f5c9ac58e86aa713078 started: 1652144925229; exited: -; ]
~> TaskHandler[jobId: 99049.pplhpc1hn2.childrens.sea.kids; id: 7; name: rnaseq_count:FASTQC (L3Pf2_S8); status: RUNNING; exit: -; error: -; workDir: /home/jsmi26/temp/0d/4a1e6a17e917b7829123add1ed19c5 started: 1652144925231; exited: -; ]
~> TaskHandler[jobId: 99050.pplhpc1hn2.childrens.sea.kids; id: 14; name: rnaseq_count:FASTQC (L3Pf1_S7); status: RUNNING; exit: -; error: -; workDir: /home/jsmi26/temp/0c/2209ed5bad0ba6c49810a39d539c68 started: 1652144925232; exited: -; ]
~> TaskHandler[jobId: 99051.pplhpc1hn2.childrens.sea.kids; id: 19; name: rnaseq_count:FASTQC (L2Pf4_S4); status: RUNNING; exit: -; error: -; workDir: /home/jsmi26/temp/2d/b458f1aec84caf23ca319a25235dfd started: 1652144925233; exited: -; ]
~> TaskHandler[jobId: 99052.pplhpc1hn2.childrens.sea.kids; id: 23; name: rnaseq_count:FASTQC (TR2_L1Pf3_S2); status: RUNNING; exit: -; error: -; workDir: /home/jsmi26/temp/54/6ff29dc9a7527fd615eecc70c66afb started: 1652144925235; exited: -; ]
~> TaskHandler[jobId: 99053.pplhpc1hn2.childrens.sea.kids; id: 24; name: rnaseq_count:FASTQC (TR2_L2Pf3_S8); status: RUNNING; exit: -; error: -; workDir: /home/jsmi26/temp/5b/5925dc3852f21469d673b31236e96f started: 1652144925237; exited: -; ]
~> TaskHandler[jobId: 99058.pplhpc1hn2.childrens.sea.kids; id: 20; name: rnaseq_count:FASTQC (L3Pf4_S10); status: RUNNING; exit: -; error: -; workDir: /home/jsmi26/temp/40/f47029aeacb1cc49d948186eca4298 started: 1652144925243; exited: -; ]
~> TaskHandler[jobId: 99060.pplhpc1hn2.childrens.sea.kids; id: 17; name: rnaseq_count:FASTQC (TR2_L2Pf4_S9); status: RUNNING; exit: -; error: -; workDir: /home/jsmi26/temp/d1/7ea59bef43596a4b2c5cb386908001 started: 1652144925246; exited: -; ]
~> TaskHandler[jobId: 99061.pplhpc1hn2.childrens.sea.kids; id: 26; name: rnaseq_count:FASTQC (L2Pf3_S3); status: RUNNING; exit: -; error: -; workDir: /home/jsmi26/temp/f9/6cf7fdc06e5d9bafe5b5cefbb19d74 started: 1652144925247; exited: -; ]
.. remaining tasks omitted.
May-09 18:13:50.260 [Task monitor] DEBUG n.processor.TaskPollingMonitor - Task completed > TaskHandler[jobId: 99068.pplhpc1hn2.childrens.sea.kids; id: 5; name: rnaseq_count:FASTQC (Day2.GFP_L1Pf2); status: COMPLETED; exit: 0; error: -; workDir: /home/jsmi26/temp/a3/650b8401d338c3dd4a706e97eb05c4 started: 1652144935199; exited: 2022-05-10T01:13:47.24443Z; ]
May-09 18:14:00.211 [Task monitor] DEBUG n.processor.TaskPollingMonitor - Task completed > TaskHandler[jobId: 99067.pplhpc1hn2.childrens.sea.kids; id: 3; name: rnaseq_count:FASTQC (TR2_L1Pf2_S1); status: COMPLETED; exit: 0; error: -; workDir: /home/jsmi26/temp/b6/86dd4eca37d6fd58512e380444241e started: 1652144930207; exited: 2022-05-10T01:13:59.775744Z; ]
May-09 18:14:05.205 [Task monitor] DEBUG n.processor.TaskPollingMonitor - Task completed > TaskHandler[jobId: 99048.pplhpc1hn2.childrens.sea.kids; id: 27; name: rnaseq_count:FASTQC (L3Pf3_S9); status: COMPLETED; exit: 0; error: -; workDir: /home/jsmi26/temp/1b/7c64f598945f5c9ac58e86aa713078 started: 1652144925229; exited: 2022-05-10T01:14:03.429608Z; ]
May-09 18:14:30.205 [Task monitor] DEBUG n.processor.TaskPollingMonitor - Task completed > TaskHandler[jobId: 99058.pplhpc1hn2.childrens.sea.kids; id: 20; name: rnaseq_count:FASTQC (L3Pf4_S10); status: COMPLETED; exit: 0; error: -; workDir: /home/jsmi26/temp/40/f47029aeacb1cc49d948186eca4298 started: 1652144925243; exited: 2022-05-10T01:14:27.003324Z; ]
May-09 18:14:30.216 [Task monitor] DEBUG n.processor.TaskPollingMonitor - Task completed > TaskHandler[jobId: 99069.pplhpc1hn2.childrens.sea.kids; id: 16; name: rnaseq_count:FASTQC (TR2_L1Pf4_S3); status: COMPLETED; exit: 0; error: -; workDir: /home/jsmi26/temp/92/62a7aac903f3f54b84bfb549376c24 started: 1652144935203; exited: 2022-05-10T01:14:25.986937Z; ]
May-09 18:14:35.208 [Task monitor] DEBUG n.processor.TaskPollingMonitor - Task completed > TaskHandler[jobId: 99064.pplhpc1hn2.childrens.sea.kids; id: 44; name: rnaseq_count:FASTQC (L2Pf5_S5); status: COMPLETED; exit: 0; error: -; workDir: /home/jsmi26/temp/03/18ffca796c37b35db75074b792b911 started: 1652144925251; exited: 2022-05-10T01:14:30.346969Z; ]
May-09 18:15:05.209 [Task monitor] DEBUG n.processor.TaskPollingMonitor - Task completed > TaskHandler[jobId: 99073.pplhpc1hn2.childrens.sea.kids; id: 6; name: rnaseq_count:FASTQC (L2Pf2_S2); status: COMPLETED; exit: 0; error: -; workDir: /home/jsmi26/temp/99/33000f8f12bedbf7b867521f38ceba started: 1652144935219; exited: 2022-05-10T01:15:00.873731Z; ]
May-09 18:15:10.206 [Task monitor] DEBUG n.processor.TaskPollingMonitor - Task completed > TaskHandler[jobId: 99051.pplhpc1hn2.childrens.sea.kids; id: 19; name: rnaseq_count:FASTQC (L2Pf4_S4); status: COMPLETED; exit: 0; error: -; workDir: /home/jsmi26/temp/2d/b458f1aec84caf23ca319a25235dfd started: 1652144925233; exited: 2022-05-10T01:15:09.609872Z; ]
May-09 18:15:15.214 [Task monitor] DEBUG n.processor.TaskPollingMonitor - Task completed > TaskHandler[jobId: 99082.pplhpc1hn2.childrens.sea.kids; id: 35; name: rnaseq_count:FASTQC (TR2_L2Pf6_S11); status: COMPLETED; exit: 0; error: -; workDir: /home/jsmi26/temp/0e/deea6c353458185352f19f656ddf7e started: 1652144940216; exited: 2022-05-10T01:15:14.388749Z; ]
May-09 18:15:30.208 [Task monitor] DEBUG n.processor.TaskPollingMonitor - Task completed > TaskHandler[jobId: 99061.pplhpc1hn2.childrens.sea.kids; id: 26; name: rnaseq_count:FASTQC (L2Pf3_S3); status: COMPLETED; exit: 0; error: -; workDir: /home/jsmi26/temp/f9/6cf7fdc06e5d9bafe5b5cefbb19d74 started: 1652144925247; exited: 2022-05-10T01:15:29.738987Z; ]
May-09 18:15:55.209 [Task monitor] DEBUG n.processor.TaskPollingMonitor - Task completed > TaskHandler[jobId: 99049.pplhpc1hn2.childrens.sea.kids; id: 7; name: rnaseq_count:FASTQC (L3Pf2_S8); status: COMPLETED; exit: 0; error: -; workDir: /home/jsmi26/temp/0d/4a1e6a17e917b7829123add1ed19c5 started: 1652144925231; exited: 2022-05-10T01:15:50.471602Z; ]
May-09 18:16:00.215 [Task monitor] DEBUG n.processor.TaskPollingMonitor - Task completed > TaskHandler[jobId: 99075.pplhpc1hn2.childrens.sea.kids; id: 13; name: rnaseq_count:FASTQC (L2Pf1_S1); status: COMPLETED; exit: 0; error: -; workDir: /home/jsmi26/temp/2e/2c1d2ee34fced41fa336872d3dc4f8 started: 1652144935229; exited: 2022-05-10T01:15:59.997171Z; ]
May-09 18:16:00.231 [Task monitor] DEBUG n.processor.TaskPollingMonitor - Task completed > TaskHandler[jobId: 99086.pplhpc1hn2.childrens.sea.kids; id: 38; name: rnaseq_count:FASTQC (L3Pf6_S12); status: COMPLETED; exit: 0; error: -; workDir: /home/jsmi26/temp/25/8b5919857bb577c4d890a2064c9ceb started: 1652144940232; exited: 2022-05-10T01:15:58.010237Z; ]
May-09 18:16:20.216 [Task monitor] DEBUG n.processor.TaskPollingMonitor - Task completed > TaskHandler[jobId: 99088.pplhpc1hn2.childrens.sea.kids; id: 41; name: rnaseq_count:FASTQC (TR2_L1Pf5_S4); status: COMPLETED; exit: 0; error: -; workDir: /home/jsmi26/temp/d0/7a2c4793d4bf66d2ec590686f30c2c started: 1652144940241; exited: 2022-05-10T01:16:20.042061Z; ]
May-09 18:16:25.218 [Task monitor] DEBUG n.processor.TaskPollingMonitor - Task completed > TaskHandler[jobId: 99091.pplhpc1hn2.childrens.sea.kids; id: 45; name: rnaseq_count:FASTQC (L3Pf5_S11); status: COMPLETED; exit: 0; error: -; workDir: /home/jsmi26/temp/96/cd4e0c4fb8af5f24a3792414a804df started: 1652144935259; exited: 2022-05-10T01:16:25.12632Z; ]
May-09 18:17:00.210 [Task monitor] DEBUG n.processor.TaskPollingMonitor - Task completed > TaskHandler[jobId: 99052.pplhpc1hn2.childrens.sea.kids; id: 23; name: rnaseq_count:FASTQC (TR2_L1Pf3_S2); status: COMPLETED; exit: 0; error: -; workDir: /home/jsmi26/temp/54/6ff29dc9a7527fd615eecc70c66afb started: 1652144925235; exited: 2022-05-10T01:16:56.579468Z; ]
May-09 18:17:15.218 [Task monitor] DEBUG n.processor.TaskPollingMonitor - Task completed > TaskHandler[jobId: 99081.pplhpc1hn2.childrens.sea.kids; id: 34; name: rnaseq_count:FASTQC (TR2_L1Pf6_S5); status: COMPLETED; exit: 0; error: -; workDir: /home/jsmi26/temp/c0/1cdd5f1bca651f51dbefafd51c8ba8 started: 1652144940213; exited: 2022-05-10T01:17:13.408831Z; ]
May-09 18:17:30.212 [Task monitor] DEBUG n.processor.TaskPollingMonitor - Task completed > TaskHandler[jobId: 99053.pplhpc1hn2.childrens.sea.kids; id: 24; name: rnaseq_count:FASTQC (TR2_L2Pf3_S8); status: COMPLETED; exit: 0; error: -; workDir: /home/jsmi26/temp/5b/5925dc3852f21469d673b31236e96f started: 1652144925237; exited: 2022-05-10T01:17:26.808412Z; ]
May-09 18:17:30.218 [Task monitor] DEBUG n.processor.TaskPollingMonitor - Task completed > TaskHandler[jobId: 99060.pplhpc1hn2.childrens.sea.kids; id: 17; name: rnaseq_count:FASTQC (TR2_L2Pf4_S9); status: COMPLETED; exit: 0; error: -; workDir: /home/jsmi26/temp/d1/7ea59bef43596a4b2c5cb386908001 started: 1652144925246; exited: 2022-05-10T01:17:25.547392Z; ]
May-09 18:17:45.216 [Task monitor] DEBUG n.processor.TaskPollingMonitor - Task completed > TaskHandler[jobId: 99084.pplhpc1hn2.childrens.sea.kids; id: 37; name: rnaseq_count:FASTQC (L2Pf6_S6); status: COMPLETED; exit: 0; error: -; workDir: /home/jsmi26/temp/b4/32cd42e1c99d59a0140527a3573c60 started: 1652144940223; exited: 2022-05-10T01:17:40.817315Z; ]
May-09 18:18:15.214 [Task monitor] DEBUG n.processor.TaskPollingMonitor - Task completed > TaskHandler[jobId: 99047.pplhpc1hn2.childrens.sea.kids; id: 4; name: rnaseq_count:FASTQC (TR2_L2Pf2_S7); status: COMPLETED; exit: 0; error: -; workDir: /home/jsmi26/temp/9f/555f6f63836883626858f4f2be08b2 started: 1652144925192; exited: 2022-05-10T01:18:12.653003Z; ]
May-09 18:18:45.214 [Task monitor] DEBUG n.processor.TaskPollingMonitor - !! executor pbspro > tasks to be completed: 4 -- submitted tasks are shown below
~> TaskHandler[jobId: 99050.pplhpc1hn2.childrens.sea.kids; id: 14; name: rnaseq_count:FASTQC (L3Pf1_S7); status: RUNNING; exit: -; error: -; workDir: /home/jsmi26/temp/0c/2209ed5bad0ba6c49810a39d539c68 started: 1652144925232; exited: -; ]
~> TaskHandler[jobId: 99065.pplhpc1hn2.childrens.sea.kids; id: 29; name: rnaseq_count:FASTQC (L1Pf9_S13); status: RUNNING; exit: -; error: -; workDir: /home/jsmi26/temp/ed/87f3a616e6c02f845fc68f8443fb26 started: 1652144925252; exited: -; ]
~> TaskHandler[jobId: 99076.pplhpc1hn2.childrens.sea.kids; id: 2; name: rnaseq_count:STAR_ALIGN (Day0.Naive_L1Pf7); status: RUNNING; exit: -; error: -; workDir: /home/jsmi26/temp/cd/80cb5e73697ecaf1b6013f49b585b7 started: 1652144935234; exited: -; ]
~> TaskHandler[jobId: 99089.pplhpc1hn2.childrens.sea.kids; id: 42; name: rnaseq_count:FASTQC (TR2_L2Pf5_S10); status: RUNNING; exit: -; error: -; workDir: /home/jsmi26/temp/83/fecf531ef482f87a8694ddb4c072d5 started: 1652144935250; exited: -; ]
May-09 18:19:30.225 [Task monitor] DEBUG n.processor.TaskPollingMonitor - Task completed > TaskHandler[jobId: 99065.pplhpc1hn2.childrens.sea.kids; id: 29; name: rnaseq_count:FASTQC (L1Pf9_S13); status: COMPLETED; exit: 0; error: -; workDir: /home/jsmi26/temp/ed/87f3a616e6c02f845fc68f8443fb26 started: 1652144925252; exited: 2022-05-10T01:19:28.504508Z; ]
May-09 18:19:40.227 [Task monitor] DEBUG n.processor.TaskPollingMonitor - Task completed > TaskHandler[jobId: 99089.pplhpc1hn2.childrens.sea.kids; id: 42; name: rnaseq_count:FASTQC (TR2_L2Pf5_S10); status: COMPLETED; exit: 0; error: -; workDir: /home/jsmi26/temp/83/fecf531ef482f87a8694ddb4c072d5 started: 1652144935250; exited: 2022-05-10T01:19:40.106144Z; ]
May-09 18:20:00.223 [Task monitor] DEBUG n.processor.TaskPollingMonitor - Task completed > TaskHandler[jobId: 99050.pplhpc1hn2.childrens.sea.kids; id: 14; name: rnaseq_count:FASTQC (L3Pf1_S7); status: COMPLETED; exit: 0; error: -; workDir: /home/jsmi26/temp/0c/2209ed5bad0ba6c49810a39d539c68 started: 1652144925232; exited: 2022-05-10T01:19:58.581394Z; ]
May-09 18:23:45.233 [Task monitor] DEBUG n.processor.TaskPollingMonitor - !! executor pbspro > tasks to be completed: 1 -- submitted tasks are shown below
~> TaskHandler[jobId: 99076.pplhpc1hn2.childrens.sea.kids; id: 2; name: rnaseq_count:STAR_ALIGN (Day0.Naive_L1Pf7); status: RUNNING; exit: -; error: -; workDir: /home/jsmi26/temp/cd/80cb5e73697ecaf1b6013f49b585b7 started: 1652144935234; exited: -; ]
May-09 18:28:45.246 [Task monitor] DEBUG n.processor.TaskPollingMonitor - !! executor pbspro > tasks to be completed: 1 -- submitted tasks are shown below
~> TaskHandler[jobId: 99076.pplhpc1hn2.childrens.sea.kids; id: 2; name: rnaseq_count:STAR_ALIGN (Day0.Naive_L1Pf7); status: RUNNING; exit: -; error: -; workDir: /home/jsmi26/temp/cd/80cb5e73697ecaf1b6013f49b585b7 started: 1652144935234; exited: -; ]
May-09 18:30:45.258 [Task monitor] DEBUG n.processor.TaskPollingMonitor - Task completed > TaskHandler[jobId: 99076.pplhpc1hn2.childrens.sea.kids; id: 2; name: rnaseq_count:STAR_ALIGN (Day0.Naive_L1Pf7); status: COMPLETED; exit: 0; error: -; workDir: /home/jsmi26/temp/cd/80cb5e73697ecaf1b6013f49b585b7 started: 1652144935234; exited: 2022-05-10T01:30:42.996859Z; ]
May-09 18:30:45.432 [Task monitor] DEBUG nextflow.processor.TaskProcessor - Process rnaseq_count:STAR_ALIGN > Skipping output binding because one or more optional files are missing: fileoutparam<5:1>
May-09 18:30:45.432 [Task monitor] DEBUG nextflow.processor.TaskProcessor - Process rnaseq_count:STAR_ALIGN > Skipping output binding because one or more optional files are missing: fileoutparam<6:1>
May-09 18:30:45.432 [Task monitor] DEBUG nextflow.processor.TaskProcessor - Process rnaseq_count:STAR_ALIGN > Skipping output binding because one or more optional files are missing: fileoutparam<7:1>
May-09 18:30:45.432 [Task monitor] DEBUG nextflow.processor.TaskProcessor - Process rnaseq_count:STAR_ALIGN > Skipping output binding because one or more optional files are missing: fileoutparam<8:1>
May-09 18:30:45.432 [Task monitor] DEBUG nextflow.processor.TaskProcessor - Process rnaseq_count:STAR_ALIGN > Skipping output binding because one or more optional files are missing: fileoutparam<10:1>
May-09 18:30:45.432 [Task monitor] DEBUG nextflow.processor.TaskProcessor - Process rnaseq_count:STAR_ALIGN > Skipping output binding because one or more optional files are missing: fileoutparam<11:1>
May-09 18:30:45.539 [Actor Thread 8] DEBUG nextflow.container.SingularityCache - Singularity found local store for image=https://depot.galaxyproject.org/singularity/multiqc:1.12--pyhdfd78af_0; path=/home/jsmi26/singularity/depot.galaxyproject.org-singularity-multiqc-1.12--pyhdfd78af_0.img
May-09 18:30:47.311 [Task submitter] DEBUG nextflow.executor.GridTaskHandler - [PBSPRO] submitted process rnaseq_count:MULTIQC (1) > jobId: 99094.pplhpc1hn2.childrens.sea.kids; workDir: /home/jsmi26/temp/7f/04d186a1ca6f5a6ab078eb852a73ef
May-09 18:30:47.312 [Task submitter] INFO  nextflow.Session - [7f/04d186] Submitted process > rnaseq_count:MULTIQC (1)
May-09 18:31:15.253 [Task monitor] DEBUG n.processor.TaskPollingMonitor - Task completed > TaskHandler[jobId: 99094.pplhpc1hn2.childrens.sea.kids; id: 48; name: rnaseq_count:MULTIQC (1); status: COMPLETED; exit: 0; error: -; workDir: /home/jsmi26/temp/7f/04d186a1ca6f5a6ab078eb852a73ef started: 1652146250252; exited: 2022-05-10T01:31:11.369006Z; ]
May-09 18:31:30.512 [Task monitor] DEBUG nextflow.processor.TaskProcessor - Process rnaseq_count:MULTIQC > Skipping output binding because one or more optional files are missing: fileoutparam<2>
May-09 18:31:30.519 [main] DEBUG nextflow.Session - Session await > all process finished
May-09 18:31:30.520 [main] DEBUG nextflow.Session - Session await > all barriers passed
May-09 18:31:30.534 [main] INFO  nextflow.script.BaseScript - Pipeline completed at: 2022-05-09T18:31:30.521471-07:00
May-09 18:31:30.539 [main] INFO  nextflow.script.BaseScript - Execution status: OK
May-09 18:31:30.978 [main] DEBUG nextflow.trace.WorkflowStatsObserver - Workflow completed > WorkflowStats[succeededCount=48; failedCount=0; ignoredCount=0; cachedCount=0; pendingCount=0; submittedCount=0; runningCount=0; retriesCount=0; abortedCount=0; succeedDuration=5h 41m 2s; failedDuration=0ms; cachedDuration=0ms;loadCpus=0; loadMemory=0; peakRunning=47; peakCpus=50; peakMemory=400 GB; ]
May-09 18:31:30.979 [main] DEBUG nextflow.trace.ReportObserver - Flow completing -- rendering html report
May-09 18:31:31.069 [main] DEBUG nextflow.trace.ReportObserver - Execution report summary data:
  [{"cpuUsage":{"mean":94.37,"min":71.4,"q1":94.45,"q2":95.7,"q3":97.05,"max":100.1,"minLabel":"rnaseq_count:FASTQC (Day2.NoGFP_L1Pf1)","maxLabel":"rnaseq_count:FASTQC (SPZ_L1Pf8)","q1Label":"rnaseq_count:FASTQC (L3Pf2_S8)","q2Label":"rnaseq_count:FASTQC (Day4.GFP_L1Pf4)","q3Label":"rnaseq_count:FASTQC (TR2_L2Pf4_S9)"},"process":"FASTQC","mem":{"mean":408031232,"min":370368512,"q1":383306752,"q2":396341248,"q3":409398272,"max":527761408,"minLabel":"rnaseq_count:FASTQC (L2Pf4_S4)","maxLabel":"rnaseq_count:FASTQC (L3Pf1_S7)","q1Label":"rnaseq_count:FASTQC (SPZ_L1Pf8)","q2Label":"rnaseq_count:FASTQC (TR2_L1Pf2_S1)","q3Label":"rnaseq_count:FASTQC (L3Pf6_S10)"},"memUsage":{"mean":4.75,"min":4.31,"q1":4.46,"q2":4.61,"q3":4.77,"max":6.14,"minLabel":"rnaseq_count:FASTQC (L2Pf4_S4)","maxLabel":"rnaseq_count:FASTQC (L3Pf1_S7)","q1Label":"rnaseq_count:FASTQC (SPZ_L1Pf8)","q2Label":"rnaseq_count:FASTQC (TR2_L1Pf2_S1)","q3Label":"rnaseq_count:FASTQC (L3Pf6_S10)"},"timeUsage":null,"vmem":{"mean":3649067275.13,"min":3511881728,"q1":3580043264,"q2":3684261888,"q3":3692575744,"max":3820584960,"minLabel":"rnaseq_count:FASTQC (L2Pf1_S1)","maxLabel":"rnaseq_count:FASTQC (L3Pf3_S4)","q1Label":"rnaseq_count:FASTQC (TR2_L1Pf5_S4)","q2Label":"rnaseq_count:FASTQC (L3Pf6_S10)","q3Label":"rnaseq_count:FASTQC (TR2_L1Pf3_S2)"},"reads":{"mean":3151591935.46,"min":899588892,"q1":1906905528.75,"q2":2783548823.5,"q3":4300096538,"max":7127941619,"minLabel":"rnaseq_count:FASTQC (L3Pf2_S2)","maxLabel":"rnaseq_count:FASTQC (L3Pf1_S7)","q1Label":"rnaseq_count:FASTQC (L3Pf6_S10)","q2Label":"rnaseq_count:FASTQC (TR2_L2Pf1_S6)","q3Label":"rnaseq_count:FASTQC (L2Pf1_S1)"},"cpu":{"mean":94.37,"min":71.4,"q1":94.45,"q2":95.7,"q3":97.05,"max":100.1,"minLabel":"rnaseq_count:FASTQC (Day2.NoGFP_L1Pf1)","maxLabel":"rnaseq_count:FASTQC (SPZ_L1Pf8)","q1Label":"rnaseq_count:FASTQC (L3Pf2_S8)","q2Label":"rnaseq_count:FASTQC (Day4.GFP_L1Pf4)","q3Label":"rnaseq_count:FASTQC (TR2_L2Pf4_S9)"},"time":{"mean":330826.09,"min":103000,"q1":222750,"q2":300500,"q3":423000,"max":671000,"minLabel":"rnaseq_count:FASTQC (L3Pf2_S2)","maxLabel":"rnaseq_count:FASTQC (L3Pf1_S7)","q1Label":"rnaseq_count:FASTQC (Day0.Naive_L1Pf7)","q2Label":"rnaseq_count:FASTQC (Day2.GFP_L1Pf2)","q3Label":"rnaseq_count:FASTQC (L3Pf2_S8)"},"writes":{"mean":5483390.39,"min":5425483,"q1":5459604,"q2":5484863.5,"q3":5504199.25,"max":5541829,"minLabel":"rnaseq_count:FASTQC (L2Pf5_S7)","maxLabel":"rnaseq_count:FASTQC (SPZ_L1Pf8)","q1Label":"rnaseq_count:FASTQC (L3Pf7_S11)","q2Label":"rnaseq_count:FASTQC (L3Pf4_S10)","q3Label":"rnaseq_count:FASTQC (Day2.GFP_L1Pf2)"}},{"cpuUsage":{"mean":62,"min":62,"q1":62,"q2":62,"q3":62,"max":62,"minLabel":"rnaseq_count:STAR_ALIGN (Day0.Naive_L1Pf7)","maxLabel":"rnaseq_count:STAR_ALIGN (Day0.Naive_L1Pf7)","q1Label":"rnaseq_count:STAR_ALIGN (Day0.Naive_L1Pf7)","q2Label":"rnaseq_count:STAR_ALIGN (Day0.Naive_L1Pf7)","q3Label":"rnaseq_count:STAR_ALIGN (Day0.Naive_L1Pf7)"},"process":"STAR_ALIGN","mem":{"mean":63259447296,"min":63259447296,"q1":63259447296,"q2":63259447296,"q3":63259447296,"max":63259447296,"minLabel":"rnaseq_count:STAR_ALIGN (Day0.Naive_L1Pf7)","maxLabel":"rnaseq_count:STAR_ALIGN (Day0.Naive_L1Pf7)","q1Label":"rnaseq_count:STAR_ALIGN (Day0.Naive_L1Pf7)","q2Label":"rnaseq_count:STAR_ALIGN (Day0.Naive_L1Pf7)","q3Label":"rnaseq_count:STAR_ALIGN (Day0.Naive_L1Pf7)"},"memUsage":{"mean":184.11,"min":184.11,"q1":184.11,"q2":184.11,"q3":184.11,"max":184.11,"minLabel":"rnaseq_count:STAR_ALIGN (Day0.Naive_L1Pf7)","maxLabel":"rnaseq_count:STAR_ALIGN (Day0.Naive_L1Pf7)","q1Label":"rnaseq_count:STAR_ALIGN (Day0.Naive_L1Pf7)","q2Label":"rnaseq_count:STAR_ALIGN (Day0.Naive_L1Pf7)","q3Label":"rnaseq_count:STAR_ALIGN (Day0.Naive_L1Pf7)"},"timeUsage":null,"vmem":{"mean":64298848256,"min":64298848256,"q1":64298848256,"q2":64298848256,"q3":64298848256,"max":64298848256,"minLabel":"rnaseq_count:STAR_ALIGN (Day0.Naive_L1Pf7)","maxLabel":"rnaseq_count:STAR_ALIGN (Day0.Naive_L1Pf7)","q1Label":"rnaseq_count:STAR_ALIGN (Day0.Naive_L1Pf7)","q2Label":"rnaseq_count:STAR_ALIGN (Day0.Naive_L1Pf7)","q3Label":"rnaseq_count:STAR_ALIGN (Day0.Naive_L1Pf7)"},"reads":{"mean":73928045863,"min":73928045863,"q1":73928045863,"q2":73928045863,"q3":73928045863,"max":73928045863,"minLabel":"rnaseq_count:STAR_ALIGN (Day0.Naive_L1Pf7)","maxLabel":"rnaseq_count:STAR_ALIGN (Day0.Naive_L1Pf7)","q1Label":"rnaseq_count:STAR_ALIGN (Day0.Naive_L1Pf7)","q2Label":"rnaseq_count:STAR_ALIGN (Day0.Naive_L1Pf7)","q3Label":"rnaseq_count:STAR_ALIGN (Day0.Naive_L1Pf7)"},"cpu":{"mean":248,"min":248,"q1":248,"q2":248,"q3":248,"max":248,"minLabel":"rnaseq_count:STAR_ALIGN (Day0.Naive_L1Pf7)","maxLabel":"rnaseq_count:STAR_ALIGN (Day0.Naive_L1Pf7)","q1Label":"rnaseq_count:STAR_ALIGN (Day0.Naive_L1Pf7)","q2Label":"rnaseq_count:STAR_ALIGN (Day0.Naive_L1Pf7)","q3Label":"rnaseq_count:STAR_ALIGN (Day0.Naive_L1Pf7)"},"time":{"mean":1306000,"min":1306000,"q1":1306000,"q2":1306000,"q3":1306000,"max":1306000,"minLabel":"rnaseq_count:STAR_ALIGN (Day0.Naive_L1Pf7)","maxLabel":"rnaseq_count:STAR_ALIGN (Day0.Naive_L1Pf7)","q1Label":"rnaseq_count:STAR_ALIGN (Day0.Naive_L1Pf7)","q2Label":"rnaseq_count:STAR_ALIGN (Day0.Naive_L1Pf7)","q3Label":"rnaseq_count:STAR_ALIGN (Day0.Naive_L1Pf7)"},"writes":{"mean":3421703937,"min":3421703937,"q1":3421703937,"q2":3421703937,"q3":3421703937,"max":3421703937,"minLabel":"rnaseq_count:STAR_ALIGN (Day0.Naive_L1Pf7)","maxLabel":"rnaseq_count:STAR_ALIGN (Day0.Naive_L1Pf7)","q1Label":"rnaseq_count:STAR_ALIGN (Day0.Naive_L1Pf7)","q2Label":"rnaseq_count:STAR_ALIGN (Day0.Naive_L1Pf7)","q3Label":"rnaseq_count:STAR_ALIGN (Day0.Naive_L1Pf7)"}},{"cpuUsage":{"mean":108.8,"min":108.8,"q1":108.8,"q2":108.8,"q3":108.8,"max":108.8,"minLabel":"rnaseq_count:MULTIQC (1)","maxLabel":"rnaseq_count:MULTIQC (1)","q1Label":"rnaseq_count:MULTIQC (1)","q2Label":"rnaseq_count:MULTIQC (1)","q3Label":"rnaseq_count:MULTIQC (1)"},"process":"MULTIQC","mem":{"mean":1140543488,"min":1140543488,"q1":1140543488,"q2":1140543488,"q3":1140543488,"max":1140543488,"minLabel":"rnaseq_count:MULTIQC (1)","maxLabel":"rnaseq_count:MULTIQC (1)","q1Label":"rnaseq_count:MULTIQC (1)","q2Label":"rnaseq_count:MULTIQC (1)","q3Label":"rnaseq_count:MULTIQC (1)"},"memUsage":{"mean":13.28,"min":13.28,"q1":13.28,"q2":13.28,"q3":13.28,"max":13.28,"minLabel":"rnaseq_count:MULTIQC (1)","maxLabel":"rnaseq_count:MULTIQC (1)","q1Label":"rnaseq_count:MULTIQC (1)","q2Label":"rnaseq_count:MULTIQC (1)","q3Label":"rnaseq_count:MULTIQC (1)"},"timeUsage":null,"vmem":{"mean":4955598848,"min":4955598848,"q1":4955598848,"q2":4955598848,"q3":4955598848,"max":4955598848,"minLabel":"rnaseq_count:MULTIQC (1)","maxLabel":"rnaseq_count:MULTIQC (1)","q1Label":"rnaseq_count:MULTIQC (1)","q2Label":"rnaseq_count:MULTIQC (1)","q3Label":"rnaseq_count:MULTIQC (1)"},"reads":{"mean":112680121,"min":112680121,"q1":112680121,"q2":112680121,"q3":112680121,"max":112680121,"minLabel":"rnaseq_count:MULTIQC (1)","maxLabel":"rnaseq_count:MULTIQC (1)","q1Label":"rnaseq_count:MULTIQC (1)","q2Label":"rnaseq_count:MULTIQC (1)","q3Label":"rnaseq_count:MULTIQC (1)"},"cpu":{"mean":108.8,"min":108.8,"q1":108.8,"q2":108.8,"q3":108.8,"max":108.8,"minLabel":"rnaseq_count:MULTIQC (1)","maxLabel":"rnaseq_count:MULTIQC (1)","q1Label":"rnaseq_count:MULTIQC (1)","q2Label":"rnaseq_count:MULTIQC (1)","q3Label":"rnaseq_count:MULTIQC (1)"},"time":{"mean":19920,"min":19920,"q1":19920,"q2":19920,"q3":19920,"max":19920,"minLabel":"rnaseq_count:MULTIQC (1)","maxLabel":"rnaseq_count:MULTIQC (1)","q1Label":"rnaseq_count:MULTIQC (1)","q2Label":"rnaseq_count:MULTIQC (1)","q3Label":"rnaseq_count:MULTIQC (1)"},"writes":{"mean":16192064,"min":16192064,"q1":16192064,"q2":16192064,"q3":16192064,"max":16192064,"minLabel":"rnaseq_count:MULTIQC (1)","maxLabel":"rnaseq_count:MULTIQC (1)","q1Label":"rnaseq_count:MULTIQC (1)","q2Label":"rnaseq_count:MULTIQC (1)","q3Label":"rnaseq_count:MULTIQC (1)"}}]
May-09 18:31:32.895 [main] DEBUG nextflow.cache.CacheDB - Closing CacheDB done
May-09 18:31:32.919 [main] DEBUG nextflow.script.ScriptRunner - > Execution complete -- Goodbye
