Jun-23 15:04:27.011 [main] DEBUG nextflow.cli.Launcher - $> nextflow -c ./nextflow.config -log reports/pipeline_report_2022-06-23_nextflow.log run main.nf -entry rnaseq_count -profile PBS_singularity -with-report reports/pipeline_report_2022-06-23.html -with-dag dag/pipeline_report_2022-06-23_dag.pdf -cache TRUE -resume
Jun-23 15:04:27.099 [main] INFO  nextflow.cli.CmdRun - N E X T F L O W  ~  version 22.04.0
Jun-23 15:04:27.116 [main] DEBUG nextflow.config.ConfigBuilder - Found config local: /active/taylor_s/people/jsmi26/RPDEV/rnaseq_count_nf/nextflow.config
Jun-23 15:04:27.118 [main] DEBUG nextflow.config.ConfigBuilder - User config file: /active/taylor_s/people/jsmi26/RPDEV/rnaseq_count_nf/./nextflow.config
Jun-23 15:04:27.118 [main] DEBUG nextflow.config.ConfigBuilder - Parsing config file: /active/taylor_s/people/jsmi26/RPDEV/rnaseq_count_nf/nextflow.config
Jun-23 15:04:27.118 [main] DEBUG nextflow.config.ConfigBuilder - Parsing config file: /active/taylor_s/people/jsmi26/RPDEV/rnaseq_count_nf/nextflow.config
Jun-23 15:04:27.138 [main] DEBUG nextflow.config.ConfigBuilder - Applying config profile: `PBS_singularity`
Jun-23 15:04:27.941 [main] DEBUG nextflow.config.ConfigBuilder - Applying config profile: `PBS_singularity`
Jun-23 15:04:27.958 [main] DEBUG nextflow.config.ConfigBuilder - Available config profiles: [PBS_conda, PBS_singularity, local_docker, local_singularity]
Jun-23 15:04:28.024 [main] INFO  nextflow.cli.CmdRun - Launching `main.nf` [cranky_wiles] DSL2 - revision: f6a2e91cd7
Jun-23 15:04:28.038 [main] DEBUG nextflow.plugin.PluginsFacade - Setting up plugin manager > mode=prod; plugins-dir=/home/jsmi26/.nextflow/plugins; core-plugins: nf-amazon@1.7.1,nf-azure@0.13.1,nf-console@1.0.3,nf-ga4gh@1.0.3,nf-google@1.1.4,nf-sqldb@0.4.0,nf-tower@1.4.0
Jun-23 15:04:28.039 [main] DEBUG nextflow.plugin.PluginsFacade - Plugins default=[]
Jun-23 15:04:28.057 [main] INFO  org.pf4j.DefaultPluginStatusProvider - Enabled plugins: []
Jun-23 15:04:28.058 [main] INFO  org.pf4j.DefaultPluginStatusProvider - Disabled plugins: []
Jun-23 15:04:28.062 [main] INFO  org.pf4j.DefaultPluginManager - PF4J version 3.4.1 in 'deployment' mode
Jun-23 15:04:28.073 [main] INFO  org.pf4j.AbstractPluginManager - No plugins
Jun-23 15:04:28.124 [main] DEBUG nextflow.Session - Session uuid: 41804164-0d06-4519-9c96-3a55ef038306
Jun-23 15:04:28.124 [main] DEBUG nextflow.Session - Run name: cranky_wiles
Jun-23 15:04:28.124 [main] DEBUG nextflow.Session - Executor pool size: 28
Jun-23 15:04:28.158 [main] DEBUG nextflow.cli.CmdRun - 
  Version: 22.04.0 build 5697
  Created: 23-04-2022 18:00 UTC (11:00 PDT)
  System: Linux 3.10.0-1160.62.1.el7.x86_64
  Runtime: Groovy 3.0.10 on OpenJDK 64-Bit Server VM 11.0.9.1-internal+0-adhoc..src
  Encoding: UTF-8 (UTF-8)
  Process: 14382@pplhpc1cn020.childrens.sea.kids [172.31.192.70]
  CPUs: 28 - Mem: 503.6 GB (157.9 GB) - Swap: 4 GB (3.8 GB)
Jun-23 15:04:28.200 [main] DEBUG nextflow.Session - Work-dir: /home/jsmi26/temp [gpfs]
Jun-23 15:04:28.213 [main] DEBUG nextflow.executor.ExecutorFactory - Extension executors providers=[]
Jun-23 15:04:28.223 [main] DEBUG nextflow.Session - Observer factory: DefaultObserverFactory
Jun-23 15:04:28.261 [main] DEBUG nextflow.cache.CacheFactory - Using Nextflow cache factory: nextflow.cache.DefaultCacheFactory
Jun-23 15:04:28.273 [main] DEBUG nextflow.util.CustomThreadPool - Creating default thread pool > poolSize: 29; maxThreads: 1000
Jun-23 15:04:28.403 [main] DEBUG nextflow.Session - Session start invoked
Jun-23 15:04:28.880 [main] DEBUG nextflow.script.ScriptRunner - > Launching execution
Jun-23 15:04:29.723 [main] INFO  nextflow.Nextflow - R N A S E Q -  P I P E L I N E
===================================
Project           : /active/taylor_s/people/jsmi26/RPDEV/rnaseq_count_nf
Project workDir   : /home/jsmi26/temp
Container Engine  : singularity
Genome            : /gpfs/shared_data/STAR/human_v38/STAR_2.7
Samples           : test_data/sra_sample_sheet.csv

Jun-23 15:04:29.909 [main] DEBUG nextflow.script.ProcessConfig - Config settings `withName:SRATOOLS_FASTERQDUMP` matches process rnaseq_count:sra_fastqs:SRATOOLS_FASTERQDUMP
Jun-23 15:04:29.915 [main] DEBUG nextflow.executor.ExecutorFactory - << taskConfig executor: pbspro
Jun-23 15:04:29.916 [main] DEBUG nextflow.executor.ExecutorFactory - >> processorType: 'pbspro'
Jun-23 15:04:29.924 [main] DEBUG nextflow.executor.Executor - [warm up] executor > pbspro
Jun-23 15:04:29.930 [main] DEBUG n.processor.TaskPollingMonitor - Creating task monitor for executor 'pbspro' > capacity: 100; pollInterval: 5s; dumpInterval: 5m 
Jun-23 15:04:29.933 [main] DEBUG n.executor.AbstractGridExecutor - Creating executor 'pbspro' > queue-stat-interval: 1m
Jun-23 15:04:30.010 [main] DEBUG nextflow.script.ProcessConfig - Config settings `withName:FASTQC` matches process rnaseq_count:FASTQC
Jun-23 15:04:30.011 [main] DEBUG nextflow.executor.ExecutorFactory - << taskConfig executor: pbspro
Jun-23 15:04:30.011 [main] DEBUG nextflow.executor.ExecutorFactory - >> processorType: 'pbspro'
Jun-23 15:04:30.026 [main] DEBUG nextflow.script.ProcessConfig - Config settings `withName:STAR_ALIGN` matches process rnaseq_count:STAR_ALIGN
Jun-23 15:04:30.029 [main] DEBUG nextflow.executor.ExecutorFactory - << taskConfig executor: pbspro
Jun-23 15:04:30.029 [main] DEBUG nextflow.executor.ExecutorFactory - >> processorType: 'pbspro'
Jun-23 15:04:30.041 [main] DEBUG nextflow.executor.ExecutorFactory - << taskConfig executor: pbspro
Jun-23 15:04:30.041 [main] DEBUG nextflow.executor.ExecutorFactory - >> processorType: 'pbspro'
Jun-23 15:04:30.059 [main] DEBUG nextflow.script.ProcessConfig - Config settings `withLabel:RSEQC` matches labels `RSEQC` for process with name rnaseq_count:RSEQC_SPLITBAM
Jun-23 15:04:30.060 [main] DEBUG nextflow.executor.ExecutorFactory - << taskConfig executor: pbspro
Jun-23 15:04:30.060 [main] DEBUG nextflow.executor.ExecutorFactory - >> processorType: 'pbspro'
Jun-23 15:04:30.065 [main] DEBUG nextflow.script.ProcessConfig - Config settings `withLabel:RSEQC` matches labels `RSEQC` for process with name rnaseq_count:RSEQC_READDISTRIBUTION
Jun-23 15:04:30.066 [main] DEBUG nextflow.executor.ExecutorFactory - << taskConfig executor: pbspro
Jun-23 15:04:30.066 [main] DEBUG nextflow.executor.ExecutorFactory - >> processorType: 'pbspro'
Jun-23 15:04:30.070 [main] DEBUG nextflow.script.ProcessConfig - Config settings `withLabel:RSEQC` matches labels `RSEQC` for process with name rnaseq_count:RSEQC_TIN
Jun-23 15:04:30.071 [main] DEBUG nextflow.script.ProcessConfig - Config settings `withName:RSEQC_TIN` matches process rnaseq_count:RSEQC_TIN
Jun-23 15:04:30.072 [main] DEBUG nextflow.executor.ExecutorFactory - << taskConfig executor: pbspro
Jun-23 15:04:30.072 [main] DEBUG nextflow.executor.ExecutorFactory - >> processorType: 'pbspro'
Jun-23 15:04:30.097 [main] DEBUG nextflow.script.ProcessConfig - Config settings `withName:MULTIQC` matches process rnaseq_count:MULTIQC
Jun-23 15:04:30.098 [main] DEBUG nextflow.executor.ExecutorFactory - << taskConfig executor: pbspro
Jun-23 15:04:30.098 [main] DEBUG nextflow.executor.ExecutorFactory - >> processorType: 'pbspro'
Jun-23 15:04:30.102 [main] DEBUG nextflow.Session - Workflow process names [dsl2]: RSEQC_TIN, FASTQC, rnaseq_count:FASTQC, rnaseq_count:sra_fastqs:SRATOOLS_FASTERQDUMP, rnaseq_count:SAMTOOLS_INDEX, TRIMGALORE, rnaseq_count:RSEQC_READDISTRIBUTION, MULTIQC, SRATOOLS_FASTERQDUMP, RSEQC_SPLITBAM, rnaseq_count:STAR_ALIGN, RSEQC_READDISTRIBUTION, STAR_GENOMEGENERATE, rnaseq_count:RSEQC_SPLITBAM, STAR_ALIGN, rnaseq_count:MULTIQC, SAMTOOLS_INDEX, rnaseq_count:RSEQC_TIN
Jun-23 15:04:30.103 [main] DEBUG nextflow.Session - Ignite dataflow network (14)
Jun-23 15:04:30.110 [main] DEBUG nextflow.processor.TaskProcessor - Starting process > rnaseq_count:sra_fastqs:SRATOOLS_FASTERQDUMP
Jun-23 15:04:30.113 [main] DEBUG nextflow.processor.TaskProcessor - Starting process > rnaseq_count:FASTQC
Jun-23 15:04:30.114 [main] DEBUG nextflow.processor.TaskProcessor - Starting process > rnaseq_count:STAR_ALIGN
Jun-23 15:04:30.115 [main] DEBUG nextflow.processor.TaskProcessor - Starting process > rnaseq_count:SAMTOOLS_INDEX
Jun-23 15:04:30.116 [main] DEBUG nextflow.processor.TaskProcessor - Starting process > rnaseq_count:RSEQC_SPLITBAM
Jun-23 15:04:30.116 [main] DEBUG nextflow.processor.TaskProcessor - Starting process > rnaseq_count:RSEQC_READDISTRIBUTION
Jun-23 15:04:30.116 [main] DEBUG nextflow.processor.TaskProcessor - Starting process > rnaseq_count:RSEQC_TIN
Jun-23 15:04:30.117 [main] DEBUG nextflow.processor.TaskProcessor - Starting process > rnaseq_count:MULTIQC
Jun-23 15:04:30.117 [main] DEBUG nextflow.script.ScriptRunner - > Await termination 
Jun-23 15:04:30.117 [main] DEBUG nextflow.Session - Session await
Jun-23 15:04:30.209 [Actor Thread 28] DEBUG nextflow.container.SingularityCache - Singularity found local store for image=https://depot.galaxyproject.org/singularity/mulled-v2-5f89fe0cd045cb1d615630b9261a1d17943a9b6a:6a9ff0e76ec016c3d0d27e0c0d362339f2d787e6-0; path=/home/jsmi26/singularity/depot.galaxyproject.org-singularity-mulled-v2-5f89fe0cd045cb1d615630b9261a1d17943a9b6a-6a9ff0e76ec016c3d0d27e0c0d362339f2d787e6-0.img
Jun-23 15:04:30.397 [Task submitter] DEBUG nextflow.executor.GridTaskHandler - [PBSPRO] submitted process rnaseq_count:sra_fastqs:SRATOOLS_FASTERQDUMP (SRR013564) > jobId: 108599.pplhpc1hn2.childrens.sea.kids; workDir: /home/jsmi26/temp/18/f32902c22a5bcb56bc4f773ddb2515
Jun-23 15:04:30.397 [Task submitter] INFO  nextflow.Session - [18/f32902] Submitted process > rnaseq_count:sra_fastqs:SRATOOLS_FASTERQDUMP (SRR013564)
Jun-23 15:04:30.581 [Task submitter] DEBUG nextflow.executor.GridTaskHandler - [PBSPRO] submitted process rnaseq_count:sra_fastqs:SRATOOLS_FASTERQDUMP (SRR013553) > jobId: 108600.pplhpc1hn2.childrens.sea.kids; workDir: /home/jsmi26/temp/ff/38568d337c17dbae48d748a20c874e
Jun-23 15:04:30.581 [Task submitter] INFO  nextflow.Session - [ff/38568d] Submitted process > rnaseq_count:sra_fastqs:SRATOOLS_FASTERQDUMP (SRR013553)
Jun-23 15:04:49.944 [Task monitor] DEBUG n.processor.TaskPollingMonitor - Task completed > TaskHandler[jobId: 108600.pplhpc1hn2.childrens.sea.kids; id: 1; name: rnaseq_count:sra_fastqs:SRATOOLS_FASTERQDUMP (SRR013553); status: COMPLETED; exit: 0; error: -; workDir: /home/jsmi26/temp/ff/38568d337c17dbae48d748a20c874e started: 1656021875002; exited: 2022-06-23T22:04:46.840724Z; ]
Jun-23 15:04:49.975 [Actor Thread 28] DEBUG nextflow.container.SingularityCache - Singularity found local store for image=https://depot.galaxyproject.org/singularity/fastqc:0.11.9--0; path=/home/jsmi26/singularity/depot.galaxyproject.org-singularity-fastqc-0.11.9--0.img
Jun-23 15:04:49.976 [Task monitor] DEBUG nextflow.util.ThreadPoolBuilder - Creating thread pool 'FileTransfer' minSize=4; maxSize=4; workQueue=LinkedBlockingQueue[10000]; allowCoreThreadTimeout=false
Jun-23 15:04:49.978 [Actor Thread 28] DEBUG nextflow.container.SingularityCache - Singularity found local store for image=https://depot.galaxyproject.org/singularity/star:2.7.9a--h9ee0642_0; path=/home/jsmi26/singularity/depot.galaxyproject.org-singularity-star-2.7.9a--h9ee0642_0.img
Jun-23 15:04:49.982 [Actor Thread 17] DEBUG nextflow.util.CacheHelper - [WARN] Unknown hashing type: class nextflow.util.MemoryUnit
Jun-23 15:04:50.061 [Task submitter] DEBUG nextflow.executor.GridTaskHandler - [PBSPRO] submitted process rnaseq_count:FASTQC (SRR013553) > jobId: 108601.pplhpc1hn2.childrens.sea.kids; workDir: /home/jsmi26/temp/45/b91f6ae2fe2235b707b867b342e817
Jun-23 15:04:50.062 [Task submitter] INFO  nextflow.Session - [45/b91f6a] Submitted process > rnaseq_count:FASTQC (SRR013553)
Jun-23 15:04:50.252 [Task submitter] DEBUG nextflow.executor.GridTaskHandler - [PBSPRO] submitted process rnaseq_count:STAR_ALIGN (SRR013553) > jobId: 108602.pplhpc1hn2.childrens.sea.kids; workDir: /home/jsmi26/temp/04/803a8167323eb996dac7dcd0924716
Jun-23 15:04:50.253 [Task submitter] INFO  nextflow.Session - [04/803a81] Submitted process > rnaseq_count:STAR_ALIGN (SRR013553)
Jun-23 15:04:54.942 [Task monitor] DEBUG n.processor.TaskPollingMonitor - Task completed > TaskHandler[jobId: 108599.pplhpc1hn2.childrens.sea.kids; id: 2; name: rnaseq_count:sra_fastqs:SRATOOLS_FASTERQDUMP (SRR013564); status: COMPLETED; exit: 0; error: -; workDir: /home/jsmi26/temp/18/f32902c22a5bcb56bc4f773ddb2515 started: 1656021874944; exited: 2022-06-23T22:04:50.494144Z; ]
Jun-23 15:04:55.098 [Task submitter] DEBUG nextflow.executor.GridTaskHandler - [PBSPRO] submitted process rnaseq_count:FASTQC (SRR013564) > jobId: 108603.pplhpc1hn2.childrens.sea.kids; workDir: /home/jsmi26/temp/67/482698b4049bf89c6b082e3d3a6827
Jun-23 15:04:55.098 [Task submitter] INFO  nextflow.Session - [67/482698] Submitted process > rnaseq_count:FASTQC (SRR013564)
Jun-23 15:04:55.230 [Task submitter] DEBUG nextflow.executor.GridTaskHandler - [PBSPRO] submitted process rnaseq_count:STAR_ALIGN (SRR013564) > jobId: 108604.pplhpc1hn2.childrens.sea.kids; workDir: /home/jsmi26/temp/63/81ef3aa20e24551cc9f0ea98352f72
Jun-23 15:04:55.230 [Task submitter] INFO  nextflow.Session - [63/81ef3a] Submitted process > rnaseq_count:STAR_ALIGN (SRR013564)
Jun-23 15:05:04.942 [Task monitor] DEBUG n.processor.TaskPollingMonitor - Task completed > TaskHandler[jobId: 108601.pplhpc1hn2.childrens.sea.kids; id: 3; name: rnaseq_count:FASTQC (SRR013553); status: COMPLETED; exit: 0; error: -; workDir: /home/jsmi26/temp/45/b91f6ae2fe2235b707b867b342e817 started: 1656021894955; exited: 2022-06-23T22:05:00.756749Z; ]
Jun-23 15:05:04.953 [Task monitor] DEBUG n.processor.TaskPollingMonitor - Task completed > TaskHandler[jobId: 108603.pplhpc1hn2.childrens.sea.kids; id: 5; name: rnaseq_count:FASTQC (SRR013564); status: COMPLETED; exit: 0; error: -; workDir: /home/jsmi26/temp/67/482698b4049bf89c6b082e3d3a6827 started: 1656021899941; exited: 2022-06-23T22:05:03.840271Z; ]
Jun-23 15:09:04.958 [Task monitor] DEBUG n.processor.TaskPollingMonitor - Task completed > TaskHandler[jobId: 108602.pplhpc1hn2.childrens.sea.kids; id: 4; name: rnaseq_count:STAR_ALIGN (SRR013553); status: COMPLETED; exit: 0; error: -; workDir: /home/jsmi26/temp/04/803a8167323eb996dac7dcd0924716 started: 1656021894959; exited: 2022-06-23T22:09:02.838969Z; ]
Jun-23 15:09:05.116 [Task monitor] DEBUG nextflow.processor.TaskProcessor - Process rnaseq_count:STAR_ALIGN > Skipping output binding because one or more optional files are missing: fileoutparam<6:1>
Jun-23 15:09:05.117 [Task monitor] DEBUG nextflow.processor.TaskProcessor - Process rnaseq_count:STAR_ALIGN > Skipping output binding because one or more optional files are missing: fileoutparam<7:1>
Jun-23 15:09:05.117 [Task monitor] DEBUG nextflow.processor.TaskProcessor - Process rnaseq_count:STAR_ALIGN > Skipping output binding because one or more optional files are missing: fileoutparam<8:1>
Jun-23 15:09:05.118 [Task monitor] DEBUG nextflow.processor.TaskProcessor - Process rnaseq_count:STAR_ALIGN > Skipping output binding because one or more optional files are missing: fileoutparam<10:1>
Jun-23 15:09:05.118 [Task monitor] DEBUG nextflow.processor.TaskProcessor - Process rnaseq_count:STAR_ALIGN > Skipping output binding because one or more optional files are missing: fileoutparam<11:1>
Jun-23 15:09:05.120 [Actor Thread 28] DEBUG nextflow.container.SingularityCache - Singularity found local store for image=https://depot.galaxyproject.org/singularity/samtools:1.15.1--h1170115_0; path=/home/jsmi26/singularity/depot.galaxyproject.org-singularity-samtools-1.15.1--h1170115_0.img
Jun-23 15:09:05.217 [Task submitter] DEBUG nextflow.executor.GridTaskHandler - [PBSPRO] submitted process rnaseq_count:SAMTOOLS_INDEX (SRR013553) > jobId: 108605.pplhpc1hn2.childrens.sea.kids; workDir: /home/jsmi26/temp/62/7537cb0477cbb4dc785157a2a5549f
Jun-23 15:09:05.217 [Task submitter] INFO  nextflow.Session - [62/7537cb] Submitted process > rnaseq_count:SAMTOOLS_INDEX (SRR013553)
Jun-23 15:09:14.958 [Task monitor] DEBUG n.processor.TaskPollingMonitor - Task completed > TaskHandler[jobId: 108604.pplhpc1hn2.childrens.sea.kids; id: 6; name: rnaseq_count:STAR_ALIGN (SRR013564); status: COMPLETED; exit: 0; error: -; workDir: /home/jsmi26/temp/63/81ef3aa20e24551cc9f0ea98352f72 started: 1656021899945; exited: 2022-06-23T22:09:12.799486Z; ]
Jun-23 15:09:14.986 [Task monitor] DEBUG nextflow.processor.TaskProcessor - Process rnaseq_count:STAR_ALIGN > Skipping output binding because one or more optional files are missing: fileoutparam<6:1>
Jun-23 15:09:14.987 [Task monitor] DEBUG nextflow.processor.TaskProcessor - Process rnaseq_count:STAR_ALIGN > Skipping output binding because one or more optional files are missing: fileoutparam<7:1>
Jun-23 15:09:14.987 [Task monitor] DEBUG nextflow.processor.TaskProcessor - Process rnaseq_count:STAR_ALIGN > Skipping output binding because one or more optional files are missing: fileoutparam<8:1>
Jun-23 15:09:14.987 [Task monitor] DEBUG nextflow.processor.TaskProcessor - Process rnaseq_count:STAR_ALIGN > Skipping output binding because one or more optional files are missing: fileoutparam<10:1>
Jun-23 15:09:14.987 [Task monitor] DEBUG nextflow.processor.TaskProcessor - Process rnaseq_count:STAR_ALIGN > Skipping output binding because one or more optional files are missing: fileoutparam<11:1>
Jun-23 15:09:14.999 [Task monitor] DEBUG n.processor.TaskPollingMonitor - Task completed > TaskHandler[jobId: 108605.pplhpc1hn2.childrens.sea.kids; id: 7; name: rnaseq_count:SAMTOOLS_INDEX (SRR013553); status: COMPLETED; exit: 0; error: -; workDir: /home/jsmi26/temp/62/7537cb0477cbb4dc785157a2a5549f started: 1656022149957; exited: 2022-06-23T22:09:11.900145Z; ]
Jun-23 15:09:15.005 [Task monitor] DEBUG nextflow.processor.TaskProcessor - Process rnaseq_count:SAMTOOLS_INDEX > Skipping output binding because one or more optional files are missing: fileoutparam<1:1>
Jun-23 15:09:15.005 [Task monitor] DEBUG nextflow.processor.TaskProcessor - Process rnaseq_count:SAMTOOLS_INDEX > Skipping output binding because one or more optional files are missing: fileoutparam<2:1>
Jun-23 15:09:15.020 [Actor Thread 26] DEBUG nextflow.container.SingularityCache - Singularity found local store for image=https://depot.galaxyproject.org/singularity/rseqc:4.0.0--py39hbf8eff0_2; path=/home/jsmi26/singularity/depot.galaxyproject.org-singularity-rseqc-4.0.0--py39hbf8eff0_2.img
Jun-23 15:09:15.020 [Actor Thread 22] DEBUG nextflow.container.SingularityCache - Singularity found local store for image=https://depot.galaxyproject.org/singularity/rseqc:3.0.1--py37h516909a_1; path=/home/jsmi26/singularity/depot.galaxyproject.org-singularity-rseqc-3.0.1--py37h516909a_1.img
Jun-23 15:09:15.338 [Task submitter] DEBUG nextflow.executor.GridTaskHandler - [PBSPRO] submitted process rnaseq_count:SAMTOOLS_INDEX (SRR013564) > jobId: 108606.pplhpc1hn2.childrens.sea.kids; workDir: /home/jsmi26/temp/36/e39a54d4611e461948e61c524fc5fb
Jun-23 15:09:15.339 [Task submitter] INFO  nextflow.Session - [36/e39a54] Submitted process > rnaseq_count:SAMTOOLS_INDEX (SRR013564)
Jun-23 15:09:15.542 [Task submitter] DEBUG nextflow.executor.GridTaskHandler - [PBSPRO] submitted process rnaseq_count:RSEQC_SPLITBAM (SRR013553) > jobId: 108607.pplhpc1hn2.childrens.sea.kids; workDir: /home/jsmi26/temp/11/d2898830d56d6355765333cd9b4ac3
Jun-23 15:09:15.543 [Task submitter] INFO  nextflow.Session - [11/d28988] Submitted process > rnaseq_count:RSEQC_SPLITBAM (SRR013553)
Jun-23 15:09:15.683 [Task submitter] DEBUG nextflow.executor.GridTaskHandler - [PBSPRO] submitted process rnaseq_count:RSEQC_READDISTRIBUTION (SRR013553) > jobId: 108608.pplhpc1hn2.childrens.sea.kids; workDir: /home/jsmi26/temp/ad/1935026207bda630394759de3515b4
Jun-23 15:09:15.684 [Task submitter] INFO  nextflow.Session - [ad/193502] Submitted process > rnaseq_count:RSEQC_READDISTRIBUTION (SRR013553)
Jun-23 15:09:15.801 [Task submitter] DEBUG nextflow.executor.GridTaskHandler - [PBSPRO] submitted process rnaseq_count:RSEQC_TIN (SRR013553) > jobId: 108609.pplhpc1hn2.childrens.sea.kids; workDir: /home/jsmi26/temp/24/6f6fcd4eaa134bc2b13f5e77709a73
Jun-23 15:09:15.801 [Task submitter] INFO  nextflow.Session - [24/6f6fcd] Submitted process > rnaseq_count:RSEQC_TIN (SRR013553)
Jun-23 15:09:19.960 [Task monitor] DEBUG n.processor.TaskPollingMonitor - Task completed > TaskHandler[jobId: 108606.pplhpc1hn2.childrens.sea.kids; id: 8; name: rnaseq_count:SAMTOOLS_INDEX (SRR013564); status: COMPLETED; exit: 0; error: -; workDir: /home/jsmi26/temp/36/e39a54d4611e461948e61c524fc5fb started: 1656022159958; exited: 2022-06-23T22:09:18.727614Z; ]
Jun-23 15:09:19.965 [Task monitor] DEBUG nextflow.processor.TaskProcessor - Process rnaseq_count:SAMTOOLS_INDEX > Skipping output binding because one or more optional files are missing: fileoutparam<1:1>
Jun-23 15:09:19.966 [Task monitor] DEBUG nextflow.processor.TaskProcessor - Process rnaseq_count:SAMTOOLS_INDEX > Skipping output binding because one or more optional files are missing: fileoutparam<2:1>
Jun-23 15:09:20.035 [Task submitter] DEBUG nextflow.executor.GridTaskHandler - [PBSPRO] submitted process rnaseq_count:RSEQC_SPLITBAM (SRR013564) > jobId: 108610.pplhpc1hn2.childrens.sea.kids; workDir: /home/jsmi26/temp/dc/a49b83dc41ffab963063b1e662550a
Jun-23 15:09:20.035 [Task submitter] INFO  nextflow.Session - [dc/a49b83] Submitted process > rnaseq_count:RSEQC_SPLITBAM (SRR013564)
Jun-23 15:09:20.142 [Task submitter] DEBUG nextflow.executor.GridTaskHandler - [PBSPRO] submitted process rnaseq_count:RSEQC_TIN (SRR013564) > jobId: 108611.pplhpc1hn2.childrens.sea.kids; workDir: /home/jsmi26/temp/fc/6c1343364878fe58f852276979278d
Jun-23 15:09:20.142 [Task submitter] INFO  nextflow.Session - [fc/6c1343] Submitted process > rnaseq_count:RSEQC_TIN (SRR013564)
Jun-23 15:09:20.281 [Task submitter] DEBUG nextflow.executor.GridTaskHandler - [PBSPRO] submitted process rnaseq_count:RSEQC_READDISTRIBUTION (SRR013564) > jobId: 108612.pplhpc1hn2.childrens.sea.kids; workDir: /home/jsmi26/temp/30/a53d290ae2ac960966c5e25391a6ec
Jun-23 15:09:20.282 [Task submitter] INFO  nextflow.Session - [30/a53d29] Submitted process > rnaseq_count:RSEQC_READDISTRIBUTION (SRR013564)
Jun-23 15:09:24.958 [Task monitor] DEBUG n.processor.TaskPollingMonitor - Task completed > TaskHandler[jobId: 108607.pplhpc1hn2.childrens.sea.kids; id: 11; name: rnaseq_count:RSEQC_SPLITBAM (SRR013553); status: COMPLETED; exit: 0; error: -; workDir: /home/jsmi26/temp/11/d2898830d56d6355765333cd9b4ac3 started: 1656022159971; exited: 2022-06-23T22:09:22.28592Z; ]
Jun-23 15:09:29.959 [Task monitor] DEBUG n.processor.TaskPollingMonitor - Task completed > TaskHandler[jobId: 108610.pplhpc1hn2.childrens.sea.kids; id: 13; name: rnaseq_count:RSEQC_SPLITBAM (SRR013564); status: COMPLETED; exit: 0; error: -; workDir: /home/jsmi26/temp/dc/a49b83dc41ffab963063b1e662550a started: 1656022164964; exited: 2022-06-23T22:09:25.432902Z; ]
Jun-23 15:09:34.960 [Task monitor] DEBUG n.processor.TaskPollingMonitor - !! executor pbspro > tasks to be completed: 4 -- submitted tasks are shown below
~> TaskHandler[jobId: 108608.pplhpc1hn2.childrens.sea.kids; id: 9; name: rnaseq_count:RSEQC_READDISTRIBUTION (SRR013553); status: RUNNING; exit: -; error: -; workDir: /home/jsmi26/temp/ad/1935026207bda630394759de3515b4 started: 1656022159974; exited: -; ]
~> TaskHandler[jobId: 108609.pplhpc1hn2.childrens.sea.kids; id: 10; name: rnaseq_count:RSEQC_TIN (SRR013553); status: RUNNING; exit: -; error: -; workDir: /home/jsmi26/temp/24/6f6fcd4eaa134bc2b13f5e77709a73 started: 1656022159977; exited: -; ]
~> TaskHandler[jobId: 108611.pplhpc1hn2.childrens.sea.kids; id: 12; name: rnaseq_count:RSEQC_TIN (SRR013564); status: RUNNING; exit: -; error: -; workDir: /home/jsmi26/temp/fc/6c1343364878fe58f852276979278d started: 1656022164966; exited: -; ]
~> TaskHandler[jobId: 108612.pplhpc1hn2.childrens.sea.kids; id: 14; name: rnaseq_count:RSEQC_READDISTRIBUTION (SRR013564); status: RUNNING; exit: -; error: -; workDir: /home/jsmi26/temp/30/a53d290ae2ac960966c5e25391a6ec started: 1656022164968; exited: -; ]
Jun-23 15:09:44.962 [Task monitor] DEBUG n.processor.TaskPollingMonitor - Task completed > TaskHandler[jobId: 108609.pplhpc1hn2.childrens.sea.kids; id: 10; name: rnaseq_count:RSEQC_TIN (SRR013553); status: COMPLETED; exit: 0; error: -; workDir: /home/jsmi26/temp/24/6f6fcd4eaa134bc2b13f5e77709a73 started: 1656022159977; exited: 2022-06-23T22:09:43.754638Z; ]
Jun-23 15:09:49.962 [Task monitor] DEBUG n.processor.TaskPollingMonitor - Task completed > TaskHandler[jobId: 108611.pplhpc1hn2.childrens.sea.kids; id: 12; name: rnaseq_count:RSEQC_TIN (SRR013564); status: COMPLETED; exit: 0; error: -; workDir: /home/jsmi26/temp/fc/6c1343364878fe58f852276979278d started: 1656022164966; exited: 2022-06-23T22:09:46.513484Z; ]
Jun-23 15:10:09.962 [Task monitor] DEBUG n.processor.TaskPollingMonitor - Task completed > TaskHandler[jobId: 108608.pplhpc1hn2.childrens.sea.kids; id: 9; name: rnaseq_count:RSEQC_READDISTRIBUTION (SRR013553); status: COMPLETED; exit: 0; error: -; workDir: /home/jsmi26/temp/ad/1935026207bda630394759de3515b4 started: 1656022159974; exited: 2022-06-23T22:10:08.301996Z; ]
Jun-23 15:10:14.963 [Task monitor] DEBUG n.processor.TaskPollingMonitor - Task completed > TaskHandler[jobId: 108612.pplhpc1hn2.childrens.sea.kids; id: 14; name: rnaseq_count:RSEQC_READDISTRIBUTION (SRR013564); status: COMPLETED; exit: 0; error: -; workDir: /home/jsmi26/temp/30/a53d290ae2ac960966c5e25391a6ec started: 1656022164968; exited: 2022-06-23T22:10:12.418576Z; ]
Jun-23 15:10:14.988 [Actor Thread 28] DEBUG nextflow.container.SingularityCache - Singularity found local store for image=https://depot.galaxyproject.org/singularity/multiqc:1.12--pyhdfd78af_0; path=/home/jsmi26/singularity/depot.galaxyproject.org-singularity-multiqc-1.12--pyhdfd78af_0.img
Jun-23 15:10:15.076 [Task submitter] DEBUG nextflow.executor.GridTaskHandler - [PBSPRO] submitted process rnaseq_count:MULTIQC (1) > jobId: 108613.pplhpc1hn2.childrens.sea.kids; workDir: /home/jsmi26/temp/49/f96fa9d2c6d1665e34029a0a6fd246
Jun-23 15:10:15.076 [Task submitter] INFO  nextflow.Session - [49/f96fa9] Submitted process > rnaseq_count:MULTIQC (1)
Jun-23 15:10:29.964 [Task monitor] DEBUG n.processor.TaskPollingMonitor - Task completed > TaskHandler[jobId: 108613.pplhpc1hn2.childrens.sea.kids; id: 15; name: rnaseq_count:MULTIQC (1); status: COMPLETED; exit: 0; error: -; workDir: /home/jsmi26/temp/49/f96fa9d2c6d1665e34029a0a6fd246 started: 1656022219962; exited: 2022-06-23T22:10:28.300424Z; ]
Jun-23 15:10:29.979 [Task monitor] DEBUG nextflow.processor.TaskProcessor - Process rnaseq_count:MULTIQC > Skipping output binding because one or more optional files are missing: fileoutparam<2>
Jun-23 15:10:29.986 [main] DEBUG nextflow.Session - Session await > all process finished
Jun-23 15:10:29.988 [main] DEBUG nextflow.Session - Session await > all barriers passed
Jun-23 15:10:30.001 [main] INFO  nextflow.script.BaseScript - Pipeline completed at: 2022-06-23T15:10:29.989577-07:00
Jun-23 15:10:30.006 [main] INFO  nextflow.script.BaseScript - Execution status: OK
Jun-23 15:10:30.030 [main] DEBUG nextflow.trace.WorkflowStatsObserver - Workflow completed > WorkflowStats[succeededCount=15; failedCount=0; ignoredCount=0; cachedCount=0; pendingCount=0; submittedCount=0; runningCount=0; retriesCount=0; abortedCount=0; succeedDuration=36m 52s; failedDuration=0ms; cachedDuration=0ms;loadCpus=0; loadMemory=0; peakRunning=5; peakCpus=10; peakMemory=80 GB; ]
Jun-23 15:10:30.030 [main] DEBUG nextflow.trace.ReportObserver - Flow completing -- rendering html report
Jun-23 15:10:30.107 [main] DEBUG nextflow.trace.ReportObserver - Execution report summary data:
  [{"cpuUsage":{"mean":24.25,"min":22.3,"q1":23.28,"q2":24.25,"q3":25.23,"max":26.2,"minLabel":"rnaseq_count:sra_fastqs:SRATOOLS_FASTERQDUMP (SRR013564)","maxLabel":"rnaseq_count:sra_fastqs:SRATOOLS_FASTERQDUMP (SRR013553)","q1Label":"rnaseq_count:sra_fastqs:SRATOOLS_FASTERQDUMP (SRR013564)","q2Label":"rnaseq_count:sra_fastqs:SRATOOLS_FASTERQDUMP (SRR013564)","q3Label":"rnaseq_count:sra_fastqs:SRATOOLS_FASTERQDUMP (SRR013564)"},"process":"SRATOOLS_FASTERQDUMP","mem":{"mean":61413376,"min":53788672,"q1":57601024,"q2":61413376,"q3":65225728,"max":69038080,"minLabel":"rnaseq_count:sra_fastqs:SRATOOLS_FASTERQDUMP (SRR013564)","maxLabel":"rnaseq_count:sra_fastqs:SRATOOLS_FASTERQDUMP (SRR013553)","q1Label":"rnaseq_count:sra_fastqs:SRATOOLS_FASTERQDUMP (SRR013564)","q2Label":"rnaseq_count:sra_fastqs:SRATOOLS_FASTERQDUMP (SRR013564)","q3Label":"rnaseq_count:sra_fastqs:SRATOOLS_FASTERQDUMP (SRR013564)"},"memUsage":{"mean":0.36,"min":0.31,"q1":0.34,"q2":0.36,"q3":0.38,"max":0.4,"minLabel":"rnaseq_count:sra_fastqs:SRATOOLS_FASTERQDUMP (SRR013564)","maxLabel":"rnaseq_count:sra_fastqs:SRATOOLS_FASTERQDUMP (SRR013553)","q1Label":"rnaseq_count:sra_fastqs:SRATOOLS_FASTERQDUMP (SRR013564)","q2Label":"rnaseq_count:sra_fastqs:SRATOOLS_FASTERQDUMP (SRR013564)","q3Label":"rnaseq_count:sra_fastqs:SRATOOLS_FASTERQDUMP (SRR013564)"},"timeUsage":null,"vmem":{"mean":458960896,"min":428421120,"q1":443691008,"q2":458960896,"q3":474230784,"max":489500672,"minLabel":"rnaseq_count:sra_fastqs:SRATOOLS_FASTERQDUMP (SRR013564)","maxLabel":"rnaseq_count:sra_fastqs:SRATOOLS_FASTERQDUMP (SRR013553)","q1Label":"rnaseq_count:sra_fastqs:SRATOOLS_FASTERQDUMP (SRR013564)","q2Label":"rnaseq_count:sra_fastqs:SRATOOLS_FASTERQDUMP (SRR013564)","q3Label":"rnaseq_count:sra_fastqs:SRATOOLS_FASTERQDUMP (SRR013564)"},"reads":{"mean":108569685,"min":107877724,"q1":108223704.5,"q2":108569685,"q3":108915665.5,"max":109261646,"minLabel":"rnaseq_count:sra_fastqs:SRATOOLS_FASTERQDUMP (SRR013564)","maxLabel":"rnaseq_count:sra_fastqs:SRATOOLS_FASTERQDUMP (SRR013553)","q1Label":"rnaseq_count:sra_fastqs:SRATOOLS_FASTERQDUMP (SRR013564)","q2Label":"rnaseq_count:sra_fastqs:SRATOOLS_FASTERQDUMP (SRR013564)","q3Label":"rnaseq_count:sra_fastqs:SRATOOLS_FASTERQDUMP (SRR013564)"},"cpu":{"mean":24.25,"min":22.3,"q1":23.28,"q2":24.25,"q3":25.23,"max":26.2,"minLabel":"rnaseq_count:sra_fastqs:SRATOOLS_FASTERQDUMP (SRR013564)","maxLabel":"rnaseq_count:sra_fastqs:SRATOOLS_FASTERQDUMP (SRR013553)","q1Label":"rnaseq_count:sra_fastqs:SRATOOLS_FASTERQDUMP (SRR013564)","q2Label":"rnaseq_count:sra_fastqs:SRATOOLS_FASTERQDUMP (SRR013564)","q3Label":"rnaseq_count:sra_fastqs:SRATOOLS_FASTERQDUMP (SRR013564)"},"time":{"mean":14500,"min":12000,"q1":13250,"q2":14500,"q3":15750,"max":17000,"minLabel":"rnaseq_count:sra_fastqs:SRATOOLS_FASTERQDUMP (SRR013553)","maxLabel":"rnaseq_count:sra_fastqs:SRATOOLS_FASTERQDUMP (SRR013564)","q1Label":"rnaseq_count:sra_fastqs:SRATOOLS_FASTERQDUMP (SRR013553)","q2Label":"rnaseq_count:sra_fastqs:SRATOOLS_FASTERQDUMP (SRR013553)","q3Label":"rnaseq_count:sra_fastqs:SRATOOLS_FASTERQDUMP (SRR013553)"},"writes":{"mean":130447836,"min":129071034,"q1":129759435,"q2":130447836,"q3":131136237,"max":131824638,"minLabel":"rnaseq_count:sra_fastqs:SRATOOLS_FASTERQDUMP (SRR013564)","maxLabel":"rnaseq_count:sra_fastqs:SRATOOLS_FASTERQDUMP (SRR013553)","q1Label":"rnaseq_count:sra_fastqs:SRATOOLS_FASTERQDUMP (SRR013564)","q2Label":"rnaseq_count:sra_fastqs:SRATOOLS_FASTERQDUMP (SRR013564)","q3Label":"rnaseq_count:sra_fastqs:SRATOOLS_FASTERQDUMP (SRR013564)"}},{"cpuUsage":{"mean":169.95,"min":149.5,"q1":159.73,"q2":169.95,"q3":180.18,"max":190.4,"minLabel":"rnaseq_count:FASTQC (SRR013553)","maxLabel":"rnaseq_count:FASTQC (SRR013564)","q1Label":"rnaseq_count:FASTQC (SRR013553)","q2Label":"rnaseq_count:FASTQC (SRR013553)","q3Label":"rnaseq_count:FASTQC (SRR013553)"},"process":"FASTQC","mem":{"mean":308072448,"min":277352448,"q1":292712448,"q2":308072448,"q3":323432448,"max":338792448,"minLabel":"rnaseq_count:FASTQC (SRR013553)","maxLabel":"rnaseq_count:FASTQC (SRR013564)","q1Label":"rnaseq_count:FASTQC (SRR013553)","q2Label":"rnaseq_count:FASTQC (SRR013553)","q3Label":"rnaseq_count:FASTQC (SRR013553)"},"memUsage":{"mean":3.59,"min":3.23,"q1":3.41,"q2":3.59,"q3":3.77,"max":3.94,"minLabel":"rnaseq_count:FASTQC (SRR013553)","maxLabel":"rnaseq_count:FASTQC (SRR013564)","q1Label":"rnaseq_count:FASTQC (SRR013553)","q2Label":"rnaseq_count:FASTQC (SRR013553)","q3Label":"rnaseq_count:FASTQC (SRR013553)"},"timeUsage":null,"vmem":{"mean":3619133440,"min":3544408064,"q1":3581770752,"q2":3619133440,"q3":3656496128,"max":3693858816,"minLabel":"rnaseq_count:FASTQC (SRR013553)","maxLabel":"rnaseq_count:FASTQC (SRR013564)","q1Label":"rnaseq_count:FASTQC (SRR013553)","q2Label":"rnaseq_count:FASTQC (SRR013553)","q3Label":"rnaseq_count:FASTQC (SRR013553)"},"reads":{"mean":33669171,"min":33666097,"q1":33667634,"q2":33669171,"q3":33670708,"max":33672245,"minLabel":"rnaseq_count:FASTQC (SRR013564)","maxLabel":"rnaseq_count:FASTQC (SRR013553)","q1Label":"rnaseq_count:FASTQC (SRR013564)","q2Label":"rnaseq_count:FASTQC (SRR013564)","q3Label":"rnaseq_count:FASTQC (SRR013564)"},"cpu":{"mean":169.95,"min":149.5,"q1":159.73,"q2":169.95,"q3":180.18,"max":190.4,"minLabel":"rnaseq_count:FASTQC (SRR013553)","maxLabel":"rnaseq_count:FASTQC (SRR013564)","q1Label":"rnaseq_count:FASTQC (SRR013553)","q2Label":"rnaseq_count:FASTQC (SRR013553)","q3Label":"rnaseq_count:FASTQC (SRR013553)"},"time":{"mean":5500,"min":5000,"q1":5250,"q2":5500,"q3":5750,"max":6000,"minLabel":"rnaseq_count:FASTQC (SRR013564)","maxLabel":"rnaseq_count:FASTQC (SRR013553)","q1Label":"rnaseq_count:FASTQC (SRR013564)","q2Label":"rnaseq_count:FASTQC (SRR013564)","q3Label":"rnaseq_count:FASTQC (SRR013564)"},"writes":{"mean":2164186,"min":2117221,"q1":2140703.5,"q2":2164186,"q3":2187668.5,"max":2211151,"minLabel":"rnaseq_count:FASTQC (SRR013553)","maxLabel":"rnaseq_count:FASTQC (SRR013564)","q1Label":"rnaseq_count:FASTQC (SRR013553)","q2Label":"rnaseq_count:FASTQC (SRR013553)","q3Label":"rnaseq_count:FASTQC (SRR013553)"}},{"cpuUsage":{"mean":25.96,"min":25.75,"q1":25.86,"q2":25.96,"q3":26.07,"max":26.18,"minLabel":"rnaseq_count:STAR_ALIGN (SRR013564)","maxLabel":"rnaseq_count:STAR_ALIGN (SRR013553)","q1Label":"rnaseq_count:STAR_ALIGN (SRR013564)","q2Label":"rnaseq_count:STAR_ALIGN (SRR013564)","q3Label":"rnaseq_count:STAR_ALIGN (SRR013564)"},"process":"STAR_ALIGN","mem":{"mean":36281782272,"min":36278923264,"q1":36280352768,"q2":36281782272,"q3":36283211776,"max":36284641280,"minLabel":"rnaseq_count:STAR_ALIGN (SRR013564)","maxLabel":"rnaseq_count:STAR_ALIGN (SRR013553)","q1Label":"rnaseq_count:STAR_ALIGN (SRR013564)","q2Label":"rnaseq_count:STAR_ALIGN (SRR013564)","q3Label":"rnaseq_count:STAR_ALIGN (SRR013564)"},"memUsage":{"mean":105.59,"min":105.59,"q1":105.59,"q2":105.59,"q3":105.6,"max":105.6,"minLabel":"rnaseq_count:STAR_ALIGN (SRR013564)","maxLabel":"rnaseq_count:STAR_ALIGN (SRR013553)","q1Label":"rnaseq_count:STAR_ALIGN (SRR013564)","q2Label":"rnaseq_count:STAR_ALIGN (SRR013564)","q3Label":"rnaseq_count:STAR_ALIGN (SRR013564)"},"timeUsage":null,"vmem":{"mean":37272705024,"min":37266276352,"q1":37269490688,"q2":37272705024,"q3":37275919360,"max":37279133696,"minLabel":"rnaseq_count:STAR_ALIGN (SRR013564)","maxLabel":"rnaseq_count:STAR_ALIGN (SRR013553)","q1Label":"rnaseq_count:STAR_ALIGN (SRR013564)","q2Label":"rnaseq_count:STAR_ALIGN (SRR013564)","q3Label":"rnaseq_count:STAR_ALIGN (SRR013564)"},"reads":{"mean":32011850793,"min":32003823068,"q1":32007836930.5,"q2":32011850793,"q3":32015864655.5,"max":32019878518,"minLabel":"rnaseq_count:STAR_ALIGN (SRR013564)","maxLabel":"rnaseq_count:STAR_ALIGN (SRR013553)","q1Label":"rnaseq_count:STAR_ALIGN (SRR013564)","q2Label":"rnaseq_count:STAR_ALIGN (SRR013564)","q3Label":"rnaseq_count:STAR_ALIGN (SRR013564)"},"cpu":{"mean":103.85,"min":103,"q1":103.43,"q2":103.85,"q3":104.28,"max":104.7,"minLabel":"rnaseq_count:STAR_ALIGN (SRR013564)","maxLabel":"rnaseq_count:STAR_ALIGN (SRR013553)","q1Label":"rnaseq_count:STAR_ALIGN (SRR013564)","q2Label":"rnaseq_count:STAR_ALIGN (SRR013564)","q3Label":"rnaseq_count:STAR_ALIGN (SRR013564)"},"time":{"mean":251500,"min":249000,"q1":250250,"q2":251500,"q3":252750,"max":254000,"minLabel":"rnaseq_count:STAR_ALIGN (SRR013553)","maxLabel":"rnaseq_count:STAR_ALIGN (SRR013564)","q1Label":"rnaseq_count:STAR_ALIGN (SRR013553)","q2Label":"rnaseq_count:STAR_ALIGN (SRR013553)","q3Label":"rnaseq_count:STAR_ALIGN (SRR013553)"},"writes":{"mean":150014135.5,"min":141322740,"q1":145668437.75,"q2":150014135.5,"q3":154359833.25,"max":158705531,"minLabel":"rnaseq_count:STAR_ALIGN (SRR013564)","maxLabel":"rnaseq_count:STAR_ALIGN (SRR013553)","q1Label":"rnaseq_count:STAR_ALIGN (SRR013564)","q2Label":"rnaseq_count:STAR_ALIGN (SRR013564)","q3Label":"rnaseq_count:STAR_ALIGN (SRR013564)"}},{"cpuUsage":{"mean":70.95,"min":49.5,"q1":60.23,"q2":70.95,"q3":81.68,"max":92.4,"minLabel":"rnaseq_count:SAMTOOLS_INDEX (SRR013553)","maxLabel":"rnaseq_count:SAMTOOLS_INDEX (SRR013564)","q1Label":"rnaseq_count:SAMTOOLS_INDEX (SRR013553)","q2Label":"rnaseq_count:SAMTOOLS_INDEX (SRR013553)","q3Label":"rnaseq_count:SAMTOOLS_INDEX (SRR013553)"},"process":"SAMTOOLS_INDEX","mem":{"mean":2093056,"min":1630208,"q1":1861632,"q2":2093056,"q3":2324480,"max":2555904,"minLabel":"rnaseq_count:SAMTOOLS_INDEX (SRR013553)","maxLabel":"rnaseq_count:SAMTOOLS_INDEX (SRR013564)","q1Label":"rnaseq_count:SAMTOOLS_INDEX (SRR013553)","q2Label":"rnaseq_count:SAMTOOLS_INDEX (SRR013553)","q3Label":"rnaseq_count:SAMTOOLS_INDEX (SRR013553)"},"memUsage":null,"timeUsage":null,"vmem":{"mean":9351168,"min":6586368,"q1":7968768,"q2":9351168,"q3":10733568,"max":12115968,"minLabel":"rnaseq_count:SAMTOOLS_INDEX (SRR013553)","maxLabel":"rnaseq_count:SAMTOOLS_INDEX (SRR013564)","q1Label":"rnaseq_count:SAMTOOLS_INDEX (SRR013553)","q2Label":"rnaseq_count:SAMTOOLS_INDEX (SRR013553)","q3Label":"rnaseq_count:SAMTOOLS_INDEX (SRR013553)"},"reads":{"mean":5498184.5,"min":4091088,"q1":4794636.25,"q2":5498184.5,"q3":6201732.75,"max":6905281,"minLabel":"rnaseq_count:SAMTOOLS_INDEX (SRR013564)","maxLabel":"rnaseq_count:SAMTOOLS_INDEX (SRR013553)","q1Label":"rnaseq_count:SAMTOOLS_INDEX (SRR013564)","q2Label":"rnaseq_count:SAMTOOLS_INDEX (SRR013564)","q3Label":"rnaseq_count:SAMTOOLS_INDEX (SRR013564)"},"cpu":{"mean":70.95,"min":49.5,"q1":60.23,"q2":70.95,"q3":81.68,"max":92.4,"minLabel":"rnaseq_count:SAMTOOLS_INDEX (SRR013553)","maxLabel":"rnaseq_count:SAMTOOLS_INDEX (SRR013564)","q1Label":"rnaseq_count:SAMTOOLS_INDEX (SRR013553)","q2Label":"rnaseq_count:SAMTOOLS_INDEX (SRR013553)","q3Label":"rnaseq_count:SAMTOOLS_INDEX (SRR013553)"},"time":{"mean":500,"min":0,"q1":250,"q2":500,"q3":750,"max":1000,"minLabel":"rnaseq_count:SAMTOOLS_INDEX (SRR013564)","maxLabel":"rnaseq_count:SAMTOOLS_INDEX (SRR013553)","q1Label":"rnaseq_count:SAMTOOLS_INDEX (SRR013564)","q2Label":"rnaseq_count:SAMTOOLS_INDEX (SRR013564)","q3Label":"rnaseq_count:SAMTOOLS_INDEX (SRR013564)"},"writes":{"mean":1712925,"min":1676977,"q1":1694951,"q2":1712925,"q3":1730899,"max":1748873,"minLabel":"rnaseq_count:SAMTOOLS_INDEX (SRR013553)","maxLabel":"rnaseq_count:SAMTOOLS_INDEX (SRR013564)","q1Label":"rnaseq_count:SAMTOOLS_INDEX (SRR013553)","q2Label":"rnaseq_count:SAMTOOLS_INDEX (SRR013553)","q3Label":"rnaseq_count:SAMTOOLS_INDEX (SRR013553)"}},{"cpuUsage":{"mean":250.9,"min":199.8,"q1":225.35,"q2":250.9,"q3":276.45,"max":302,"minLabel":"rnaseq_count:RSEQC_SPLITBAM (SRR013553)","maxLabel":"rnaseq_count:RSEQC_SPLITBAM (SRR013564)","q1Label":"rnaseq_count:RSEQC_SPLITBAM (SRR013553)","q2Label":"rnaseq_count:RSEQC_SPLITBAM (SRR013553)","q3Label":"rnaseq_count:RSEQC_SPLITBAM (SRR013553)"},"process":"RSEQC_SPLITBAM","mem":{"mean":44732416,"min":42364928,"q1":43548672,"q2":44732416,"q3":45916160,"max":47099904,"minLabel":"rnaseq_count:RSEQC_SPLITBAM (SRR013564)","maxLabel":"rnaseq_count:RSEQC_SPLITBAM (SRR013553)","q1Label":"rnaseq_count:RSEQC_SPLITBAM (SRR013564)","q2Label":"rnaseq_count:RSEQC_SPLITBAM (SRR013564)","q3Label":"rnaseq_count:RSEQC_SPLITBAM (SRR013564)"},"memUsage":{"mean":559155200,"min":529561600,"q1":544358400,"q2":559155200,"q3":573952000,"max":588748800,"minLabel":"rnaseq_count:RSEQC_SPLITBAM (SRR013564)","maxLabel":"rnaseq_count:RSEQC_SPLITBAM (SRR013553)","q1Label":"rnaseq_count:RSEQC_SPLITBAM (SRR013564)","q2Label":"rnaseq_count:RSEQC_SPLITBAM (SRR013564)","q3Label":"rnaseq_count:RSEQC_SPLITBAM (SRR013564)"},"timeUsage":null,"vmem":{"mean":3799998464,"min":3797876736,"q1":3798937600,"q2":3799998464,"q3":3801059328,"max":3802120192,"minLabel":"rnaseq_count:RSEQC_SPLITBAM (SRR013564)","maxLabel":"rnaseq_count:RSEQC_SPLITBAM (SRR013553)","q1Label":"rnaseq_count:RSEQC_SPLITBAM (SRR013564)","q2Label":"rnaseq_count:RSEQC_SPLITBAM (SRR013564)","q3Label":"rnaseq_count:RSEQC_SPLITBAM (SRR013564)"},"reads":{"mean":25086373.5,"min":23715225,"q1":24400799.25,"q2":25086373.5,"q3":25771947.75,"max":26457522,"minLabel":"rnaseq_count:RSEQC_SPLITBAM (SRR013564)","maxLabel":"rnaseq_count:RSEQC_SPLITBAM (SRR013553)","q1Label":"rnaseq_count:RSEQC_SPLITBAM (SRR013564)","q2Label":"rnaseq_count:RSEQC_SPLITBAM (SRR013564)","q3Label":"rnaseq_count:RSEQC_SPLITBAM (SRR013564)"},"cpu":{"mean":250.9,"min":199.8,"q1":225.35,"q2":250.9,"q3":276.45,"max":302,"minLabel":"rnaseq_count:RSEQC_SPLITBAM (SRR013553)","maxLabel":"rnaseq_count:RSEQC_SPLITBAM (SRR013564)","q1Label":"rnaseq_count:RSEQC_SPLITBAM (SRR013553)","q2Label":"rnaseq_count:RSEQC_SPLITBAM (SRR013553)","q3Label":"rnaseq_count:RSEQC_SPLITBAM (SRR013553)"},"time":{"mean":3000,"min":2000,"q1":2500,"q2":3000,"q3":3500,"max":4000,"minLabel":"rnaseq_count:RSEQC_SPLITBAM (SRR013564)","maxLabel":"rnaseq_count:RSEQC_SPLITBAM (SRR013553)","q1Label":"rnaseq_count:RSEQC_SPLITBAM (SRR013564)","q2Label":"rnaseq_count:RSEQC_SPLITBAM (SRR013564)","q3Label":"rnaseq_count:RSEQC_SPLITBAM (SRR013564)"},"writes":{"mean":4485856.5,"min":3305642,"q1":3895749.25,"q2":4485856.5,"q3":5075963.75,"max":5666071,"minLabel":"rnaseq_count:RSEQC_SPLITBAM (SRR013564)","maxLabel":"rnaseq_count:RSEQC_SPLITBAM (SRR013553)","q1Label":"rnaseq_count:RSEQC_SPLITBAM (SRR013564)","q2Label":"rnaseq_count:RSEQC_SPLITBAM (SRR013564)","q3Label":"rnaseq_count:RSEQC_SPLITBAM (SRR013564)"}},{"cpuUsage":{"mean":116.1,"min":113.2,"q1":114.65,"q2":116.1,"q3":117.55,"max":119,"minLabel":"rnaseq_count:RSEQC_TIN (SRR013553)","maxLabel":"rnaseq_count:RSEQC_TIN (SRR013564)","q1Label":"rnaseq_count:RSEQC_TIN (SRR013553)","q2Label":"rnaseq_count:RSEQC_TIN (SRR013553)","q3Label":"rnaseq_count:RSEQC_TIN (SRR013553)"},"process":"RSEQC_TIN","mem":{"mean":49537024,"min":49213440,"q1":49375232,"q2":49537024,"q3":49698816,"max":49860608,"minLabel":"rnaseq_count:RSEQC_TIN (SRR013553)","maxLabel":"rnaseq_count:RSEQC_TIN (SRR013564)","q1Label":"rnaseq_count:RSEQC_TIN (SRR013553)","q2Label":"rnaseq_count:RSEQC_TIN (SRR013553)","q3Label":"rnaseq_count:RSEQC_TIN (SRR013553)"},"memUsage":{"mean":309606400,"min":307584000,"q1":308595200,"q2":309606400,"q3":310617600,"max":311628800,"minLabel":"rnaseq_count:RSEQC_TIN (SRR013553)","maxLabel":"rnaseq_count:RSEQC_TIN (SRR013564)","q1Label":"rnaseq_count:RSEQC_TIN (SRR013553)","q2Label":"rnaseq_count:RSEQC_TIN (SRR013553)","q3Label":"rnaseq_count:RSEQC_TIN (SRR013553)"},"timeUsage":null,"vmem":{"mean":1081929728,"min":1081765888,"q1":1081847808,"q2":1081929728,"q3":1082011648,"max":1082093568,"minLabel":"rnaseq_count:RSEQC_TIN (SRR013553)","maxLabel":"rnaseq_count:RSEQC_TIN (SRR013564)","q1Label":"rnaseq_count:RSEQC_TIN (SRR013553)","q2Label":"rnaseq_count:RSEQC_TIN (SRR013553)","q3Label":"rnaseq_count:RSEQC_TIN (SRR013553)"},"reads":{"mean":54963825,"min":54927877,"q1":54945851,"q2":54963825,"q3":54981799,"max":54999773,"minLabel":"rnaseq_count:RSEQC_TIN (SRR013553)","maxLabel":"rnaseq_count:RSEQC_TIN (SRR013564)","q1Label":"rnaseq_count:RSEQC_TIN (SRR013553)","q2Label":"rnaseq_count:RSEQC_TIN (SRR013553)","q3Label":"rnaseq_count:RSEQC_TIN (SRR013553)"},"cpu":{"mean":116.1,"min":113.2,"q1":114.65,"q2":116.1,"q3":117.55,"max":119,"minLabel":"rnaseq_count:RSEQC_TIN (SRR013553)","maxLabel":"rnaseq_count:RSEQC_TIN (SRR013564)","q1Label":"rnaseq_count:RSEQC_TIN (SRR013553)","q2Label":"rnaseq_count:RSEQC_TIN (SRR013553)","q3Label":"rnaseq_count:RSEQC_TIN (SRR013553)"},"time":{"mean":23000,"min":22000,"q1":22500,"q2":23000,"q3":23500,"max":24000,"minLabel":"rnaseq_count:RSEQC_TIN (SRR013564)","maxLabel":"rnaseq_count:RSEQC_TIN (SRR013553)","q1Label":"rnaseq_count:RSEQC_TIN (SRR013564)","q2Label":"rnaseq_count:RSEQC_TIN (SRR013564)","q3Label":"rnaseq_count:RSEQC_TIN (SRR013564)"},"writes":{"mean":12072526,"min":12072526,"q1":12072526,"q2":12072526,"q3":12072526,"max":12072526,"minLabel":"rnaseq_count:RSEQC_TIN (SRR013553)","maxLabel":"rnaseq_count:RSEQC_TIN (SRR013564)","q1Label":"rnaseq_count:RSEQC_TIN (SRR013553)","q2Label":"rnaseq_count:RSEQC_TIN (SRR013553)","q3Label":"rnaseq_count:RSEQC_TIN (SRR013553)"}},{"cpuUsage":{"mean":107.95,"min":106.7,"q1":107.33,"q2":107.95,"q3":108.58,"max":109.2,"minLabel":"rnaseq_count:RSEQC_READDISTRIBUTION (SRR013553)","maxLabel":"rnaseq_count:RSEQC_READDISTRIBUTION (SRR013564)","q1Label":"rnaseq_count:RSEQC_READDISTRIBUTION (SRR013553)","q2Label":"rnaseq_count:RSEQC_READDISTRIBUTION (SRR013553)","q3Label":"rnaseq_count:RSEQC_READDISTRIBUTION (SRR013553)"},"process":"RSEQC_READDISTRIBUTION","mem":{"mean":1299507200,"min":1295286272,"q1":1297396736,"q2":1299507200,"q3":1301617664,"max":1303728128,"minLabel":"rnaseq_count:RSEQC_READDISTRIBUTION (SRR013553)","maxLabel":"rnaseq_count:RSEQC_READDISTRIBUTION (SRR013564)","q1Label":"rnaseq_count:RSEQC_READDISTRIBUTION (SRR013553)","q2Label":"rnaseq_count:RSEQC_READDISTRIBUTION (SRR013553)","q3Label":"rnaseq_count:RSEQC_READDISTRIBUTION (SRR013553)"},"memUsage":{"mean":16243840000,"min":16191078400,"q1":16217459200,"q2":16243840000,"q3":16270220800,"max":16296601600,"minLabel":"rnaseq_count:RSEQC_READDISTRIBUTION (SRR013553)","maxLabel":"rnaseq_count:RSEQC_READDISTRIBUTION (SRR013564)","q1Label":"rnaseq_count:RSEQC_READDISTRIBUTION (SRR013553)","q2Label":"rnaseq_count:RSEQC_READDISTRIBUTION (SRR013553)","q3Label":"rnaseq_count:RSEQC_READDISTRIBUTION (SRR013553)"},"timeUsage":null,"vmem":{"mean":2329982976,"min":2329964544,"q1":2329973760,"q2":2329982976,"q3":2329992192,"max":2330001408,"minLabel":"rnaseq_count:RSEQC_READDISTRIBUTION (SRR013553)","maxLabel":"rnaseq_count:RSEQC_READDISTRIBUTION (SRR013564)","q1Label":"rnaseq_count:RSEQC_READDISTRIBUTION (SRR013553)","q2Label":"rnaseq_count:RSEQC_READDISTRIBUTION (SRR013553)","q3Label":"rnaseq_count:RSEQC_READDISTRIBUTION (SRR013553)"},"reads":{"mean":369722544,"min":368351396,"q1":369036970,"q2":369722544,"q3":370408118,"max":371093692,"minLabel":"rnaseq_count:RSEQC_READDISTRIBUTION (SRR013564)","maxLabel":"rnaseq_count:RSEQC_READDISTRIBUTION (SRR013553)","q1Label":"rnaseq_count:RSEQC_READDISTRIBUTION (SRR013564)","q2Label":"rnaseq_count:RSEQC_READDISTRIBUTION (SRR013564)","q3Label":"rnaseq_count:RSEQC_READDISTRIBUTION (SRR013564)"},"cpu":{"mean":107.95,"min":106.7,"q1":107.33,"q2":107.95,"q3":108.58,"max":109.2,"minLabel":"rnaseq_count:RSEQC_READDISTRIBUTION (SRR013553)","maxLabel":"rnaseq_count:RSEQC_READDISTRIBUTION (SRR013564)","q1Label":"rnaseq_count:RSEQC_READDISTRIBUTION (SRR013553)","q2Label":"rnaseq_count:RSEQC_READDISTRIBUTION (SRR013553)","q3Label":"rnaseq_count:RSEQC_READDISTRIBUTION (SRR013553)"},"time":{"mean":48500,"min":48000,"q1":48250,"q2":48500,"q3":48750,"max":49000,"minLabel":"rnaseq_count:RSEQC_READDISTRIBUTION (SRR013564)","maxLabel":"rnaseq_count:RSEQC_READDISTRIBUTION (SRR013553)","q1Label":"rnaseq_count:RSEQC_READDISTRIBUTION (SRR013564)","q2Label":"rnaseq_count:RSEQC_READDISTRIBUTION (SRR013564)","q3Label":"rnaseq_count:RSEQC_READDISTRIBUTION (SRR013564)"},"writes":{"mean":1584.5,"min":1584,"q1":1584.25,"q2":1584.5,"q3":1584.75,"max":1585,"minLabel":"rnaseq_count:RSEQC_READDISTRIBUTION (SRR013564)","maxLabel":"rnaseq_count:RSEQC_READDISTRIBUTION (SRR013553)","q1Label":"rnaseq_count:RSEQC_READDISTRIBUTION (SRR013564)","q2Label":"rnaseq_count:RSEQC_READDISTRIBUTION (SRR013564)","q3Label":"rnaseq_count:RSEQC_READDISTRIBUTION (SRR013564)"}},{"cpuUsage":{"mean":131.8,"min":131.8,"q1":131.8,"q2":131.8,"q3":131.8,"max":131.8,"minLabel":"rnaseq_count:MULTIQC (1)","maxLabel":"rnaseq_count:MULTIQC (1)","q1Label":"rnaseq_count:MULTIQC (1)","q2Label":"rnaseq_count:MULTIQC (1)","q3Label":"rnaseq_count:MULTIQC (1)"},"process":"MULTIQC","mem":{"mean":87556096,"min":87556096,"q1":87556096,"q2":87556096,"q3":87556096,"max":87556096,"minLabel":"rnaseq_count:MULTIQC (1)","maxLabel":"rnaseq_count:MULTIQC (1)","q1Label":"rnaseq_count:MULTIQC (1)","q2Label":"rnaseq_count:MULTIQC (1)","q3Label":"rnaseq_count:MULTIQC (1)"},"memUsage":{"mean":1.02,"min":1.02,"q1":1.02,"q2":1.02,"q3":1.02,"max":1.02,"minLabel":"rnaseq_count:MULTIQC (1)","maxLabel":"rnaseq_count:MULTIQC (1)","q1Label":"rnaseq_count:MULTIQC (1)","q2Label":"rnaseq_count:MULTIQC (1)","q3Label":"rnaseq_count:MULTIQC (1)"},"timeUsage":null,"vmem":{"mean":3940847616,"min":3940847616,"q1":3940847616,"q2":3940847616,"q3":3940847616,"max":3940847616,"minLabel":"rnaseq_count:MULTIQC (1)","maxLabel":"rnaseq_count:MULTIQC (1)","q1Label":"rnaseq_count:MULTIQC (1)","q2Label":"rnaseq_count:MULTIQC (1)","q3Label":"rnaseq_count:MULTIQC (1)"},"reads":{"mean":68297736,"min":68297736,"q1":68297736,"q2":68297736,"q3":68297736,"max":68297736,"minLabel":"rnaseq_count:MULTIQC (1)","maxLabel":"rnaseq_count:MULTIQC (1)","q1Label":"rnaseq_count:MULTIQC (1)","q2Label":"rnaseq_count:MULTIQC (1)","q3Label":"rnaseq_count:MULTIQC (1)"},"cpu":{"mean":131.8,"min":131.8,"q1":131.8,"q2":131.8,"q3":131.8,"max":131.8,"minLabel":"rnaseq_count:MULTIQC (1)","maxLabel":"rnaseq_count:MULTIQC (1)","q1Label":"rnaseq_count:MULTIQC (1)","q2Label":"rnaseq_count:MULTIQC (1)","q3Label":"rnaseq_count:MULTIQC (1)"},"time":{"mean":9509,"min":9509,"q1":9509,"q2":9509,"q3":9509,"max":9509,"minLabel":"rnaseq_count:MULTIQC (1)","maxLabel":"rnaseq_count:MULTIQC (1)","q1Label":"rnaseq_count:MULTIQC (1)","q2Label":"rnaseq_count:MULTIQC (1)","q3Label":"rnaseq_count:MULTIQC (1)"},"writes":{"mean":2514407,"min":2514407,"q1":2514407,"q2":2514407,"q3":2514407,"max":2514407,"minLabel":"rnaseq_count:MULTIQC (1)","maxLabel":"rnaseq_count:MULTIQC (1)","q1Label":"rnaseq_count:MULTIQC (1)","q2Label":"rnaseq_count:MULTIQC (1)","q3Label":"rnaseq_count:MULTIQC (1)"}}]
Jun-23 15:10:31.427 [main] DEBUG nextflow.cache.CacheDB - Closing CacheDB done
Jun-23 15:10:31.456 [main] DEBUG nextflow.script.ScriptRunner - > Execution complete -- Goodbye
