Jun-27 16:04:40.724 [main] DEBUG nextflow.cli.Launcher - $> nextflow -c ./nextflow.config -log reports/rrna_update_2022-06-27_nextflow.log run main.nf -entry rnaseq_count -profile PBS_singularity -with-report reports/rrna_update_2022-06-27.html -with-dag dag/rrna_update_2022-06-27_dag.pdf -cache TRUE -resume
Jun-27 16:04:40.970 [main] INFO  nextflow.cli.CmdRun - N E X T F L O W  ~  version 22.04.0
Jun-27 16:04:40.994 [main] DEBUG nextflow.config.ConfigBuilder - Found config local: /active/taylor_s/people/jsmi26/RPDEV/rnaseq_count_nf/nextflow.config
Jun-27 16:04:40.997 [main] DEBUG nextflow.config.ConfigBuilder - User config file: /active/taylor_s/people/jsmi26/RPDEV/rnaseq_count_nf/./nextflow.config
Jun-27 16:04:40.997 [main] DEBUG nextflow.config.ConfigBuilder - Parsing config file: /active/taylor_s/people/jsmi26/RPDEV/rnaseq_count_nf/nextflow.config
Jun-27 16:04:40.998 [main] DEBUG nextflow.config.ConfigBuilder - Parsing config file: /active/taylor_s/people/jsmi26/RPDEV/rnaseq_count_nf/nextflow.config
Jun-27 16:04:41.023 [main] DEBUG nextflow.config.ConfigBuilder - Applying config profile: `PBS_singularity`
Jun-27 16:04:41.906 [main] DEBUG nextflow.config.ConfigBuilder - Applying config profile: `PBS_singularity`
Jun-27 16:04:41.920 [main] DEBUG nextflow.config.ConfigBuilder - Available config profiles: [PBS_conda, PBS_singularity, local_docker, local_singularity]
Jun-27 16:04:41.975 [main] INFO  nextflow.cli.CmdRun - Launching `main.nf` [jovial_mcclintock] DSL2 - revision: e3ca0104e9
Jun-27 16:04:41.989 [main] DEBUG nextflow.plugin.PluginsFacade - Setting up plugin manager > mode=prod; plugins-dir=/home/jsmi26/.nextflow/plugins; core-plugins: nf-amazon@1.7.1,nf-azure@0.13.1,nf-console@1.0.3,nf-ga4gh@1.0.3,nf-google@1.1.4,nf-sqldb@0.4.0,nf-tower@1.4.0
Jun-27 16:04:41.992 [main] DEBUG nextflow.plugin.PluginsFacade - Plugins default=[]
Jun-27 16:04:42.008 [main] INFO  org.pf4j.DefaultPluginStatusProvider - Enabled plugins: []
Jun-27 16:04:42.010 [main] INFO  org.pf4j.DefaultPluginStatusProvider - Disabled plugins: []
Jun-27 16:04:42.015 [main] INFO  org.pf4j.DefaultPluginManager - PF4J version 3.4.1 in 'deployment' mode
Jun-27 16:04:42.026 [main] INFO  org.pf4j.AbstractPluginManager - No plugins
Jun-27 16:04:42.079 [main] DEBUG nextflow.Session - Session uuid: 41804164-0d06-4519-9c96-3a55ef038306
Jun-27 16:04:42.079 [main] DEBUG nextflow.Session - Run name: jovial_mcclintock
Jun-27 16:04:42.081 [main] DEBUG nextflow.Session - Executor pool size: 28
Jun-27 16:04:42.558 [main] DEBUG nextflow.cli.CmdRun - 
  Version: 22.04.0 build 5697
  Created: 23-04-2022 18:00 UTC (11:00 PDT)
  System: Linux 3.10.0-1160.62.1.el7.x86_64
  Runtime: Groovy 3.0.10 on OpenJDK 64-Bit Server VM 11.0.9.1-internal+0-adhoc..src
  Encoding: UTF-8 (UTF-8)
  Process: 22202@pplhpc1ln2.childrens.sea.kids [172.31.192.34]
  CPUs: 28 - Mem: 125.5 GB (9.1 GB) - Swap: 4 GB (3.8 GB)
Jun-27 16:04:42.668 [main] DEBUG nextflow.Session - Work-dir: /home/jsmi26/temp [gpfs]
Jun-27 16:04:42.696 [main] DEBUG nextflow.executor.ExecutorFactory - Extension executors providers=[]
Jun-27 16:04:42.712 [main] DEBUG nextflow.Session - Observer factory: DefaultObserverFactory
Jun-27 16:04:42.766 [main] DEBUG nextflow.cache.CacheFactory - Using Nextflow cache factory: nextflow.cache.DefaultCacheFactory
Jun-27 16:04:42.780 [main] DEBUG nextflow.util.CustomThreadPool - Creating default thread pool > poolSize: 29; maxThreads: 1000
Jun-27 16:04:43.120 [main] DEBUG nextflow.Session - Session start invoked
Jun-27 16:04:43.665 [main] DEBUG nextflow.script.ScriptRunner - > Launching execution
Jun-27 16:04:44.651 [main] INFO  nextflow.Nextflow - R N A S E Q -  P I P E L I N E
===================================
Project           : /active/taylor_s/people/jsmi26/RPDEV/rnaseq_count_nf
Project workDir   : /home/jsmi26/temp
Container Engine  : singularity
Genome            : /gpfs/shared_data/STAR/human_v38/STAR_2.7
Samples           : test_data/sra_sample_sheet.csv

Jun-27 16:04:44.940 [main] DEBUG nextflow.script.ProcessConfig - Config settings `withName:SRATOOLS_FASTERQDUMP` matches process rnaseq_count:sra_fastqs:SRATOOLS_FASTERQDUMP
Jun-27 16:04:44.947 [main] DEBUG nextflow.executor.ExecutorFactory - << taskConfig executor: pbspro
Jun-27 16:04:44.947 [main] DEBUG nextflow.executor.ExecutorFactory - >> processorType: 'pbspro'
Jun-27 16:04:44.966 [main] DEBUG nextflow.executor.Executor - [warm up] executor > pbspro
Jun-27 16:04:44.973 [main] DEBUG n.processor.TaskPollingMonitor - Creating task monitor for executor 'pbspro' > capacity: 100; pollInterval: 5s; dumpInterval: 5m 
Jun-27 16:04:44.994 [main] DEBUG n.executor.AbstractGridExecutor - Creating executor 'pbspro' > queue-stat-interval: 1m
Jun-27 16:04:45.181 [main] DEBUG nextflow.script.ProcessConfig - Config settings `withName:FASTQC` matches process rnaseq_count:FASTQC
Jun-27 16:04:45.183 [main] DEBUG nextflow.executor.ExecutorFactory - << taskConfig executor: pbspro
Jun-27 16:04:45.183 [main] DEBUG nextflow.executor.ExecutorFactory - >> processorType: 'pbspro'
Jun-27 16:04:45.201 [main] DEBUG nextflow.script.ProcessConfig - Config settings `withName:STAR_ALIGN` matches process rnaseq_count:STAR_ALIGN
Jun-27 16:04:45.206 [main] DEBUG nextflow.executor.ExecutorFactory - << taskConfig executor: pbspro
Jun-27 16:04:45.206 [main] DEBUG nextflow.executor.ExecutorFactory - >> processorType: 'pbspro'
Jun-27 16:04:45.226 [main] DEBUG nextflow.executor.ExecutorFactory - << taskConfig executor: pbspro
Jun-27 16:04:45.226 [main] DEBUG nextflow.executor.ExecutorFactory - >> processorType: 'pbspro'
Jun-27 16:04:45.245 [main] DEBUG nextflow.script.ProcessConfig - Config settings `withLabel:RSEQC` matches labels `RSEQC` for process with name rnaseq_count:RSEQC_SPLITBAM
Jun-27 16:04:45.246 [main] DEBUG nextflow.executor.ExecutorFactory - << taskConfig executor: pbspro
Jun-27 16:04:45.246 [main] DEBUG nextflow.executor.ExecutorFactory - >> processorType: 'pbspro'
Jun-27 16:04:45.254 [main] DEBUG nextflow.script.ProcessConfig - Config settings `withLabel:RSEQC` matches labels `RSEQC` for process with name rnaseq_count:RSEQC_READDISTRIBUTION
Jun-27 16:04:45.255 [main] DEBUG nextflow.executor.ExecutorFactory - << taskConfig executor: pbspro
Jun-27 16:04:45.255 [main] DEBUG nextflow.executor.ExecutorFactory - >> processorType: 'pbspro'
Jun-27 16:04:45.262 [main] DEBUG nextflow.script.ProcessConfig - Config settings `withLabel:RSEQC` matches labels `RSEQC` for process with name rnaseq_count:RSEQC_TIN
Jun-27 16:04:45.263 [main] DEBUG nextflow.script.ProcessConfig - Config settings `withName:RSEQC_TIN` matches process rnaseq_count:RSEQC_TIN
Jun-27 16:04:45.264 [main] DEBUG nextflow.executor.ExecutorFactory - << taskConfig executor: pbspro
Jun-27 16:04:45.264 [main] DEBUG nextflow.executor.ExecutorFactory - >> processorType: 'pbspro'
Jun-27 16:04:45.291 [main] DEBUG nextflow.script.ProcessConfig - Config settings `withName:MULTIQC` matches process rnaseq_count:MULTIQC
Jun-27 16:04:45.292 [main] DEBUG nextflow.executor.ExecutorFactory - << taskConfig executor: pbspro
Jun-27 16:04:45.292 [main] DEBUG nextflow.executor.ExecutorFactory - >> processorType: 'pbspro'
Jun-27 16:04:45.296 [main] DEBUG nextflow.Session - Workflow process names [dsl2]: FASTQC, RSEQC_TIN, rnaseq_count:FASTQC, rnaseq_count:sra_fastqs:SRATOOLS_FASTERQDUMP, rnaseq_count:SAMTOOLS_INDEX, TRIMGALORE, rnaseq_count:RSEQC_READDISTRIBUTION, MULTIQC, SRATOOLS_FASTERQDUMP, RSEQC_SPLITBAM, rnaseq_count:STAR_ALIGN, RSEQC_READDISTRIBUTION, STAR_GENOMEGENERATE, rnaseq_count:RSEQC_SPLITBAM, STAR_ALIGN, rnaseq_count:MULTIQC, SAMTOOLS_INDEX, rnaseq_count:RSEQC_TIN
Jun-27 16:04:45.298 [main] DEBUG nextflow.Session - Ignite dataflow network (14)
Jun-27 16:04:45.303 [main] DEBUG nextflow.processor.TaskProcessor - Starting process > rnaseq_count:sra_fastqs:SRATOOLS_FASTERQDUMP
Jun-27 16:04:45.306 [main] DEBUG nextflow.processor.TaskProcessor - Starting process > rnaseq_count:FASTQC
Jun-27 16:04:45.306 [main] DEBUG nextflow.processor.TaskProcessor - Starting process > rnaseq_count:STAR_ALIGN
Jun-27 16:04:45.307 [main] DEBUG nextflow.processor.TaskProcessor - Starting process > rnaseq_count:SAMTOOLS_INDEX
Jun-27 16:04:45.309 [main] DEBUG nextflow.processor.TaskProcessor - Starting process > rnaseq_count:RSEQC_SPLITBAM
Jun-27 16:04:45.310 [main] DEBUG nextflow.processor.TaskProcessor - Starting process > rnaseq_count:RSEQC_READDISTRIBUTION
Jun-27 16:04:45.311 [main] DEBUG nextflow.processor.TaskProcessor - Starting process > rnaseq_count:RSEQC_TIN
Jun-27 16:04:45.313 [main] DEBUG nextflow.processor.TaskProcessor - Starting process > rnaseq_count:MULTIQC
Jun-27 16:04:45.313 [main] DEBUG nextflow.script.ScriptRunner - > Await termination 
Jun-27 16:04:45.314 [main] DEBUG nextflow.Session - Session await
Jun-27 16:04:45.509 [Actor Thread 29] DEBUG nextflow.container.SingularityCache - Singularity found local store for image=https://depot.galaxyproject.org/singularity/mulled-v2-5f89fe0cd045cb1d615630b9261a1d17943a9b6a:6a9ff0e76ec016c3d0d27e0c0d362339f2d787e6-0; path=/home/jsmi26/singularity/depot.galaxyproject.org-singularity-mulled-v2-5f89fe0cd045cb1d615630b9261a1d17943a9b6a-6a9ff0e76ec016c3d0d27e0c0d362339f2d787e6-0.img
Jun-27 16:04:45.912 [Actor Thread 25] INFO  nextflow.processor.TaskProcessor - [ff/38568d] Cached process > rnaseq_count:sra_fastqs:SRATOOLS_FASTERQDUMP (SRR013553)
Jun-27 16:04:45.926 [Actor Thread 24] INFO  nextflow.processor.TaskProcessor - [18/f32902] Cached process > rnaseq_count:sra_fastqs:SRATOOLS_FASTERQDUMP (SRR013564)
Jun-27 16:04:45.954 [Actor Thread 29] DEBUG nextflow.container.SingularityCache - Singularity found local store for image=https://depot.galaxyproject.org/singularity/fastqc:0.11.9--0; path=/home/jsmi26/singularity/depot.galaxyproject.org-singularity-fastqc-0.11.9--0.img
Jun-27 16:04:45.962 [Actor Thread 29] DEBUG nextflow.container.SingularityCache - Singularity found local store for image=https://depot.galaxyproject.org/singularity/star:2.7.9a--h9ee0642_0; path=/home/jsmi26/singularity/depot.galaxyproject.org-singularity-star-2.7.9a--h9ee0642_0.img
Jun-27 16:04:45.965 [Actor Thread 25] DEBUG nextflow.util.ThreadPoolBuilder - Creating thread pool 'FileTransfer' minSize=4; maxSize=4; workQueue=LinkedBlockingQueue[10000]; allowCoreThreadTimeout=false
Jun-27 16:04:45.965 [Actor Thread 22] DEBUG nextflow.util.CacheHelper - [WARN] Unknown hashing type: class nextflow.util.MemoryUnit
Jun-27 16:04:45.973 [Actor Thread 20] INFO  nextflow.processor.TaskProcessor - [45/b91f6a] Cached process > rnaseq_count:FASTQC (SRR013553)
Jun-27 16:04:46.001 [Actor Thread 26] INFO  nextflow.processor.TaskProcessor - [67/482698] Cached process > rnaseq_count:FASTQC (SRR013564)
Jun-27 16:04:46.056 [Actor Thread 16] INFO  nextflow.processor.TaskProcessor - [63/81ef3a] Cached process > rnaseq_count:STAR_ALIGN (SRR013564)
Jun-27 16:04:46.058 [Actor Thread 22] INFO  nextflow.processor.TaskProcessor - [04/803a81] Cached process > rnaseq_count:STAR_ALIGN (SRR013553)
Jun-27 16:04:46.135 [Actor Thread 16] DEBUG nextflow.processor.TaskProcessor - Process rnaseq_count:STAR_ALIGN > Skipping output binding because one or more optional files are missing: fileoutparam<6:1>
Jun-27 16:04:46.136 [Actor Thread 16] DEBUG nextflow.processor.TaskProcessor - Process rnaseq_count:STAR_ALIGN > Skipping output binding because one or more optional files are missing: fileoutparam<7:1>
Jun-27 16:04:46.139 [Actor Thread 29] DEBUG nextflow.container.SingularityCache - Singularity found local store for image=https://depot.galaxyproject.org/singularity/samtools:1.15.1--h1170115_0; path=/home/jsmi26/singularity/depot.galaxyproject.org-singularity-samtools-1.15.1--h1170115_0.img
Jun-27 16:04:46.141 [Actor Thread 16] DEBUG nextflow.processor.TaskProcessor - Process rnaseq_count:STAR_ALIGN > Skipping output binding because one or more optional files are missing: fileoutparam<8:1>
Jun-27 16:04:46.143 [Actor Thread 16] DEBUG nextflow.processor.TaskProcessor - Process rnaseq_count:STAR_ALIGN > Skipping output binding because one or more optional files are missing: fileoutparam<10:1>
Jun-27 16:04:46.144 [Actor Thread 16] DEBUG nextflow.processor.TaskProcessor - Process rnaseq_count:STAR_ALIGN > Skipping output binding because one or more optional files are missing: fileoutparam<11:1>
Jun-27 16:04:46.148 [Actor Thread 22] DEBUG nextflow.processor.TaskProcessor - Process rnaseq_count:STAR_ALIGN > Skipping output binding because one or more optional files are missing: fileoutparam<6:1>
Jun-27 16:04:46.148 [Actor Thread 22] DEBUG nextflow.processor.TaskProcessor - Process rnaseq_count:STAR_ALIGN > Skipping output binding because one or more optional files are missing: fileoutparam<7:1>
Jun-27 16:04:46.149 [Actor Thread 22] DEBUG nextflow.processor.TaskProcessor - Process rnaseq_count:STAR_ALIGN > Skipping output binding because one or more optional files are missing: fileoutparam<8:1>
Jun-27 16:04:46.150 [Actor Thread 22] DEBUG nextflow.processor.TaskProcessor - Process rnaseq_count:STAR_ALIGN > Skipping output binding because one or more optional files are missing: fileoutparam<10:1>
Jun-27 16:04:46.150 [Actor Thread 22] DEBUG nextflow.processor.TaskProcessor - Process rnaseq_count:STAR_ALIGN > Skipping output binding because one or more optional files are missing: fileoutparam<11:1>
Jun-27 16:04:46.169 [Actor Thread 20] INFO  nextflow.processor.TaskProcessor - [36/e39a54] Cached process > rnaseq_count:SAMTOOLS_INDEX (SRR013564)
Jun-27 16:04:46.171 [Actor Thread 20] DEBUG nextflow.processor.TaskProcessor - Process rnaseq_count:SAMTOOLS_INDEX > Skipping output binding because one or more optional files are missing: fileoutparam<1:1>
Jun-27 16:04:46.172 [Actor Thread 20] DEBUG nextflow.processor.TaskProcessor - Process rnaseq_count:SAMTOOLS_INDEX > Skipping output binding because one or more optional files are missing: fileoutparam<2:1>
Jun-27 16:04:46.175 [Actor Thread 29] INFO  nextflow.processor.TaskProcessor - [62/7537cb] Cached process > rnaseq_count:SAMTOOLS_INDEX (SRR013553)
Jun-27 16:04:46.177 [Actor Thread 29] DEBUG nextflow.processor.TaskProcessor - Process rnaseq_count:SAMTOOLS_INDEX > Skipping output binding because one or more optional files are missing: fileoutparam<1:1>
Jun-27 16:04:46.177 [Actor Thread 29] DEBUG nextflow.processor.TaskProcessor - Process rnaseq_count:SAMTOOLS_INDEX > Skipping output binding because one or more optional files are missing: fileoutparam<2:1>
Jun-27 16:04:46.180 [Actor Thread 27] DEBUG nextflow.container.SingularityCache - Singularity found local store for image=https://depot.galaxyproject.org/singularity/rseqc:3.0.1--py37h516909a_1; path=/home/jsmi26/singularity/depot.galaxyproject.org-singularity-rseqc-3.0.1--py37h516909a_1.img
Jun-27 16:04:46.182 [Actor Thread 29] DEBUG nextflow.container.SingularityCache - Singularity found local store for image=https://depot.galaxyproject.org/singularity/rseqc:4.0.0--py39hbf8eff0_2; path=/home/jsmi26/singularity/depot.galaxyproject.org-singularity-rseqc-4.0.0--py39hbf8eff0_2.img
Jun-27 16:04:46.393 [Task submitter] DEBUG nextflow.executor.GridTaskHandler - [PBSPRO] submitted process rnaseq_count:RSEQC_SPLITBAM (SRR013553) > jobId: 114195.pplhpc1hn2.childrens.sea.kids; workDir: /home/jsmi26/temp/aa/441bae031c535ee27f1dc5eb581039
Jun-27 16:04:46.393 [Task submitter] INFO  nextflow.Session - [aa/441bae] Submitted process > rnaseq_count:RSEQC_SPLITBAM (SRR013553)
Jun-27 16:04:46.522 [Task submitter] DEBUG nextflow.executor.GridTaskHandler - [PBSPRO] submitted process rnaseq_count:RSEQC_TIN (SRR013564) > jobId: 114196.pplhpc1hn2.childrens.sea.kids; workDir: /home/jsmi26/temp/00/396505bd70ec8e32d0d52505b21fcf
Jun-27 16:04:46.522 [Task submitter] INFO  nextflow.Session - [00/396505] Submitted process > rnaseq_count:RSEQC_TIN (SRR013564)
Jun-27 16:04:46.615 [Task submitter] DEBUG nextflow.executor.GridTaskHandler - [PBSPRO] submitted process rnaseq_count:RSEQC_SPLITBAM (SRR013564) > jobId: 114197.pplhpc1hn2.childrens.sea.kids; workDir: /home/jsmi26/temp/db/c9fba506bfa5186a41c9b5be2be900
Jun-27 16:04:46.616 [Task submitter] INFO  nextflow.Session - [db/c9fba5] Submitted process > rnaseq_count:RSEQC_SPLITBAM (SRR013564)
Jun-27 16:04:46.759 [Task submitter] DEBUG nextflow.executor.GridTaskHandler - [PBSPRO] submitted process rnaseq_count:RSEQC_READDISTRIBUTION (SRR013553) > jobId: 114198.pplhpc1hn2.childrens.sea.kids; workDir: /home/jsmi26/temp/96/e844de489cc91469f544518687a27a
Jun-27 16:04:46.759 [Task submitter] INFO  nextflow.Session - [96/e844de] Submitted process > rnaseq_count:RSEQC_READDISTRIBUTION (SRR013553)
Jun-27 16:04:46.898 [Task submitter] DEBUG nextflow.executor.GridTaskHandler - [PBSPRO] submitted process rnaseq_count:RSEQC_READDISTRIBUTION (SRR013564) > jobId: 114199.pplhpc1hn2.childrens.sea.kids; workDir: /home/jsmi26/temp/d5/c7656ee891aa59fb258e5c81e6842f
Jun-27 16:04:46.898 [Task submitter] INFO  nextflow.Session - [d5/c7656e] Submitted process > rnaseq_count:RSEQC_READDISTRIBUTION (SRR013564)
Jun-27 16:04:46.988 [Task submitter] DEBUG nextflow.executor.GridTaskHandler - [PBSPRO] submitted process rnaseq_count:RSEQC_TIN (SRR013553) > jobId: 114200.pplhpc1hn2.childrens.sea.kids; workDir: /home/jsmi26/temp/14/66dcfddfafcb63d798f62382c15d12
Jun-27 16:04:46.989 [Task submitter] INFO  nextflow.Session - [14/66dcfd] Submitted process > rnaseq_count:RSEQC_TIN (SRR013553)
Jun-27 16:05:00.025 [Task monitor] DEBUG n.processor.TaskPollingMonitor - Task completed > TaskHandler[jobId: 114195.pplhpc1hn2.childrens.sea.kids; id: 12; name: rnaseq_count:RSEQC_SPLITBAM (SRR013553); status: COMPLETED; exit: 0; error: -; workDir: /home/jsmi26/temp/aa/441bae031c535ee27f1dc5eb581039 started: 1656371090033; exited: 2022-06-27T23:04:58.031073Z; ]
Jun-27 16:05:00.067 [Task monitor] DEBUG n.processor.TaskPollingMonitor - Task completed > TaskHandler[jobId: 114197.pplhpc1hn2.childrens.sea.kids; id: 11; name: rnaseq_count:RSEQC_SPLITBAM (SRR013564); status: COMPLETED; exit: 0; error: -; workDir: /home/jsmi26/temp/db/c9fba506bfa5186a41c9b5be2be900 started: 1656371090042; exited: 2022-06-27T23:04:57.817526Z; ]
Jun-27 16:05:25.010 [Task monitor] DEBUG n.processor.TaskPollingMonitor - Task completed > TaskHandler[jobId: 114196.pplhpc1hn2.childrens.sea.kids; id: 10; name: rnaseq_count:RSEQC_TIN (SRR013564); status: COMPLETED; exit: 0; error: -; workDir: /home/jsmi26/temp/00/396505bd70ec8e32d0d52505b21fcf started: 1656371090039; exited: 2022-06-27T23:05:22.84836Z; ]
Jun-27 16:05:35.200 [Task monitor] DEBUG n.processor.TaskPollingMonitor - Task completed > TaskHandler[jobId: 114198.pplhpc1hn2.childrens.sea.kids; id: 14; name: rnaseq_count:RSEQC_READDISTRIBUTION (SRR013553); status: COMPLETED; exit: 0; error: -; workDir: /home/jsmi26/temp/96/e844de489cc91469f544518687a27a started: 1656371090043; exited: 2022-06-27T23:05:33.491527Z; ]
Jun-27 16:05:45.008 [Task monitor] DEBUG n.processor.TaskPollingMonitor - Task completed > TaskHandler[jobId: 114199.pplhpc1hn2.childrens.sea.kids; id: 9; name: rnaseq_count:RSEQC_READDISTRIBUTION (SRR013564); status: COMPLETED; exit: 0; error: -; workDir: /home/jsmi26/temp/d5/c7656ee891aa59fb258e5c81e6842f started: 1656371090045; exited: 2022-06-27T23:05:40.198812Z; ]
Jun-27 16:06:05.011 [Task monitor] DEBUG n.processor.TaskPollingMonitor - Task completed > TaskHandler[jobId: 114200.pplhpc1hn2.childrens.sea.kids; id: 13; name: rnaseq_count:RSEQC_TIN (SRR013553); status: COMPLETED; exit: 0; error: -; workDir: /home/jsmi26/temp/14/66dcfddfafcb63d798f62382c15d12 started: 1656371090047; exited: 2022-06-27T23:06:01.784041Z; ]
Jun-27 16:06:05.093 [Actor Thread 21] DEBUG nextflow.container.SingularityCache - Singularity found local store for image=https://depot.galaxyproject.org/singularity/multiqc:1.12--pyhdfd78af_0; path=/home/jsmi26/singularity/depot.galaxyproject.org-singularity-multiqc-1.12--pyhdfd78af_0.img
Jun-27 16:06:05.206 [Task submitter] DEBUG nextflow.executor.GridTaskHandler - [PBSPRO] submitted process rnaseq_count:MULTIQC (1) > jobId: 114201.pplhpc1hn2.childrens.sea.kids; workDir: /home/jsmi26/temp/b5/cd177de6a7b6b445690839c42b0fe2
Jun-27 16:06:05.207 [Task submitter] INFO  nextflow.Session - [b5/cd177d] Submitted process > rnaseq_count:MULTIQC (1)
Jun-27 16:06:25.011 [Task monitor] DEBUG n.processor.TaskPollingMonitor - Task completed > TaskHandler[jobId: 114201.pplhpc1hn2.childrens.sea.kids; id: 15; name: rnaseq_count:MULTIQC (1); status: COMPLETED; exit: 0; error: -; workDir: /home/jsmi26/temp/b5/cd177de6a7b6b445690839c42b0fe2 started: 1656371170148; exited: 2022-06-27T23:06:20.122767Z; ]
Jun-27 16:06:25.059 [Task monitor] DEBUG nextflow.processor.TaskProcessor - Process rnaseq_count:MULTIQC > Skipping output binding because one or more optional files are missing: fileoutparam<2>
Jun-27 16:06:25.063 [main] DEBUG nextflow.Session - Session await > all process finished
Jun-27 16:06:30.006 [main] DEBUG nextflow.Session - Session await > all barriers passed
Jun-27 16:06:30.042 [main] INFO  nextflow.script.BaseScript - Pipeline completed at: 2022-06-27T16:06:30.011821-07:00
Jun-27 16:06:30.047 [main] INFO  nextflow.script.BaseScript - Execution status: OK
Jun-27 16:06:30.057 [main] DEBUG nextflow.trace.WorkflowStatsObserver - Workflow completed > WorkflowStats[succeededCount=7; failedCount=0; ignoredCount=0; cachedCount=8; pendingCount=0; submittedCount=0; runningCount=0; retriesCount=0; abortedCount=0; succeedDuration=3m 19s; failedDuration=0ms; cachedDuration=34m 13s;loadCpus=0; loadMemory=0; peakRunning=6; peakCpus=6; peakMemory=8 GB; ]
Jun-27 16:06:30.058 [main] DEBUG nextflow.trace.ReportObserver - Flow completing -- rendering html report
Jun-27 16:06:30.140 [main] DEBUG nextflow.trace.ReportObserver - Execution report summary data:
  [{"cpuUsage":{"mean":24.25,"min":22.3,"q1":23.28,"q2":24.25,"q3":25.23,"max":26.2,"minLabel":"rnaseq_count:sra_fastqs:SRATOOLS_FASTERQDUMP (SRR013564)","maxLabel":"rnaseq_count:sra_fastqs:SRATOOLS_FASTERQDUMP (SRR013553)","q1Label":"rnaseq_count:sra_fastqs:SRATOOLS_FASTERQDUMP (SRR013564)","q2Label":"rnaseq_count:sra_fastqs:SRATOOLS_FASTERQDUMP (SRR013564)","q3Label":"rnaseq_count:sra_fastqs:SRATOOLS_FASTERQDUMP (SRR013564)"},"process":"SRATOOLS_FASTERQDUMP","mem":{"mean":61413376,"min":53788672,"q1":57601024,"q2":61413376,"q3":65225728,"max":69038080,"minLabel":"rnaseq_count:sra_fastqs:SRATOOLS_FASTERQDUMP (SRR013564)","maxLabel":"rnaseq_count:sra_fastqs:SRATOOLS_FASTERQDUMP (SRR013553)","q1Label":"rnaseq_count:sra_fastqs:SRATOOLS_FASTERQDUMP (SRR013564)","q2Label":"rnaseq_count:sra_fastqs:SRATOOLS_FASTERQDUMP (SRR013564)","q3Label":"rnaseq_count:sra_fastqs:SRATOOLS_FASTERQDUMP (SRR013564)"},"memUsage":{"mean":0.36,"min":0.31,"q1":0.34,"q2":0.36,"q3":0.38,"max":0.4,"minLabel":"rnaseq_count:sra_fastqs:SRATOOLS_FASTERQDUMP (SRR013564)","maxLabel":"rnaseq_count:sra_fastqs:SRATOOLS_FASTERQDUMP (SRR013553)","q1Label":"rnaseq_count:sra_fastqs:SRATOOLS_FASTERQDUMP (SRR013564)","q2Label":"rnaseq_count:sra_fastqs:SRATOOLS_FASTERQDUMP (SRR013564)","q3Label":"rnaseq_count:sra_fastqs:SRATOOLS_FASTERQDUMP (SRR013564)"},"timeUsage":null,"vmem":{"mean":458960896,"min":428421120,"q1":443691008,"q2":458960896,"q3":474230784,"max":489500672,"minLabel":"rnaseq_count:sra_fastqs:SRATOOLS_FASTERQDUMP (SRR013564)","maxLabel":"rnaseq_count:sra_fastqs:SRATOOLS_FASTERQDUMP (SRR013553)","q1Label":"rnaseq_count:sra_fastqs:SRATOOLS_FASTERQDUMP (SRR013564)","q2Label":"rnaseq_count:sra_fastqs:SRATOOLS_FASTERQDUMP (SRR013564)","q3Label":"rnaseq_count:sra_fastqs:SRATOOLS_FASTERQDUMP (SRR013564)"},"reads":{"mean":108569685,"min":107877724,"q1":108223704.5,"q2":108569685,"q3":108915665.5,"max":109261646,"minLabel":"rnaseq_count:sra_fastqs:SRATOOLS_FASTERQDUMP (SRR013564)","maxLabel":"rnaseq_count:sra_fastqs:SRATOOLS_FASTERQDUMP (SRR013553)","q1Label":"rnaseq_count:sra_fastqs:SRATOOLS_FASTERQDUMP (SRR013564)","q2Label":"rnaseq_count:sra_fastqs:SRATOOLS_FASTERQDUMP (SRR013564)","q3Label":"rnaseq_count:sra_fastqs:SRATOOLS_FASTERQDUMP (SRR013564)"},"cpu":{"mean":24.25,"min":22.3,"q1":23.28,"q2":24.25,"q3":25.23,"max":26.2,"minLabel":"rnaseq_count:sra_fastqs:SRATOOLS_FASTERQDUMP (SRR013564)","maxLabel":"rnaseq_count:sra_fastqs:SRATOOLS_FASTERQDUMP (SRR013553)","q1Label":"rnaseq_count:sra_fastqs:SRATOOLS_FASTERQDUMP (SRR013564)","q2Label":"rnaseq_count:sra_fastqs:SRATOOLS_FASTERQDUMP (SRR013564)","q3Label":"rnaseq_count:sra_fastqs:SRATOOLS_FASTERQDUMP (SRR013564)"},"time":{"mean":14500,"min":12000,"q1":13250,"q2":14500,"q3":15750,"max":17000,"minLabel":"rnaseq_count:sra_fastqs:SRATOOLS_FASTERQDUMP (SRR013553)","maxLabel":"rnaseq_count:sra_fastqs:SRATOOLS_FASTERQDUMP (SRR013564)","q1Label":"rnaseq_count:sra_fastqs:SRATOOLS_FASTERQDUMP (SRR013553)","q2Label":"rnaseq_count:sra_fastqs:SRATOOLS_FASTERQDUMP (SRR013553)","q3Label":"rnaseq_count:sra_fastqs:SRATOOLS_FASTERQDUMP (SRR013553)"},"writes":{"mean":130447836,"min":129071034,"q1":129759435,"q2":130447836,"q3":131136237,"max":131824638,"minLabel":"rnaseq_count:sra_fastqs:SRATOOLS_FASTERQDUMP (SRR013564)","maxLabel":"rnaseq_count:sra_fastqs:SRATOOLS_FASTERQDUMP (SRR013553)","q1Label":"rnaseq_count:sra_fastqs:SRATOOLS_FASTERQDUMP (SRR013564)","q2Label":"rnaseq_count:sra_fastqs:SRATOOLS_FASTERQDUMP (SRR013564)","q3Label":"rnaseq_count:sra_fastqs:SRATOOLS_FASTERQDUMP (SRR013564)"}},{"cpuUsage":{"mean":169.95,"min":149.5,"q1":159.73,"q2":169.95,"q3":180.18,"max":190.4,"minLabel":"rnaseq_count:FASTQC (SRR013553)","maxLabel":"rnaseq_count:FASTQC (SRR013564)","q1Label":"rnaseq_count:FASTQC (SRR013553)","q2Label":"rnaseq_count:FASTQC (SRR013553)","q3Label":"rnaseq_count:FASTQC (SRR013553)"},"process":"FASTQC","mem":{"mean":308072448,"min":277352448,"q1":292712448,"q2":308072448,"q3":323432448,"max":338792448,"minLabel":"rnaseq_count:FASTQC (SRR013553)","maxLabel":"rnaseq_count:FASTQC (SRR013564)","q1Label":"rnaseq_count:FASTQC (SRR013553)","q2Label":"rnaseq_count:FASTQC (SRR013553)","q3Label":"rnaseq_count:FASTQC (SRR013553)"},"memUsage":{"mean":3.59,"min":3.23,"q1":3.41,"q2":3.59,"q3":3.77,"max":3.94,"minLabel":"rnaseq_count:FASTQC (SRR013553)","maxLabel":"rnaseq_count:FASTQC (SRR013564)","q1Label":"rnaseq_count:FASTQC (SRR013553)","q2Label":"rnaseq_count:FASTQC (SRR013553)","q3Label":"rnaseq_count:FASTQC (SRR013553)"},"timeUsage":null,"vmem":{"mean":3619133440,"min":3544408064,"q1":3581770752,"q2":3619133440,"q3":3656496128,"max":3693858816,"minLabel":"rnaseq_count:FASTQC (SRR013553)","maxLabel":"rnaseq_count:FASTQC (SRR013564)","q1Label":"rnaseq_count:FASTQC (SRR013553)","q2Label":"rnaseq_count:FASTQC (SRR013553)","q3Label":"rnaseq_count:FASTQC (SRR013553)"},"reads":{"mean":33669171,"min":33666097,"q1":33667634,"q2":33669171,"q3":33670708,"max":33672245,"minLabel":"rnaseq_count:FASTQC (SRR013564)","maxLabel":"rnaseq_count:FASTQC (SRR013553)","q1Label":"rnaseq_count:FASTQC (SRR013564)","q2Label":"rnaseq_count:FASTQC (SRR013564)","q3Label":"rnaseq_count:FASTQC (SRR013564)"},"cpu":{"mean":169.95,"min":149.5,"q1":159.73,"q2":169.95,"q3":180.18,"max":190.4,"minLabel":"rnaseq_count:FASTQC (SRR013553)","maxLabel":"rnaseq_count:FASTQC (SRR013564)","q1Label":"rnaseq_count:FASTQC (SRR013553)","q2Label":"rnaseq_count:FASTQC (SRR013553)","q3Label":"rnaseq_count:FASTQC (SRR013553)"},"time":{"mean":5500,"min":5000,"q1":5250,"q2":5500,"q3":5750,"max":6000,"minLabel":"rnaseq_count:FASTQC (SRR013564)","maxLabel":"rnaseq_count:FASTQC (SRR013553)","q1Label":"rnaseq_count:FASTQC (SRR013564)","q2Label":"rnaseq_count:FASTQC (SRR013564)","q3Label":"rnaseq_count:FASTQC (SRR013564)"},"writes":{"mean":2164186,"min":2117221,"q1":2140703.5,"q2":2164186,"q3":2187668.5,"max":2211151,"minLabel":"rnaseq_count:FASTQC (SRR013553)","maxLabel":"rnaseq_count:FASTQC (SRR013564)","q1Label":"rnaseq_count:FASTQC (SRR013553)","q2Label":"rnaseq_count:FASTQC (SRR013553)","q3Label":"rnaseq_count:FASTQC (SRR013553)"}},{"cpuUsage":{"mean":25.96,"min":25.75,"q1":25.86,"q2":25.96,"q3":26.07,"max":26.18,"minLabel":"rnaseq_count:STAR_ALIGN (SRR013564)","maxLabel":"rnaseq_count:STAR_ALIGN (SRR013553)","q1Label":"rnaseq_count:STAR_ALIGN (SRR013564)","q2Label":"rnaseq_count:STAR_ALIGN (SRR013564)","q3Label":"rnaseq_count:STAR_ALIGN (SRR013564)"},"process":"STAR_ALIGN","mem":{"mean":36281782272,"min":36278923264,"q1":36280352768,"q2":36281782272,"q3":36283211776,"max":36284641280,"minLabel":"rnaseq_count:STAR_ALIGN (SRR013564)","maxLabel":"rnaseq_count:STAR_ALIGN (SRR013553)","q1Label":"rnaseq_count:STAR_ALIGN (SRR013564)","q2Label":"rnaseq_count:STAR_ALIGN (SRR013564)","q3Label":"rnaseq_count:STAR_ALIGN (SRR013564)"},"memUsage":{"mean":105.59,"min":105.59,"q1":105.59,"q2":105.59,"q3":105.6,"max":105.6,"minLabel":"rnaseq_count:STAR_ALIGN (SRR013564)","maxLabel":"rnaseq_count:STAR_ALIGN (SRR013553)","q1Label":"rnaseq_count:STAR_ALIGN (SRR013564)","q2Label":"rnaseq_count:STAR_ALIGN (SRR013564)","q3Label":"rnaseq_count:STAR_ALIGN (SRR013564)"},"timeUsage":null,"vmem":{"mean":37272705024,"min":37266276352,"q1":37269490688,"q2":37272705024,"q3":37275919360,"max":37279133696,"minLabel":"rnaseq_count:STAR_ALIGN (SRR013564)","maxLabel":"rnaseq_count:STAR_ALIGN (SRR013553)","q1Label":"rnaseq_count:STAR_ALIGN (SRR013564)","q2Label":"rnaseq_count:STAR_ALIGN (SRR013564)","q3Label":"rnaseq_count:STAR_ALIGN (SRR013564)"},"reads":{"mean":32011850793,"min":32003823068,"q1":32007836930.5,"q2":32011850793,"q3":32015864655.5,"max":32019878518,"minLabel":"rnaseq_count:STAR_ALIGN (SRR013564)","maxLabel":"rnaseq_count:STAR_ALIGN (SRR013553)","q1Label":"rnaseq_count:STAR_ALIGN (SRR013564)","q2Label":"rnaseq_count:STAR_ALIGN (SRR013564)","q3Label":"rnaseq_count:STAR_ALIGN (SRR013564)"},"cpu":{"mean":103.85,"min":103,"q1":103.43,"q2":103.85,"q3":104.28,"max":104.7,"minLabel":"rnaseq_count:STAR_ALIGN (SRR013564)","maxLabel":"rnaseq_count:STAR_ALIGN (SRR013553)","q1Label":"rnaseq_count:STAR_ALIGN (SRR013564)","q2Label":"rnaseq_count:STAR_ALIGN (SRR013564)","q3Label":"rnaseq_count:STAR_ALIGN (SRR013564)"},"time":{"mean":251500,"min":249000,"q1":250250,"q2":251500,"q3":252750,"max":254000,"minLabel":"rnaseq_count:STAR_ALIGN (SRR013553)","maxLabel":"rnaseq_count:STAR_ALIGN (SRR013564)","q1Label":"rnaseq_count:STAR_ALIGN (SRR013553)","q2Label":"rnaseq_count:STAR_ALIGN (SRR013553)","q3Label":"rnaseq_count:STAR_ALIGN (SRR013553)"},"writes":{"mean":150014135.5,"min":141322740,"q1":145668437.75,"q2":150014135.5,"q3":154359833.25,"max":158705531,"minLabel":"rnaseq_count:STAR_ALIGN (SRR013564)","maxLabel":"rnaseq_count:STAR_ALIGN (SRR013553)","q1Label":"rnaseq_count:STAR_ALIGN (SRR013564)","q2Label":"rnaseq_count:STAR_ALIGN (SRR013564)","q3Label":"rnaseq_count:STAR_ALIGN (SRR013564)"}},{"cpuUsage":{"mean":70.95,"min":49.5,"q1":60.23,"q2":70.95,"q3":81.68,"max":92.4,"minLabel":"rnaseq_count:SAMTOOLS_INDEX (SRR013553)","maxLabel":"rnaseq_count:SAMTOOLS_INDEX (SRR013564)","q1Label":"rnaseq_count:SAMTOOLS_INDEX (SRR013553)","q2Label":"rnaseq_count:SAMTOOLS_INDEX (SRR013553)","q3Label":"rnaseq_count:SAMTOOLS_INDEX (SRR013553)"},"process":"SAMTOOLS_INDEX","mem":{"mean":2093056,"min":1630208,"q1":1861632,"q2":2093056,"q3":2324480,"max":2555904,"minLabel":"rnaseq_count:SAMTOOLS_INDEX (SRR013553)","maxLabel":"rnaseq_count:SAMTOOLS_INDEX (SRR013564)","q1Label":"rnaseq_count:SAMTOOLS_INDEX (SRR013553)","q2Label":"rnaseq_count:SAMTOOLS_INDEX (SRR013553)","q3Label":"rnaseq_count:SAMTOOLS_INDEX (SRR013553)"},"memUsage":null,"timeUsage":null,"vmem":{"mean":9351168,"min":6586368,"q1":7968768,"q2":9351168,"q3":10733568,"max":12115968,"minLabel":"rnaseq_count:SAMTOOLS_INDEX (SRR013553)","maxLabel":"rnaseq_count:SAMTOOLS_INDEX (SRR013564)","q1Label":"rnaseq_count:SAMTOOLS_INDEX (SRR013553)","q2Label":"rnaseq_count:SAMTOOLS_INDEX (SRR013553)","q3Label":"rnaseq_count:SAMTOOLS_INDEX (SRR013553)"},"reads":{"mean":5498184.5,"min":4091088,"q1":4794636.25,"q2":5498184.5,"q3":6201732.75,"max":6905281,"minLabel":"rnaseq_count:SAMTOOLS_INDEX (SRR013564)","maxLabel":"rnaseq_count:SAMTOOLS_INDEX (SRR013553)","q1Label":"rnaseq_count:SAMTOOLS_INDEX (SRR013564)","q2Label":"rnaseq_count:SAMTOOLS_INDEX (SRR013564)","q3Label":"rnaseq_count:SAMTOOLS_INDEX (SRR013564)"},"cpu":{"mean":70.95,"min":49.5,"q1":60.23,"q2":70.95,"q3":81.68,"max":92.4,"minLabel":"rnaseq_count:SAMTOOLS_INDEX (SRR013553)","maxLabel":"rnaseq_count:SAMTOOLS_INDEX (SRR013564)","q1Label":"rnaseq_count:SAMTOOLS_INDEX (SRR013553)","q2Label":"rnaseq_count:SAMTOOLS_INDEX (SRR013553)","q3Label":"rnaseq_count:SAMTOOLS_INDEX (SRR013553)"},"time":{"mean":500,"min":0,"q1":250,"q2":500,"q3":750,"max":1000,"minLabel":"rnaseq_count:SAMTOOLS_INDEX (SRR013564)","maxLabel":"rnaseq_count:SAMTOOLS_INDEX (SRR013553)","q1Label":"rnaseq_count:SAMTOOLS_INDEX (SRR013564)","q2Label":"rnaseq_count:SAMTOOLS_INDEX (SRR013564)","q3Label":"rnaseq_count:SAMTOOLS_INDEX (SRR013564)"},"writes":{"mean":1712925,"min":1676977,"q1":1694951,"q2":1712925,"q3":1730899,"max":1748873,"minLabel":"rnaseq_count:SAMTOOLS_INDEX (SRR013553)","maxLabel":"rnaseq_count:SAMTOOLS_INDEX (SRR013564)","q1Label":"rnaseq_count:SAMTOOLS_INDEX (SRR013553)","q2Label":"rnaseq_count:SAMTOOLS_INDEX (SRR013553)","q3Label":"rnaseq_count:SAMTOOLS_INDEX (SRR013553)"}},{"cpuUsage":{"mean":155.4,"min":154.6,"q1":155,"q2":155.4,"q3":155.8,"max":156.2,"minLabel":"rnaseq_count:RSEQC_SPLITBAM (SRR013564)","maxLabel":"rnaseq_count:RSEQC_SPLITBAM (SRR013553)","q1Label":"rnaseq_count:RSEQC_SPLITBAM (SRR013564)","q2Label":"rnaseq_count:RSEQC_SPLITBAM (SRR013564)","q3Label":"rnaseq_count:RSEQC_SPLITBAM (SRR013564)"},"process":"RSEQC_SPLITBAM","mem":{"mean":35700736,"min":34656256,"q1":35178496,"q2":35700736,"q3":36222976,"max":36745216,"minLabel":"rnaseq_count:RSEQC_SPLITBAM (SRR013564)","maxLabel":"rnaseq_count:RSEQC_SPLITBAM (SRR013553)","q1Label":"rnaseq_count:RSEQC_SPLITBAM (SRR013564)","q2Label":"rnaseq_count:RSEQC_SPLITBAM (SRR013564)","q3Label":"rnaseq_count:RSEQC_SPLITBAM (SRR013564)"},"memUsage":{"mean":446259200,"min":433203200,"q1":439731200,"q2":446259200,"q3":452787200,"max":459315200,"minLabel":"rnaseq_count:RSEQC_SPLITBAM (SRR013564)","maxLabel":"rnaseq_count:RSEQC_SPLITBAM (SRR013553)","q1Label":"rnaseq_count:RSEQC_SPLITBAM (SRR013564)","q2Label":"rnaseq_count:RSEQC_SPLITBAM (SRR013564)","q3Label":"rnaseq_count:RSEQC_SPLITBAM (SRR013564)"},"timeUsage":null,"vmem":{"mean":3772620800,"min":3768999936,"q1":3770810368,"q2":3772620800,"q3":3774431232,"max":3776241664,"minLabel":"rnaseq_count:RSEQC_SPLITBAM (SRR013553)","maxLabel":"rnaseq_count:RSEQC_SPLITBAM (SRR013564)","q1Label":"rnaseq_count:RSEQC_SPLITBAM (SRR013553)","q2Label":"rnaseq_count:RSEQC_SPLITBAM (SRR013553)","q3Label":"rnaseq_count:RSEQC_SPLITBAM (SRR013553)"},"reads":{"mean":25081034.5,"min":23709886,"q1":24395460.25,"q2":25081034.5,"q3":25766608.75,"max":26452183,"minLabel":"rnaseq_count:RSEQC_SPLITBAM (SRR013564)","maxLabel":"rnaseq_count:RSEQC_SPLITBAM (SRR013553)","q1Label":"rnaseq_count:RSEQC_SPLITBAM (SRR013564)","q2Label":"rnaseq_count:RSEQC_SPLITBAM (SRR013564)","q3Label":"rnaseq_count:RSEQC_SPLITBAM (SRR013564)"},"cpu":{"mean":155.4,"min":154.6,"q1":155,"q2":155.4,"q3":155.8,"max":156.2,"minLabel":"rnaseq_count:RSEQC_SPLITBAM (SRR013564)","maxLabel":"rnaseq_count:RSEQC_SPLITBAM (SRR013553)","q1Label":"rnaseq_count:RSEQC_SPLITBAM (SRR013564)","q2Label":"rnaseq_count:RSEQC_SPLITBAM (SRR013564)","q3Label":"rnaseq_count:RSEQC_SPLITBAM (SRR013564)"},"time":{"mean":4000,"min":4000,"q1":4000,"q2":4000,"q3":4000,"max":4000,"minLabel":"rnaseq_count:RSEQC_SPLITBAM (SRR013553)","maxLabel":"rnaseq_count:RSEQC_SPLITBAM (SRR013564)","q1Label":"rnaseq_count:RSEQC_SPLITBAM (SRR013553)","q2Label":"rnaseq_count:RSEQC_SPLITBAM (SRR013553)","q3Label":"rnaseq_count:RSEQC_SPLITBAM (SRR013553)"},"writes":{"mean":4474588,"min":3297911,"q1":3886249.5,"q2":4474588,"q3":5062926.5,"max":5651265,"minLabel":"rnaseq_count:RSEQC_SPLITBAM (SRR013564)","maxLabel":"rnaseq_count:RSEQC_SPLITBAM (SRR013553)","q1Label":"rnaseq_count:RSEQC_SPLITBAM (SRR013564)","q2Label":"rnaseq_count:RSEQC_SPLITBAM (SRR013564)","q3Label":"rnaseq_count:RSEQC_SPLITBAM (SRR013564)"}},{"cpuUsage":{"mean":106.05,"min":103.6,"q1":104.82,"q2":106.05,"q3":107.28,"max":108.5,"minLabel":"rnaseq_count:RSEQC_TIN (SRR013553)","maxLabel":"rnaseq_count:RSEQC_TIN (SRR013564)","q1Label":"rnaseq_count:RSEQC_TIN (SRR013553)","q2Label":"rnaseq_count:RSEQC_TIN (SRR013553)","q3Label":"rnaseq_count:RSEQC_TIN (SRR013553)"},"process":"RSEQC_TIN","mem":{"mean":44511232,"min":43175936,"q1":43843584,"q2":44511232,"q3":45178880,"max":45846528,"minLabel":"rnaseq_count:RSEQC_TIN (SRR013564)","maxLabel":"rnaseq_count:RSEQC_TIN (SRR013553)","q1Label":"rnaseq_count:RSEQC_TIN (SRR013564)","q2Label":"rnaseq_count:RSEQC_TIN (SRR013564)","q3Label":"rnaseq_count:RSEQC_TIN (SRR013564)"},"memUsage":{"mean":556390400,"min":539699200,"q1":548044800,"q2":556390400,"q3":564736000,"max":573081600,"minLabel":"rnaseq_count:RSEQC_TIN (SRR013564)","maxLabel":"rnaseq_count:RSEQC_TIN (SRR013553)","q1Label":"rnaseq_count:RSEQC_TIN (SRR013564)","q2Label":"rnaseq_count:RSEQC_TIN (SRR013564)","q3Label":"rnaseq_count:RSEQC_TIN (SRR013564)"},"timeUsage":null,"vmem":{"mean":1068546048,"min":1068285952,"q1":1068416000,"q2":1068546048,"q3":1068676096,"max":1068806144,"minLabel":"rnaseq_count:RSEQC_TIN (SRR013564)","maxLabel":"rnaseq_count:RSEQC_TIN (SRR013553)","q1Label":"rnaseq_count:RSEQC_TIN (SRR013564)","q2Label":"rnaseq_count:RSEQC_TIN (SRR013564)","q3Label":"rnaseq_count:RSEQC_TIN (SRR013564)"},"reads":{"mean":1518673883.5,"min":952300937,"q1":1235487410.25,"q2":1518673883.5,"q3":1801860356.75,"max":2085046830,"minLabel":"rnaseq_count:RSEQC_TIN (SRR013564)","maxLabel":"rnaseq_count:RSEQC_TIN (SRR013553)","q1Label":"rnaseq_count:RSEQC_TIN (SRR013564)","q2Label":"rnaseq_count:RSEQC_TIN (SRR013564)","q3Label":"rnaseq_count:RSEQC_TIN (SRR013564)"},"cpu":{"mean":106.05,"min":103.6,"q1":104.82,"q2":106.05,"q3":107.28,"max":108.5,"minLabel":"rnaseq_count:RSEQC_TIN (SRR013553)","maxLabel":"rnaseq_count:RSEQC_TIN (SRR013564)","q1Label":"rnaseq_count:RSEQC_TIN (SRR013553)","q2Label":"rnaseq_count:RSEQC_TIN (SRR013553)","q3Label":"rnaseq_count:RSEQC_TIN (SRR013553)"},"time":{"mean":47500,"min":28000,"q1":37750,"q2":47500,"q3":57250,"max":67000,"minLabel":"rnaseq_count:RSEQC_TIN (SRR013564)","maxLabel":"rnaseq_count:RSEQC_TIN (SRR013553)","q1Label":"rnaseq_count:RSEQC_TIN (SRR013564)","q2Label":"rnaseq_count:RSEQC_TIN (SRR013564)","q3Label":"rnaseq_count:RSEQC_TIN (SRR013564)"},"writes":{"mean":7073722,"min":7072496,"q1":7073109,"q2":7073722,"q3":7074335,"max":7074948,"minLabel":"rnaseq_count:RSEQC_TIN (SRR013564)","maxLabel":"rnaseq_count:RSEQC_TIN (SRR013553)","q1Label":"rnaseq_count:RSEQC_TIN (SRR013564)","q2Label":"rnaseq_count:RSEQC_TIN (SRR013564)","q3Label":"rnaseq_count:RSEQC_TIN (SRR013564)"}},{"cpuUsage":{"mean":105.3,"min":105,"q1":105.15,"q2":105.3,"q3":105.45,"max":105.6,"minLabel":"rnaseq_count:RSEQC_READDISTRIBUTION (SRR013564)","maxLabel":"rnaseq_count:RSEQC_READDISTRIBUTION (SRR013553)","q1Label":"rnaseq_count:RSEQC_READDISTRIBUTION (SRR013564)","q2Label":"rnaseq_count:RSEQC_READDISTRIBUTION (SRR013564)","q3Label":"rnaseq_count:RSEQC_READDISTRIBUTION (SRR013564)"},"process":"RSEQC_READDISTRIBUTION","mem":{"mean":977700864,"min":976232448,"q1":976966656,"q2":977700864,"q3":978435072,"max":979169280,"minLabel":"rnaseq_count:RSEQC_READDISTRIBUTION (SRR013564)","maxLabel":"rnaseq_count:RSEQC_READDISTRIBUTION (SRR013553)","q1Label":"rnaseq_count:RSEQC_READDISTRIBUTION (SRR013564)","q2Label":"rnaseq_count:RSEQC_READDISTRIBUTION (SRR013564)","q3Label":"rnaseq_count:RSEQC_READDISTRIBUTION (SRR013564)"},"memUsage":{"mean":12221260800,"min":12202905600,"q1":12212083200,"q2":12221260800,"q3":12230438400,"max":12239616000,"minLabel":"rnaseq_count:RSEQC_READDISTRIBUTION (SRR013564)","maxLabel":"rnaseq_count:RSEQC_READDISTRIBUTION (SRR013553)","q1Label":"rnaseq_count:RSEQC_READDISTRIBUTION (SRR013564)","q2Label":"rnaseq_count:RSEQC_READDISTRIBUTION (SRR013564)","q3Label":"rnaseq_count:RSEQC_READDISTRIBUTION (SRR013564)"},"timeUsage":null,"vmem":{"mean":2002401280,"min":1995722752,"q1":1999062016,"q2":2002401280,"q3":2005740544,"max":2009079808,"minLabel":"rnaseq_count:RSEQC_READDISTRIBUTION (SRR013564)","maxLabel":"rnaseq_count:RSEQC_READDISTRIBUTION (SRR013553)","q1Label":"rnaseq_count:RSEQC_READDISTRIBUTION (SRR013564)","q2Label":"rnaseq_count:RSEQC_READDISTRIBUTION (SRR013564)","q3Label":"rnaseq_count:RSEQC_READDISTRIBUTION (SRR013564)"},"reads":{"mean":241945982,"min":240574834,"q1":241260408,"q2":241945982,"q3":242631556,"max":243317130,"minLabel":"rnaseq_count:RSEQC_READDISTRIBUTION (SRR013564)","maxLabel":"rnaseq_count:RSEQC_READDISTRIBUTION (SRR013553)","q1Label":"rnaseq_count:RSEQC_READDISTRIBUTION (SRR013564)","q2Label":"rnaseq_count:RSEQC_READDISTRIBUTION (SRR013564)","q3Label":"rnaseq_count:RSEQC_READDISTRIBUTION (SRR013564)"},"cpu":{"mean":105.3,"min":105,"q1":105.15,"q2":105.3,"q3":105.45,"max":105.6,"minLabel":"rnaseq_count:RSEQC_READDISTRIBUTION (SRR013564)","maxLabel":"rnaseq_count:RSEQC_READDISTRIBUTION (SRR013553)","q1Label":"rnaseq_count:RSEQC_READDISTRIBUTION (SRR013564)","q2Label":"rnaseq_count:RSEQC_READDISTRIBUTION (SRR013564)","q3Label":"rnaseq_count:RSEQC_READDISTRIBUTION (SRR013564)"},"time":{"mean":42500,"min":39000,"q1":40750,"q2":42500,"q3":44250,"max":46000,"minLabel":"rnaseq_count:RSEQC_READDISTRIBUTION (SRR013553)","maxLabel":"rnaseq_count:RSEQC_READDISTRIBUTION (SRR013564)","q1Label":"rnaseq_count:RSEQC_READDISTRIBUTION (SRR013553)","q2Label":"rnaseq_count:RSEQC_READDISTRIBUTION (SRR013553)","q3Label":"rnaseq_count:RSEQC_READDISTRIBUTION (SRR013553)"},"writes":{"mean":1587,"min":1586,"q1":1586.5,"q2":1587,"q3":1587.5,"max":1588,"minLabel":"rnaseq_count:RSEQC_READDISTRIBUTION (SRR013564)","maxLabel":"rnaseq_count:RSEQC_READDISTRIBUTION (SRR013553)","q1Label":"rnaseq_count:RSEQC_READDISTRIBUTION (SRR013564)","q2Label":"rnaseq_count:RSEQC_READDISTRIBUTION (SRR013564)","q3Label":"rnaseq_count:RSEQC_READDISTRIBUTION (SRR013564)"}},{"cpuUsage":{"mean":114.5,"min":114.5,"q1":114.5,"q2":114.5,"q3":114.5,"max":114.5,"minLabel":"rnaseq_count:MULTIQC (1)","maxLabel":"rnaseq_count:MULTIQC (1)","q1Label":"rnaseq_count:MULTIQC (1)","q2Label":"rnaseq_count:MULTIQC (1)","q3Label":"rnaseq_count:MULTIQC (1)"},"process":"MULTIQC","mem":{"mean":84303872,"min":84303872,"q1":84303872,"q2":84303872,"q3":84303872,"max":84303872,"minLabel":"rnaseq_count:MULTIQC (1)","maxLabel":"rnaseq_count:MULTIQC (1)","q1Label":"rnaseq_count:MULTIQC (1)","q2Label":"rnaseq_count:MULTIQC (1)","q3Label":"rnaseq_count:MULTIQC (1)"},"memUsage":{"mean":0.98,"min":0.98,"q1":0.98,"q2":0.98,"q3":0.98,"max":0.98,"minLabel":"rnaseq_count:MULTIQC (1)","maxLabel":"rnaseq_count:MULTIQC (1)","q1Label":"rnaseq_count:MULTIQC (1)","q2Label":"rnaseq_count:MULTIQC (1)","q3Label":"rnaseq_count:MULTIQC (1)"},"timeUsage":null,"vmem":{"mean":3940847616,"min":3940847616,"q1":3940847616,"q2":3940847616,"q3":3940847616,"max":3940847616,"minLabel":"rnaseq_count:MULTIQC (1)","maxLabel":"rnaseq_count:MULTIQC (1)","q1Label":"rnaseq_count:MULTIQC (1)","q2Label":"rnaseq_count:MULTIQC (1)","q3Label":"rnaseq_count:MULTIQC (1)"},"reads":{"mean":68301252,"min":68301252,"q1":68301252,"q2":68301252,"q3":68301252,"max":68301252,"minLabel":"rnaseq_count:MULTIQC (1)","maxLabel":"rnaseq_count:MULTIQC (1)","q1Label":"rnaseq_count:MULTIQC (1)","q2Label":"rnaseq_count:MULTIQC (1)","q3Label":"rnaseq_count:MULTIQC (1)"},"cpu":{"mean":114.5,"min":114.5,"q1":114.5,"q2":114.5,"q3":114.5,"max":114.5,"minLabel":"rnaseq_count:MULTIQC (1)","maxLabel":"rnaseq_count:MULTIQC (1)","q1Label":"rnaseq_count:MULTIQC (1)","q2Label":"rnaseq_count:MULTIQC (1)","q3Label":"rnaseq_count:MULTIQC (1)"},"time":{"mean":10601,"min":10601,"q1":10601,"q2":10601,"q3":10601,"max":10601,"minLabel":"rnaseq_count:MULTIQC (1)","maxLabel":"rnaseq_count:MULTIQC (1)","q1Label":"rnaseq_count:MULTIQC (1)","q2Label":"rnaseq_count:MULTIQC (1)","q3Label":"rnaseq_count:MULTIQC (1)"},"writes":{"mean":2521217,"min":2521217,"q1":2521217,"q2":2521217,"q3":2521217,"max":2521217,"minLabel":"rnaseq_count:MULTIQC (1)","maxLabel":"rnaseq_count:MULTIQC (1)","q1Label":"rnaseq_count:MULTIQC (1)","q2Label":"rnaseq_count:MULTIQC (1)","q3Label":"rnaseq_count:MULTIQC (1)"}}]
Jun-27 16:06:32.342 [main] DEBUG nextflow.cache.CacheDB - Closing CacheDB done
Jun-27 16:06:32.363 [main] DEBUG nextflow.script.ScriptRunner - > Execution complete -- Goodbye
